INFO:root:Block 0: alpha=0.5000, beta=0.5000
INFO:root:Block 1: alpha=0.5000, beta=0.5000
INFO:root:Block 2: alpha=0.5000, beta=0.5000
INFO:root:Block 3: alpha=0.5000, beta=0.5000
INFO:root:train epoch: 0, Train loss: 3.6642, lr: 0.00010
INFO:root:epoch:0
INFO:root:before_valid:  epoch(batch)0:  CPUメモリ使用量: 70.40%, 全メモリ: 15.82 GB, 使用中メモリ: 11.14 GB, 空きメモリ: 4.68 GB
INFO:root:before_valid:  epoch(batch)0:  GPUメモリ使用量: 19.10 MB / 確保済み: 54.00 MB
INFO:root:Batch:0
INFO:root:test:  epoch(batch)0:  CPUメモリ使用量: 70.40%, 全メモリ: 15.82 GB, 使用中メモリ: 11.13 GB, 空きメモリ: 4.68 GB
INFO:root:test:  epoch(batch)0:  GPUメモリ使用量: 19.35 MB / 確保済み: 54.00 MB
INFO:root:Valid loss: 3.2935, Valid Accuracy: 0.0833
INFO:root:Validation loss improved to 3.2935.
INFO:root:after_valid:  epoch(batch)0:  CPUメモリ使用量: 70.60%, 全メモリ: 15.82 GB, 使用中メモリ: 11.17 GB, 空きメモリ: 4.65 GB
INFO:root:after_valid:  epoch(batch)0:  GPUメモリ使用量: 19.10 MB / 確保済み: 54.00 MB
INFO:root:Block 0: alpha=0.4953, beta=0.4865
INFO:root:Block 1: alpha=0.4941, beta=0.4884
INFO:root:Block 2: alpha=0.4955, beta=0.4929
INFO:root:Block 3: alpha=0.4953, beta=0.4959
INFO:root:train epoch: 1, Train loss: 3.0869, lr: 0.00010
INFO:root:Block 0: alpha=0.4931, beta=0.4854
INFO:root:Block 1: alpha=0.4916, beta=0.4869
INFO:root:Block 2: alpha=0.4931, beta=0.4884
INFO:root:Block 3: alpha=0.4922, beta=0.4943
INFO:root:train epoch: 2, Train loss: 2.8315, lr: 0.00010
INFO:root:Block 0: alpha=0.4912, beta=0.4866
INFO:root:Block 1: alpha=0.4907, beta=0.4865
INFO:root:Block 2: alpha=0.4924, beta=0.4866
INFO:root:Block 3: alpha=0.4919, beta=0.4939
INFO:root:train epoch: 3, Train loss: 2.6970, lr: 0.00010
INFO:root:Block 0: alpha=0.4901, beta=0.4876
INFO:root:Block 1: alpha=0.4890, beta=0.4866
INFO:root:Block 2: alpha=0.4919, beta=0.4859
INFO:root:Block 3: alpha=0.4920, beta=0.4938
INFO:root:train epoch: 4, Train loss: 2.5205, lr: 0.00010
INFO:root:Block 0: alpha=0.4886, beta=0.4891
INFO:root:Block 1: alpha=0.4875, beta=0.4864
INFO:root:Block 2: alpha=0.4917, beta=0.4847
INFO:root:Block 3: alpha=0.4925, beta=0.4931
INFO:root:train epoch: 5, Train loss: 2.3523, lr: 0.00010
INFO:root:epoch:5
INFO:root:before_valid:  epoch(batch)5:  CPUメモリ使用量: 70.00%, 全メモリ: 15.82 GB, 使用中メモリ: 11.07 GB, 空きメモリ: 4.75 GB
INFO:root:before_valid:  epoch(batch)5:  GPUメモリ使用量: 19.10 MB / 確保済み: 54.00 MB
INFO:root:Batch:0
INFO:root:test:  epoch(batch)0:  CPUメモリ使用量: 70.00%, 全メモリ: 15.82 GB, 使用中メモリ: 11.07 GB, 空きメモリ: 4.75 GB
INFO:root:test:  epoch(batch)0:  GPUメモリ使用量: 19.35 MB / 確保済み: 54.00 MB
INFO:root:Valid loss: 2.2926, Valid Accuracy: 0.3243
INFO:root:Validation loss improved to 2.2926.
INFO:root:after_valid:  epoch(batch)5:  CPUメモリ使用量: 69.90%, 全メモリ: 15.82 GB, 使用中メモリ: 11.06 GB, 空きメモリ: 4.76 GB
INFO:root:after_valid:  epoch(batch)5:  GPUメモリ使用量: 19.10 MB / 確保済み: 54.00 MB
INFO:root:Block 0: alpha=0.4871, beta=0.4913
INFO:root:Block 1: alpha=0.4857, beta=0.4865
INFO:root:Block 2: alpha=0.4917, beta=0.4843
INFO:root:Block 3: alpha=0.4929, beta=0.4925
INFO:root:train epoch: 6, Train loss: 2.1762, lr: 0.00010
INFO:root:Block 0: alpha=0.4857, beta=0.4944
INFO:root:Block 1: alpha=0.4841, beta=0.4867
INFO:root:Block 2: alpha=0.4912, beta=0.4842
INFO:root:Block 3: alpha=0.4935, beta=0.4923
INFO:root:train epoch: 7, Train loss: 2.0408, lr: 0.00010
INFO:root:Block 0: alpha=0.4834, beta=0.4970
INFO:root:Block 1: alpha=0.4829, beta=0.4871
INFO:root:Block 2: alpha=0.4901, beta=0.4843
INFO:root:Block 3: alpha=0.4932, beta=0.4922
INFO:root:train epoch: 8, Train loss: 1.9098, lr: 0.00010
INFO:root:Block 0: alpha=0.4816, beta=0.4998
INFO:root:Block 1: alpha=0.4820, beta=0.4873
INFO:root:Block 2: alpha=0.4892, beta=0.4845
INFO:root:Block 3: alpha=0.4931, beta=0.4920
INFO:root:train epoch: 9, Train loss: 1.7723, lr: 0.00010
INFO:root:Block 0: alpha=0.4800, beta=0.5021
INFO:root:Block 1: alpha=0.4807, beta=0.4876
INFO:root:Block 2: alpha=0.4883, beta=0.4848
INFO:root:Block 3: alpha=0.4917, beta=0.4920
INFO:root:train epoch: 10, Train loss: 1.6343, lr: 0.00010
INFO:root:epoch:10
INFO:root:before_valid:  epoch(batch)10:  CPUメモリ使用量: 69.80%, 全メモリ: 15.82 GB, 使用中メモリ: 11.05 GB, 空きメモリ: 4.77 GB
INFO:root:before_valid:  epoch(batch)10:  GPUメモリ使用量: 19.10 MB / 確保済み: 52.00 MB
INFO:root:Batch:0
INFO:root:test:  epoch(batch)0:  CPUメモリ使用量: 69.90%, 全メモリ: 15.82 GB, 使用中メモリ: 11.05 GB, 空きメモリ: 4.77 GB
INFO:root:test:  epoch(batch)0:  GPUメモリ使用量: 19.35 MB / 確保済み: 52.00 MB
INFO:root:Valid loss: 1.6541, Valid Accuracy: 0.4739
INFO:root:Validation loss improved to 1.6541.
INFO:root:after_valid:  epoch(batch)10:  CPUメモリ使用量: 69.90%, 全メモリ: 15.82 GB, 使用中メモリ: 11.06 GB, 空きメモリ: 4.76 GB
INFO:root:after_valid:  epoch(batch)10:  GPUメモリ使用量: 19.10 MB / 確保済み: 52.00 MB
INFO:root:Block 0: alpha=0.4786, beta=0.5037
INFO:root:Block 1: alpha=0.4795, beta=0.4876
INFO:root:Block 2: alpha=0.4876, beta=0.4849
INFO:root:Block 3: alpha=0.4895, beta=0.4920
INFO:root:train epoch: 11, Train loss: 1.5147, lr: 0.00010
INFO:root:Block 0: alpha=0.4772, beta=0.5049
INFO:root:Block 1: alpha=0.4786, beta=0.4875
INFO:root:Block 2: alpha=0.4869, beta=0.4852
INFO:root:Block 3: alpha=0.4869, beta=0.4917
INFO:root:train epoch: 12, Train loss: 1.4150, lr: 0.00010
INFO:root:Block 0: alpha=0.4765, beta=0.5061
INFO:root:Block 1: alpha=0.4779, beta=0.4872
INFO:root:Block 2: alpha=0.4863, beta=0.4854
INFO:root:Block 3: alpha=0.4846, beta=0.4915
INFO:root:train epoch: 13, Train loss: 1.3179, lr: 0.00010
INFO:root:Block 0: alpha=0.4755, beta=0.5072
INFO:root:Block 1: alpha=0.4772, beta=0.4870
INFO:root:Block 2: alpha=0.4848, beta=0.4856
INFO:root:Block 3: alpha=0.4822, beta=0.4909
INFO:root:train epoch: 14, Train loss: 1.2317, lr: 0.00010
INFO:root:Block 0: alpha=0.4746, beta=0.5083
INFO:root:Block 1: alpha=0.4767, beta=0.4866
INFO:root:Block 2: alpha=0.4841, beta=0.4859
INFO:root:Block 3: alpha=0.4798, beta=0.4906
INFO:root:train epoch: 15, Train loss: 1.1488, lr: 0.00010
INFO:root:epoch:15
INFO:root:before_valid:  epoch(batch)15:  CPUメモリ使用量: 70.10%, 全メモリ: 15.82 GB, 使用中メモリ: 11.08 GB, 空きメモリ: 4.74 GB
INFO:root:before_valid:  epoch(batch)15:  GPUメモリ使用量: 19.10 MB / 確保済み: 54.00 MB
INFO:root:Batch:0
INFO:root:test:  epoch(batch)0:  CPUメモリ使用量: 70.10%, 全メモリ: 15.82 GB, 使用中メモリ: 11.08 GB, 空きメモリ: 4.73 GB
INFO:root:test:  epoch(batch)0:  GPUメモリ使用量: 19.35 MB / 確保済み: 54.00 MB
INFO:root:Valid loss: 1.1793, Valid Accuracy: 0.6064
INFO:root:Validation loss improved to 1.1793.
INFO:root:after_valid:  epoch(batch)15:  CPUメモリ使用量: 69.90%, 全メモリ: 15.82 GB, 使用中メモリ: 11.06 GB, 空きメモリ: 4.75 GB
INFO:root:after_valid:  epoch(batch)15:  GPUメモリ使用量: 19.10 MB / 確保済み: 54.00 MB
INFO:root:Block 0: alpha=0.4735, beta=0.5094
INFO:root:Block 1: alpha=0.4765, beta=0.4863
INFO:root:Block 2: alpha=0.4829, beta=0.4858
INFO:root:Block 3: alpha=0.4780, beta=0.4906
INFO:root:train epoch: 16, Train loss: 1.0585, lr: 0.00010
INFO:root:Block 0: alpha=0.4729, beta=0.5103
INFO:root:Block 1: alpha=0.4760, beta=0.4861
INFO:root:Block 2: alpha=0.4817, beta=0.4861
INFO:root:Block 3: alpha=0.4758, beta=0.4904
INFO:root:train epoch: 17, Train loss: 0.9878, lr: 0.00010
INFO:root:Block 0: alpha=0.4721, beta=0.5113
INFO:root:Block 1: alpha=0.4756, beta=0.4857
INFO:root:Block 2: alpha=0.4806, beta=0.4862
INFO:root:Block 3: alpha=0.4740, beta=0.4899
INFO:root:train epoch: 18, Train loss: 0.9165, lr: 0.00010
INFO:root:Block 0: alpha=0.4713, beta=0.5121
INFO:root:Block 1: alpha=0.4751, beta=0.4855
INFO:root:Block 2: alpha=0.4799, beta=0.4867
INFO:root:Block 3: alpha=0.4727, beta=0.4896
INFO:root:train epoch: 19, Train loss: 0.8686, lr: 0.00010
INFO:root:Block 0: alpha=0.4705, beta=0.5128
INFO:root:Block 1: alpha=0.4744, beta=0.4852
INFO:root:Block 2: alpha=0.4791, beta=0.4868
INFO:root:Block 3: alpha=0.4710, beta=0.4896
INFO:root:train epoch: 20, Train loss: 0.8269, lr: 0.00010
INFO:root:epoch:20
INFO:root:before_valid:  epoch(batch)20:  CPUメモリ使用量: 69.80%, 全メモリ: 15.82 GB, 使用中メモリ: 11.04 GB, 空きメモリ: 4.78 GB
INFO:root:before_valid:  epoch(batch)20:  GPUメモリ使用量: 19.10 MB / 確保済み: 54.00 MB
INFO:root:Batch:0
INFO:root:test:  epoch(batch)0:  CPUメモリ使用量: 69.80%, 全メモリ: 15.82 GB, 使用中メモリ: 11.04 GB, 空きメモリ: 4.78 GB
INFO:root:test:  epoch(batch)0:  GPUメモリ使用量: 19.35 MB / 確保済み: 54.00 MB
INFO:root:Valid loss: 0.9534, Valid Accuracy: 0.6837
INFO:root:Validation loss improved to 0.9534.
INFO:root:after_valid:  epoch(batch)20:  CPUメモリ使用量: 69.90%, 全メモリ: 15.82 GB, 使用中メモリ: 11.05 GB, 空きメモリ: 4.77 GB
INFO:root:after_valid:  epoch(batch)20:  GPUメモリ使用量: 19.10 MB / 確保済み: 54.00 MB
INFO:root:Block 0: alpha=0.4699, beta=0.5138
INFO:root:Block 1: alpha=0.4739, beta=0.4850
INFO:root:Block 2: alpha=0.4780, beta=0.4866
INFO:root:Block 3: alpha=0.4692, beta=0.4896
INFO:root:train epoch: 21, Train loss: 0.7778, lr: 0.00010
INFO:root:Block 0: alpha=0.4694, beta=0.5146
INFO:root:Block 1: alpha=0.4730, beta=0.4849
INFO:root:Block 2: alpha=0.4772, beta=0.4869
INFO:root:Block 3: alpha=0.4677, beta=0.4900
INFO:root:train epoch: 22, Train loss: 0.7355, lr: 0.00010
INFO:root:Block 0: alpha=0.4684, beta=0.5153
INFO:root:Block 1: alpha=0.4722, beta=0.4847
INFO:root:Block 2: alpha=0.4766, beta=0.4871
INFO:root:Block 3: alpha=0.4666, beta=0.4903
INFO:root:train epoch: 23, Train loss: 0.7025, lr: 0.00010
INFO:root:Block 0: alpha=0.4677, beta=0.5160
INFO:root:Block 1: alpha=0.4715, beta=0.4846
INFO:root:Block 2: alpha=0.4756, beta=0.4873
INFO:root:Block 3: alpha=0.4652, beta=0.4909
INFO:root:train epoch: 24, Train loss: 0.6594, lr: 0.00010
INFO:root:Block 0: alpha=0.4668, beta=0.5164
INFO:root:Block 1: alpha=0.4708, beta=0.4845
INFO:root:Block 2: alpha=0.4746, beta=0.4876
INFO:root:Block 3: alpha=0.4638, beta=0.4914
INFO:root:train epoch: 25, Train loss: 0.6266, lr: 0.00010
INFO:root:epoch:25
INFO:root:before_valid:  epoch(batch)25:  CPUメモリ使用量: 69.80%, 全メモリ: 15.82 GB, 使用中メモリ: 11.04 GB, 空きメモリ: 4.77 GB
INFO:root:before_valid:  epoch(batch)25:  GPUメモリ使用量: 19.10 MB / 確保済み: 54.00 MB
INFO:root:Batch:0
INFO:root:test:  epoch(batch)0:  CPUメモリ使用量: 69.80%, 全メモリ: 15.82 GB, 使用中メモリ: 11.04 GB, 空きメモリ: 4.77 GB
INFO:root:test:  epoch(batch)0:  GPUメモリ使用量: 19.35 MB / 確保済み: 54.00 MB
INFO:root:Valid loss: 0.7589, Valid Accuracy: 0.7470
INFO:root:Validation loss improved to 0.7589.
INFO:root:after_valid:  epoch(batch)25:  CPUメモリ使用量: 69.80%, 全メモリ: 15.82 GB, 使用中メモリ: 11.05 GB, 空きメモリ: 4.77 GB
INFO:root:after_valid:  epoch(batch)25:  GPUメモリ使用量: 19.10 MB / 確保済み: 54.00 MB
INFO:root:Block 0: alpha=0.4660, beta=0.5171
INFO:root:Block 1: alpha=0.4703, beta=0.4844
INFO:root:Block 2: alpha=0.4740, beta=0.4878
INFO:root:Block 3: alpha=0.4622, beta=0.4919
INFO:root:train epoch: 26, Train loss: 0.6050, lr: 0.00010
INFO:root:Block 0: alpha=0.4653, beta=0.5175
INFO:root:Block 1: alpha=0.4696, beta=0.4843
INFO:root:Block 2: alpha=0.4738, beta=0.4878
INFO:root:Block 3: alpha=0.4613, beta=0.4927
INFO:root:train epoch: 27, Train loss: 0.5843, lr: 0.00010
INFO:root:Block 0: alpha=0.4647, beta=0.5182
INFO:root:Block 1: alpha=0.4688, beta=0.4842
INFO:root:Block 2: alpha=0.4732, beta=0.4879
INFO:root:Block 3: alpha=0.4598, beta=0.4935
INFO:root:train epoch: 28, Train loss: 0.5601, lr: 0.00010
INFO:root:Block 0: alpha=0.4641, beta=0.5187
INFO:root:Block 1: alpha=0.4680, beta=0.4840
INFO:root:Block 2: alpha=0.4727, beta=0.4880
INFO:root:Block 3: alpha=0.4590, beta=0.4944
INFO:root:train epoch: 29, Train loss: 0.5177, lr: 0.00010
INFO:root:Batch:0
INFO:root:test:  epoch(batch)0:  CPUメモリ使用量: 69.70%, 全メモリ: 15.82 GB, 使用中メモリ: 11.03 GB, 空きメモリ: 4.79 GB
INFO:root:test:  epoch(batch)0:  GPUメモリ使用量: 19.35 MB / 確保済み: 54.00 MB
INFO:root:Test loss: 0.5721, Accuracy: 0.8034, Spearman score: 0.9954, Precision top Attn80% score: 0.9475
INFO:root:amount of pair:63808
INFO:root:Time: 1949.1928 seconds
