INFO:root:train epoch: 0, Train loss: 2.3774, lr: 0.00010
INFO:root:epoch:0
INFO:root:before_valid:  epoch(batch)0:  CPUメモリ使用量: 83.70%, 全メモリ: 15.82 GB, 使用中メモリ: 13.24 GB, 空きメモリ: 2.58 GB
INFO:root:before_valid:  epoch(batch)0:  GPUメモリ使用量: 18.14 MB / 確保済み: 54.00 MB
INFO:root:Batch:0
INFO:root:test:  epoch(batch)0:  CPUメモリ使用量: 83.70%, 全メモリ: 15.82 GB, 使用中メモリ: 13.23 GB, 空きメモリ: 2.58 GB
INFO:root:test:  epoch(batch)0:  GPUメモリ使用量: 18.39 MB / 確保済み: 54.00 MB
INFO:root:Batch:100
INFO:root:test:  epoch(batch)100:  CPUメモリ使用量: 83.50%, 全メモリ: 15.82 GB, 使用中メモリ: 13.20 GB, 空きメモリ: 2.61 GB
INFO:root:test:  epoch(batch)100:  GPUメモリ使用量: 18.64 MB / 確保済み: 54.00 MB
INFO:root:Batch:200
INFO:root:test:  epoch(batch)200:  CPUメモリ使用量: 83.70%, 全メモリ: 15.82 GB, 使用中メモリ: 13.23 GB, 空きメモリ: 2.59 GB
INFO:root:test:  epoch(batch)200:  GPUメモリ使用量: 18.64 MB / 確保済み: 54.00 MB
INFO:root:Batch:300
INFO:root:test:  epoch(batch)300:  CPUメモリ使用量: 83.90%, 全メモリ: 15.82 GB, 使用中メモリ: 13.26 GB, 空きメモリ: 2.55 GB
INFO:root:test:  epoch(batch)300:  GPUメモリ使用量: 18.64 MB / 確保済み: 54.00 MB
INFO:root:Valid loss: 2.3379, Valid Accuracy: 0.2296
INFO:root:Validation loss improved to 2.3379.
INFO:root:after_valid:  epoch(batch)0:  CPUメモリ使用量: 83.90%, 全メモリ: 15.82 GB, 使用中メモリ: 13.28 GB, 空きメモリ: 2.54 GB
INFO:root:after_valid:  epoch(batch)0:  GPUメモリ使用量: 18.14 MB / 確保済み: 54.00 MB
INFO:root:train epoch: 1, Train loss: 2.2355, lr: 0.00010
INFO:root:train epoch: 2, Train loss: 2.0838, lr: 0.00010
INFO:root:train epoch: 3, Train loss: 1.9290, lr: 0.00010
INFO:root:train epoch: 4, Train loss: 1.7923, lr: 0.00010
INFO:root:train epoch: 5, Train loss: 1.6800, lr: 0.00010
INFO:root:epoch:5
INFO:root:before_valid:  epoch(batch)5:  CPUメモリ使用量: 83.60%, 全メモリ: 15.82 GB, 使用中メモリ: 13.23 GB, 空きメモリ: 2.59 GB
INFO:root:before_valid:  epoch(batch)5:  GPUメモリ使用量: 18.14 MB / 確保済み: 54.00 MB
INFO:root:Batch:0
INFO:root:test:  epoch(batch)0:  CPUメモリ使用量: 83.60%, 全メモリ: 15.82 GB, 使用中メモリ: 13.23 GB, 空きメモリ: 2.59 GB
INFO:root:test:  epoch(batch)0:  GPUメモリ使用量: 18.39 MB / 確保済み: 54.00 MB
INFO:root:Batch:100
INFO:root:test:  epoch(batch)100:  CPUメモリ使用量: 83.80%, 全メモリ: 15.82 GB, 使用中メモリ: 13.26 GB, 空きメモリ: 2.56 GB
INFO:root:test:  epoch(batch)100:  GPUメモリ使用量: 18.64 MB / 確保済み: 54.00 MB
INFO:root:Batch:200
INFO:root:test:  epoch(batch)200:  CPUメモリ使用量: 83.90%, 全メモリ: 15.82 GB, 使用中メモリ: 13.27 GB, 空きメモリ: 2.54 GB
INFO:root:test:  epoch(batch)200:  GPUメモリ使用量: 18.64 MB / 確保済み: 54.00 MB
INFO:root:Batch:300
INFO:root:test:  epoch(batch)300:  CPUメモリ使用量: 84.30%, 全メモリ: 15.82 GB, 使用中メモリ: 13.33 GB, 空きメモリ: 2.49 GB
INFO:root:test:  epoch(batch)300:  GPUメモリ使用量: 18.64 MB / 確保済み: 54.00 MB
INFO:root:Valid loss: 1.7282, Valid Accuracy: 0.4024
INFO:root:Validation loss improved to 1.7282.
INFO:root:after_valid:  epoch(batch)5:  CPUメモリ使用量: 84.20%, 全メモリ: 15.82 GB, 使用中メモリ: 13.32 GB, 空きメモリ: 2.50 GB
INFO:root:after_valid:  epoch(batch)5:  GPUメモリ使用量: 18.14 MB / 確保済み: 54.00 MB
INFO:root:train epoch: 6, Train loss: 1.5847, lr: 0.00010
INFO:root:train epoch: 7, Train loss: 1.4953, lr: 0.00010
INFO:root:train epoch: 8, Train loss: 1.4163, lr: 0.00010
INFO:root:train epoch: 9, Train loss: 1.3373, lr: 0.00010
INFO:root:train epoch: 10, Train loss: 1.2604, lr: 0.00010
INFO:root:epoch:10
INFO:root:before_valid:  epoch(batch)10:  CPUメモリ使用量: 84.30%, 全メモリ: 15.82 GB, 使用中メモリ: 13.34 GB, 空きメモリ: 2.48 GB
INFO:root:before_valid:  epoch(batch)10:  GPUメモリ使用量: 18.14 MB / 確保済み: 54.00 MB
INFO:root:Batch:0
INFO:root:test:  epoch(batch)0:  CPUメモリ使用量: 84.30%, 全メモリ: 15.82 GB, 使用中メモリ: 13.34 GB, 空きメモリ: 2.48 GB
INFO:root:test:  epoch(batch)0:  GPUメモリ使用量: 18.39 MB / 確保済み: 54.00 MB
INFO:root:Batch:100
INFO:root:test:  epoch(batch)100:  CPUメモリ使用量: 84.10%, 全メモリ: 15.82 GB, 使用中メモリ: 13.30 GB, 空きメモリ: 2.52 GB
INFO:root:test:  epoch(batch)100:  GPUメモリ使用量: 18.64 MB / 確保済み: 54.00 MB
INFO:root:Batch:200
INFO:root:test:  epoch(batch)200:  CPUメモリ使用量: 84.10%, 全メモリ: 15.82 GB, 使用中メモリ: 13.30 GB, 空きメモリ: 2.51 GB
INFO:root:test:  epoch(batch)200:  GPUメモリ使用量: 18.64 MB / 確保済み: 54.00 MB
INFO:root:Batch:300
INFO:root:test:  epoch(batch)300:  CPUメモリ使用量: 83.80%, 全メモリ: 15.82 GB, 使用中メモリ: 13.26 GB, 空きメモリ: 2.56 GB
INFO:root:test:  epoch(batch)300:  GPUメモリ使用量: 18.64 MB / 確保済み: 54.00 MB
INFO:root:Valid loss: 1.2484, Valid Accuracy: 0.5865
INFO:root:Validation loss improved to 1.2484.
INFO:root:after_valid:  epoch(batch)10:  CPUメモリ使用量: 83.70%, 全メモリ: 15.82 GB, 使用中メモリ: 13.25 GB, 空きメモリ: 2.57 GB
INFO:root:after_valid:  epoch(batch)10:  GPUメモリ使用量: 18.14 MB / 確保済み: 54.00 MB
INFO:root:train epoch: 11, Train loss: 1.1832, lr: 0.00010
INFO:root:train epoch: 12, Train loss: 1.1131, lr: 0.00010
INFO:root:train epoch: 13, Train loss: 1.0337, lr: 0.00010
INFO:root:train epoch: 14, Train loss: 0.9624, lr: 0.00010
INFO:root:train epoch: 15, Train loss: 0.8944, lr: 0.00010
INFO:root:epoch:15
INFO:root:before_valid:  epoch(batch)15:  CPUメモリ使用量: 84.40%, 全メモリ: 15.82 GB, 使用中メモリ: 13.35 GB, 空きメモリ: 2.47 GB
INFO:root:before_valid:  epoch(batch)15:  GPUメモリ使用量: 18.14 MB / 確保済み: 54.00 MB
INFO:root:Batch:0
INFO:root:test:  epoch(batch)0:  CPUメモリ使用量: 84.40%, 全メモリ: 15.82 GB, 使用中メモリ: 13.35 GB, 空きメモリ: 2.47 GB
INFO:root:test:  epoch(batch)0:  GPUメモリ使用量: 18.39 MB / 確保済み: 54.00 MB
INFO:root:Batch:100
INFO:root:test:  epoch(batch)100:  CPUメモリ使用量: 84.10%, 全メモリ: 15.82 GB, 使用中メモリ: 13.31 GB, 空きメモリ: 2.51 GB
INFO:root:test:  epoch(batch)100:  GPUメモリ使用量: 18.64 MB / 確保済み: 54.00 MB
INFO:root:Batch:200
INFO:root:test:  epoch(batch)200:  CPUメモリ使用量: 84.00%, 全メモリ: 15.82 GB, 使用中メモリ: 13.29 GB, 空きメモリ: 2.53 GB
INFO:root:test:  epoch(batch)200:  GPUメモリ使用量: 18.64 MB / 確保済み: 54.00 MB
INFO:root:Batch:300
INFO:root:test:  epoch(batch)300:  CPUメモリ使用量: 84.10%, 全メモリ: 15.82 GB, 使用中メモリ: 13.31 GB, 空きメモリ: 2.51 GB
INFO:root:test:  epoch(batch)300:  GPUメモリ使用量: 18.64 MB / 確保済み: 54.00 MB
INFO:root:Valid loss: 0.8978, Valid Accuracy: 0.7102
INFO:root:Validation loss improved to 0.8978.
INFO:root:after_valid:  epoch(batch)15:  CPUメモリ使用量: 84.10%, 全メモリ: 15.82 GB, 使用中メモリ: 13.30 GB, 空きメモリ: 2.51 GB
INFO:root:after_valid:  epoch(batch)15:  GPUメモリ使用量: 18.14 MB / 確保済み: 54.00 MB
INFO:root:train epoch: 16, Train loss: 0.8303, lr: 0.00010
INFO:root:train epoch: 17, Train loss: 0.7730, lr: 0.00010
INFO:root:train epoch: 18, Train loss: 0.7181, lr: 0.00010
INFO:root:train epoch: 19, Train loss: 0.6726, lr: 0.00010
INFO:root:train epoch: 20, Train loss: 0.6196, lr: 0.00010
INFO:root:epoch:20
INFO:root:before_valid:  epoch(batch)20:  CPUメモリ使用量: 84.50%, 全メモリ: 15.82 GB, 使用中メモリ: 13.36 GB, 空きメモリ: 2.45 GB
INFO:root:before_valid:  epoch(batch)20:  GPUメモリ使用量: 18.14 MB / 確保済み: 54.00 MB
INFO:root:Batch:0
INFO:root:test:  epoch(batch)0:  CPUメモリ使用量: 84.50%, 全メモリ: 15.82 GB, 使用中メモリ: 13.36 GB, 空きメモリ: 2.46 GB
INFO:root:test:  epoch(batch)0:  GPUメモリ使用量: 18.39 MB / 確保済み: 54.00 MB
INFO:root:Batch:100
INFO:root:test:  epoch(batch)100:  CPUメモリ使用量: 84.60%, 全メモリ: 15.82 GB, 使用中メモリ: 13.38 GB, 空きメモリ: 2.44 GB
INFO:root:test:  epoch(batch)100:  GPUメモリ使用量: 18.64 MB / 確保済み: 54.00 MB
INFO:root:Batch:200
INFO:root:test:  epoch(batch)200:  CPUメモリ使用量: 84.70%, 全メモリ: 15.82 GB, 使用中メモリ: 13.40 GB, 空きメモリ: 2.42 GB
INFO:root:test:  epoch(batch)200:  GPUメモリ使用量: 18.64 MB / 確保済み: 54.00 MB
INFO:root:Batch:300
INFO:root:test:  epoch(batch)300:  CPUメモリ使用量: 85.20%, 全メモリ: 15.82 GB, 使用中メモリ: 13.48 GB, 空きメモリ: 2.34 GB
INFO:root:test:  epoch(batch)300:  GPUメモリ使用量: 18.64 MB / 確保済み: 54.00 MB
INFO:root:Valid loss: 0.6663, Valid Accuracy: 0.7844
INFO:root:Validation loss improved to 0.6663.
INFO:root:after_valid:  epoch(batch)20:  CPUメモリ使用量: 85.10%, 全メモリ: 15.82 GB, 使用中メモリ: 13.47 GB, 空きメモリ: 2.35 GB
INFO:root:after_valid:  epoch(batch)20:  GPUメモリ使用量: 18.14 MB / 確保済み: 54.00 MB
INFO:root:train epoch: 21, Train loss: 0.5739, lr: 0.00010
INFO:root:train epoch: 22, Train loss: 0.5257, lr: 0.00010
INFO:root:train epoch: 23, Train loss: 0.4902, lr: 0.00010
INFO:root:train epoch: 24, Train loss: 0.4534, lr: 0.00010
INFO:root:train epoch: 25, Train loss: 0.4236, lr: 0.00010
INFO:root:epoch:25
INFO:root:before_valid:  epoch(batch)25:  CPUメモリ使用量: 89.00%, 全メモリ: 15.82 GB, 使用中メモリ: 14.08 GB, 空きメモリ: 1.74 GB
INFO:root:before_valid:  epoch(batch)25:  GPUメモリ使用量: 18.14 MB / 確保済み: 54.00 MB
INFO:root:Batch:0
INFO:root:test:  epoch(batch)0:  CPUメモリ使用量: 89.00%, 全メモリ: 15.82 GB, 使用中メモリ: 14.08 GB, 空きメモリ: 1.73 GB
INFO:root:test:  epoch(batch)0:  GPUメモリ使用量: 18.39 MB / 確保済み: 54.00 MB
INFO:root:Batch:100
INFO:root:test:  epoch(batch)100:  CPUメモリ使用量: 89.40%, 全メモリ: 15.82 GB, 使用中メモリ: 14.14 GB, 空きメモリ: 1.67 GB
INFO:root:test:  epoch(batch)100:  GPUメモリ使用量: 18.64 MB / 確保済み: 54.00 MB
INFO:root:Batch:200
INFO:root:test:  epoch(batch)200:  CPUメモリ使用量: 89.20%, 全メモリ: 15.82 GB, 使用中メモリ: 14.11 GB, 空きメモリ: 1.71 GB
INFO:root:test:  epoch(batch)200:  GPUメモリ使用量: 18.64 MB / 確保済み: 54.00 MB
INFO:root:Batch:300
INFO:root:test:  epoch(batch)300:  CPUメモリ使用量: 89.40%, 全メモリ: 15.82 GB, 使用中メモリ: 14.14 GB, 空きメモリ: 1.68 GB
INFO:root:test:  epoch(batch)300:  GPUメモリ使用量: 18.64 MB / 確保済み: 54.00 MB
INFO:root:Valid loss: 0.4510, Valid Accuracy: 0.8635
INFO:root:Validation loss improved to 0.4510.
INFO:root:after_valid:  epoch(batch)25:  CPUメモリ使用量: 89.40%, 全メモリ: 15.82 GB, 使用中メモリ: 14.15 GB, 空きメモリ: 1.67 GB
INFO:root:after_valid:  epoch(batch)25:  GPUメモリ使用量: 18.14 MB / 確保済み: 54.00 MB
INFO:root:train epoch: 26, Train loss: 0.3975, lr: 0.00010
INFO:root:train epoch: 27, Train loss: 0.3644, lr: 0.00010
INFO:root:train epoch: 28, Train loss: 0.3477, lr: 0.00010
INFO:root:train epoch: 29, Train loss: 0.3175, lr: 0.00010
INFO:root:Batch:0
INFO:root:test:  epoch(batch)0:  CPUメモリ使用量: 89.50%, 全メモリ: 15.82 GB, 使用中メモリ: 14.15 GB, 空きメモリ: 1.67 GB
INFO:root:test:  epoch(batch)0:  GPUメモリ使用量: 18.39 MB / 確保済み: 54.00 MB
INFO:root:Batch:100
INFO:root:test:  epoch(batch)100:  CPUメモリ使用量: 90.10%, 全メモリ: 15.82 GB, 使用中メモリ: 14.25 GB, 空きメモリ: 1.57 GB
INFO:root:test:  epoch(batch)100:  GPUメモリ使用量: 18.64 MB / 確保済み: 54.00 MB
INFO:root:Batch:200
INFO:root:test:  epoch(batch)200:  CPUメモリ使用量: 91.10%, 全メモリ: 15.82 GB, 使用中メモリ: 14.41 GB, 空きメモリ: 1.41 GB
INFO:root:test:  epoch(batch)200:  GPUメモリ使用量: 18.64 MB / 確保済み: 54.00 MB
INFO:root:Batch:300
INFO:root:test:  epoch(batch)300:  CPUメモリ使用量: 92.20%, 全メモリ: 15.82 GB, 使用中メモリ: 14.58 GB, 空きメモリ: 1.24 GB
INFO:root:test:  epoch(batch)300:  GPUメモリ使用量: 18.64 MB / 確保済み: 54.00 MB
INFO:root:Test loss: 0.3185, Accuracy: 0.8984
INFO:root:Time: 52443.0373 seconds
