INFO:root:Block 0: alpha=0.5000, beta=0.5000
INFO:root:Block 1: alpha=0.5000, beta=0.5000
INFO:root:Block 2: alpha=0.5000, beta=0.5000
INFO:root:Block 3: alpha=0.5000, beta=0.5000
INFO:root:train epoch: 0, Train loss: 2.1973, lr: 0.00010
INFO:root:epoch:0
INFO:root:before_valid:  epoch(batch)0:  CPUメモリ使用量: 75.20%, 全メモリ: 15.82 GB, 使用中メモリ: 11.89 GB, 空きメモリ: 3.93 GB
INFO:root:before_valid:  epoch(batch)0:  GPUメモリ使用量: 19.07 MB / 確保済み: 60.00 MB
INFO:root:Batch:0
INFO:root:test:  epoch(batch)0:  CPUメモリ使用量: 75.10%, 全メモリ: 15.82 GB, 使用中メモリ: 11.89 GB, 空きメモリ: 3.93 GB
INFO:root:test:  epoch(batch)0:  GPUメモリ使用量: 19.32 MB / 確保済み: 60.00 MB
INFO:root:Batch:100
INFO:root:test:  epoch(batch)100:  CPUメモリ使用量: 76.10%, 全メモリ: 15.82 GB, 使用中メモリ: 12.04 GB, 空きメモリ: 3.78 GB
INFO:root:test:  epoch(batch)100:  GPUメモリ使用量: 19.76 MB / 確保済み: 60.00 MB
INFO:root:Batch:200
INFO:root:test:  epoch(batch)200:  CPUメモリ使用量: 75.70%, 全メモリ: 15.82 GB, 使用中メモリ: 11.98 GB, 空きメモリ: 3.84 GB
INFO:root:test:  epoch(batch)200:  GPUメモリ使用量: 19.76 MB / 確保済み: 60.00 MB
INFO:root:Batch:300
INFO:root:test:  epoch(batch)300:  CPUメモリ使用量: 75.80%, 全メモリ: 15.82 GB, 使用中メモリ: 12.00 GB, 空きメモリ: 3.82 GB
INFO:root:test:  epoch(batch)300:  GPUメモリ使用量: 19.76 MB / 確保済み: 60.00 MB
INFO:root:Valid loss: 2.0078, Valid Accuracy: 0.3295
INFO:root:Validation loss improved to 2.0078.
INFO:root:after_valid:  epoch(batch)0:  CPUメモリ使用量: 75.80%, 全メモリ: 15.82 GB, 使用中メモリ: 11.99 GB, 空きメモリ: 3.83 GB
INFO:root:after_valid:  epoch(batch)0:  GPUメモリ使用量: 19.07 MB / 確保済み: 60.00 MB
INFO:root:Block 0: alpha=0.5022, beta=0.5000
INFO:root:Block 1: alpha=0.5023, beta=0.5050
INFO:root:Block 2: alpha=0.5039, beta=0.5078
INFO:root:Block 3: alpha=0.5043, beta=0.5078
INFO:root:train epoch: 1, Train loss: 1.9143, lr: 0.00010
INFO:root:Block 0: alpha=0.5019, beta=0.4991
INFO:root:Block 1: alpha=0.5023, beta=0.5058
INFO:root:Block 2: alpha=0.5027, beta=0.5100
INFO:root:Block 3: alpha=0.5020, beta=0.5095
INFO:root:train epoch: 2, Train loss: 1.7584, lr: 0.00010
INFO:root:Block 0: alpha=0.5006, beta=0.4987
INFO:root:Block 1: alpha=0.5022, beta=0.5058
INFO:root:Block 2: alpha=0.5035, beta=0.5097
INFO:root:Block 3: alpha=0.5049, beta=0.5094
INFO:root:train epoch: 3, Train loss: 1.6296, lr: 0.00010
INFO:root:Block 0: alpha=0.5001, beta=0.4981
INFO:root:Block 1: alpha=0.5025, beta=0.5051
INFO:root:Block 2: alpha=0.5066, beta=0.5107
INFO:root:Block 3: alpha=0.5115, beta=0.5101
INFO:root:train epoch: 4, Train loss: 1.5127, lr: 0.00010
INFO:root:Block 0: alpha=0.5000, beta=0.4974
INFO:root:Block 1: alpha=0.5019, beta=0.5046
INFO:root:Block 2: alpha=0.5091, beta=0.5114
INFO:root:Block 3: alpha=0.5198, beta=0.5108
INFO:root:train epoch: 5, Train loss: 1.4043, lr: 0.00010
INFO:root:epoch:5
INFO:root:before_valid:  epoch(batch)5:  CPUメモリ使用量: 76.10%, 全メモリ: 15.82 GB, 使用中メモリ: 12.03 GB, 空きメモリ: 3.78 GB
INFO:root:before_valid:  epoch(batch)5:  GPUメモリ使用量: 19.07 MB / 確保済み: 62.00 MB
INFO:root:Batch:0
INFO:root:test:  epoch(batch)0:  CPUメモリ使用量: 76.10%, 全メモリ: 15.82 GB, 使用中メモリ: 12.03 GB, 空きメモリ: 3.79 GB
INFO:root:test:  epoch(batch)0:  GPUメモリ使用量: 19.32 MB / 確保済み: 62.00 MB
INFO:root:Batch:100
INFO:root:test:  epoch(batch)100:  CPUメモリ使用量: 75.30%, 全メモリ: 15.82 GB, 使用中メモリ: 11.91 GB, 空きメモリ: 3.91 GB
INFO:root:test:  epoch(batch)100:  GPUメモリ使用量: 19.76 MB / 確保済み: 62.00 MB
INFO:root:Batch:200
INFO:root:test:  epoch(batch)200:  CPUメモリ使用量: 75.30%, 全メモリ: 15.82 GB, 使用中メモリ: 11.91 GB, 空きメモリ: 3.91 GB
INFO:root:test:  epoch(batch)200:  GPUメモリ使用量: 19.76 MB / 確保済み: 62.00 MB
INFO:root:Batch:300
INFO:root:test:  epoch(batch)300:  CPUメモリ使用量: 75.90%, 全メモリ: 15.82 GB, 使用中メモリ: 12.00 GB, 空きメモリ: 3.82 GB
INFO:root:test:  epoch(batch)300:  GPUメモリ使用量: 19.76 MB / 確保済み: 62.00 MB
INFO:root:Valid loss: 1.3446, Valid Accuracy: 0.5374
INFO:root:Validation loss improved to 1.3446.
INFO:root:after_valid:  epoch(batch)5:  CPUメモリ使用量: 75.60%, 全メモリ: 15.82 GB, 使用中メモリ: 11.96 GB, 空きメモリ: 3.86 GB
INFO:root:after_valid:  epoch(batch)5:  GPUメモリ使用量: 19.07 MB / 確保済み: 62.00 MB
INFO:root:Block 0: alpha=0.4997, beta=0.4968
INFO:root:Block 1: alpha=0.5016, beta=0.5037
INFO:root:Block 2: alpha=0.5085, beta=0.5122
INFO:root:Block 3: alpha=0.5249, beta=0.5119
INFO:root:train epoch: 6, Train loss: 1.3075, lr: 0.00010
INFO:root:Block 0: alpha=0.4993, beta=0.4962
INFO:root:Block 1: alpha=0.5020, beta=0.5024
INFO:root:Block 2: alpha=0.5089, beta=0.5121
INFO:root:Block 3: alpha=0.5280, beta=0.5119
INFO:root:train epoch: 7, Train loss: 1.2337, lr: 0.00010
INFO:root:Block 0: alpha=0.4987, beta=0.4956
INFO:root:Block 1: alpha=0.5021, beta=0.5010
INFO:root:Block 2: alpha=0.5102, beta=0.5115
INFO:root:Block 3: alpha=0.5298, beta=0.5122
INFO:root:train epoch: 8, Train loss: 1.1604, lr: 0.00010
INFO:root:Block 0: alpha=0.4982, beta=0.4949
INFO:root:Block 1: alpha=0.5015, beta=0.5000
INFO:root:Block 2: alpha=0.5109, beta=0.5108
INFO:root:Block 3: alpha=0.5310, beta=0.5126
INFO:root:train epoch: 9, Train loss: 1.0946, lr: 0.00010
INFO:root:Block 0: alpha=0.4976, beta=0.4943
INFO:root:Block 1: alpha=0.5004, beta=0.4985
INFO:root:Block 2: alpha=0.5111, beta=0.5095
INFO:root:Block 3: alpha=0.5319, beta=0.5129
INFO:root:train epoch: 10, Train loss: 1.0335, lr: 0.00010
INFO:root:epoch:10
INFO:root:before_valid:  epoch(batch)10:  CPUメモリ使用量: 74.40%, 全メモリ: 15.82 GB, 使用中メモリ: 11.77 GB, 空きメモリ: 4.05 GB
INFO:root:before_valid:  epoch(batch)10:  GPUメモリ使用量: 19.07 MB / 確保済み: 62.00 MB
INFO:root:Batch:0
INFO:root:test:  epoch(batch)0:  CPUメモリ使用量: 74.40%, 全メモリ: 15.82 GB, 使用中メモリ: 11.77 GB, 空きメモリ: 4.05 GB
INFO:root:test:  epoch(batch)0:  GPUメモリ使用量: 19.32 MB / 確保済み: 62.00 MB
INFO:root:Batch:100
INFO:root:test:  epoch(batch)100:  CPUメモリ使用量: 74.60%, 全メモリ: 15.82 GB, 使用中メモリ: 11.79 GB, 空きメモリ: 4.02 GB
INFO:root:test:  epoch(batch)100:  GPUメモリ使用量: 19.76 MB / 確保済み: 62.00 MB
INFO:root:Batch:200
INFO:root:test:  epoch(batch)200:  CPUメモリ使用量: 74.80%, 全メモリ: 15.82 GB, 使用中メモリ: 11.83 GB, 空きメモリ: 3.99 GB
INFO:root:test:  epoch(batch)200:  GPUメモリ使用量: 19.76 MB / 確保済み: 62.00 MB
INFO:root:Batch:300
INFO:root:test:  epoch(batch)300:  CPUメモリ使用量: 74.80%, 全メモリ: 15.82 GB, 使用中メモリ: 11.84 GB, 空きメモリ: 3.98 GB
INFO:root:test:  epoch(batch)300:  GPUメモリ使用量: 19.76 MB / 確保済み: 62.00 MB
INFO:root:Valid loss: 1.0504, Valid Accuracy: 0.6421
INFO:root:Validation loss improved to 1.0504.
INFO:root:after_valid:  epoch(batch)10:  CPUメモリ使用量: 74.80%, 全メモリ: 15.82 GB, 使用中メモリ: 11.83 GB, 空きメモリ: 3.99 GB
INFO:root:after_valid:  epoch(batch)10:  GPUメモリ使用量: 19.07 MB / 確保済み: 62.00 MB
INFO:root:Block 0: alpha=0.4971, beta=0.4937
INFO:root:Block 1: alpha=0.4987, beta=0.4977
INFO:root:Block 2: alpha=0.5105, beta=0.5084
INFO:root:Block 3: alpha=0.5322, beta=0.5129
INFO:root:train epoch: 11, Train loss: 0.9717, lr: 0.00010
INFO:root:Block 0: alpha=0.4963, beta=0.4930
INFO:root:Block 1: alpha=0.4973, beta=0.4965
INFO:root:Block 2: alpha=0.5099, beta=0.5074
INFO:root:Block 3: alpha=0.5330, beta=0.5129
INFO:root:train epoch: 12, Train loss: 0.9131, lr: 0.00010
INFO:root:Block 0: alpha=0.4956, beta=0.4923
INFO:root:Block 1: alpha=0.4954, beta=0.4960
INFO:root:Block 2: alpha=0.5089, beta=0.5061
INFO:root:Block 3: alpha=0.5334, beta=0.5135
INFO:root:train epoch: 13, Train loss: 0.8531, lr: 0.00010
INFO:root:Block 0: alpha=0.4948, beta=0.4917
INFO:root:Block 1: alpha=0.4932, beta=0.4956
INFO:root:Block 2: alpha=0.5083, beta=0.5051
INFO:root:Block 3: alpha=0.5325, beta=0.5141
INFO:root:train epoch: 14, Train loss: 0.7955, lr: 0.00010
INFO:root:Block 0: alpha=0.4938, beta=0.4912
INFO:root:Block 1: alpha=0.4904, beta=0.4952
INFO:root:Block 2: alpha=0.5077, beta=0.5038
INFO:root:Block 3: alpha=0.5323, beta=0.5151
INFO:root:train epoch: 15, Train loss: 0.7408, lr: 0.00010
INFO:root:epoch:15
INFO:root:before_valid:  epoch(batch)15:  CPUメモリ使用量: 74.70%, 全メモリ: 15.82 GB, 使用中メモリ: 11.82 GB, 空きメモリ: 4.00 GB
INFO:root:before_valid:  epoch(batch)15:  GPUメモリ使用量: 19.07 MB / 確保済み: 64.00 MB
INFO:root:Batch:0
INFO:root:test:  epoch(batch)0:  CPUメモリ使用量: 74.70%, 全メモリ: 15.82 GB, 使用中メモリ: 11.82 GB, 空きメモリ: 4.00 GB
INFO:root:test:  epoch(batch)0:  GPUメモリ使用量: 19.32 MB / 確保済み: 64.00 MB
INFO:root:Batch:100
INFO:root:test:  epoch(batch)100:  CPUメモリ使用量: 74.70%, 全メモリ: 15.82 GB, 使用中メモリ: 11.82 GB, 空きメモリ: 4.00 GB
INFO:root:test:  epoch(batch)100:  GPUメモリ使用量: 19.76 MB / 確保済み: 64.00 MB
INFO:root:Batch:200
INFO:root:test:  epoch(batch)200:  CPUメモリ使用量: 74.80%, 全メモリ: 15.82 GB, 使用中メモリ: 11.83 GB, 空きメモリ: 3.99 GB
INFO:root:test:  epoch(batch)200:  GPUメモリ使用量: 19.76 MB / 確保済み: 64.00 MB
INFO:root:Batch:300
INFO:root:test:  epoch(batch)300:  CPUメモリ使用量: 74.90%, 全メモリ: 15.82 GB, 使用中メモリ: 11.85 GB, 空きメモリ: 3.97 GB
INFO:root:test:  epoch(batch)300:  GPUメモリ使用量: 19.76 MB / 確保済み: 64.00 MB
INFO:root:Valid loss: 0.7950, Valid Accuracy: 0.7307
INFO:root:Validation loss improved to 0.7950.
INFO:root:after_valid:  epoch(batch)15:  CPUメモリ使用量: 74.80%, 全メモリ: 15.82 GB, 使用中メモリ: 11.84 GB, 空きメモリ: 3.98 GB
INFO:root:after_valid:  epoch(batch)15:  GPUメモリ使用量: 19.07 MB / 確保済み: 64.00 MB
INFO:root:Block 0: alpha=0.4928, beta=0.4908
INFO:root:Block 1: alpha=0.4882, beta=0.4951
INFO:root:Block 2: alpha=0.5079, beta=0.5025
INFO:root:Block 3: alpha=0.5318, beta=0.5156
INFO:root:train epoch: 16, Train loss: 0.6877, lr: 0.00010
INFO:root:Block 0: alpha=0.4918, beta=0.4901
INFO:root:Block 1: alpha=0.4859, beta=0.4946
INFO:root:Block 2: alpha=0.5069, beta=0.5015
INFO:root:Block 3: alpha=0.5314, beta=0.5160
INFO:root:train epoch: 17, Train loss: 0.6420, lr: 0.00010
INFO:root:Block 0: alpha=0.4906, beta=0.4895
INFO:root:Block 1: alpha=0.4841, beta=0.4941
INFO:root:Block 2: alpha=0.5065, beta=0.5001
INFO:root:Block 3: alpha=0.5311, beta=0.5163
INFO:root:train epoch: 18, Train loss: 0.5988, lr: 0.00010
INFO:root:Block 0: alpha=0.4893, beta=0.4890
INFO:root:Block 1: alpha=0.4822, beta=0.4932
INFO:root:Block 2: alpha=0.5061, beta=0.4984
INFO:root:Block 3: alpha=0.5305, beta=0.5165
INFO:root:train epoch: 19, Train loss: 0.5523, lr: 0.00010
INFO:root:Block 0: alpha=0.4879, beta=0.4884
INFO:root:Block 1: alpha=0.4804, beta=0.4926
INFO:root:Block 2: alpha=0.5048, beta=0.4974
INFO:root:Block 3: alpha=0.5299, beta=0.5166
INFO:root:train epoch: 20, Train loss: 0.5191, lr: 0.00010
INFO:root:epoch:20
INFO:root:before_valid:  epoch(batch)20:  CPUメモリ使用量: 75.20%, 全メモリ: 15.82 GB, 使用中メモリ: 11.89 GB, 空きメモリ: 3.93 GB
INFO:root:before_valid:  epoch(batch)20:  GPUメモリ使用量: 19.07 MB / 確保済み: 64.00 MB
INFO:root:Batch:0
INFO:root:test:  epoch(batch)0:  CPUメモリ使用量: 75.20%, 全メモリ: 15.82 GB, 使用中メモリ: 11.89 GB, 空きメモリ: 3.92 GB
INFO:root:test:  epoch(batch)0:  GPUメモリ使用量: 19.32 MB / 確保済み: 64.00 MB
INFO:root:Batch:100
INFO:root:test:  epoch(batch)100:  CPUメモリ使用量: 75.20%, 全メモリ: 15.82 GB, 使用中メモリ: 11.89 GB, 空きメモリ: 3.93 GB
INFO:root:test:  epoch(batch)100:  GPUメモリ使用量: 19.76 MB / 確保済み: 64.00 MB
INFO:root:Batch:200
INFO:root:test:  epoch(batch)200:  CPUメモリ使用量: 75.20%, 全メモリ: 15.82 GB, 使用中メモリ: 11.89 GB, 空きメモリ: 3.93 GB
INFO:root:test:  epoch(batch)200:  GPUメモリ使用量: 19.76 MB / 確保済み: 64.00 MB
INFO:root:Batch:300
INFO:root:test:  epoch(batch)300:  CPUメモリ使用量: 75.10%, 全メモリ: 15.82 GB, 使用中メモリ: 11.88 GB, 空きメモリ: 3.93 GB
INFO:root:test:  epoch(batch)300:  GPUメモリ使用量: 19.76 MB / 確保済み: 64.00 MB
INFO:root:Valid loss: 0.5064, Valid Accuracy: 0.8345
INFO:root:Validation loss improved to 0.5064.
INFO:root:after_valid:  epoch(batch)20:  CPUメモリ使用量: 75.10%, 全メモリ: 15.82 GB, 使用中メモリ: 11.88 GB, 空きメモリ: 3.94 GB
INFO:root:after_valid:  epoch(batch)20:  GPUメモリ使用量: 19.07 MB / 確保済み: 64.00 MB
INFO:root:Block 0: alpha=0.4866, beta=0.4878
INFO:root:Block 1: alpha=0.4789, beta=0.4925
INFO:root:Block 2: alpha=0.5046, beta=0.4970
INFO:root:Block 3: alpha=0.5294, beta=0.5169
INFO:root:train epoch: 21, Train loss: 0.4822, lr: 0.00010
INFO:root:Block 0: alpha=0.4854, beta=0.4873
INFO:root:Block 1: alpha=0.4778, beta=0.4918
INFO:root:Block 2: alpha=0.5038, beta=0.4965
INFO:root:Block 3: alpha=0.5289, beta=0.5166
INFO:root:train epoch: 22, Train loss: 0.4498, lr: 0.00010
INFO:root:Block 0: alpha=0.4841, beta=0.4869
INFO:root:Block 1: alpha=0.4763, beta=0.4911
INFO:root:Block 2: alpha=0.5028, beta=0.4961
INFO:root:Block 3: alpha=0.5281, beta=0.5167
INFO:root:train epoch: 23, Train loss: 0.4173, lr: 0.00010
INFO:root:Block 0: alpha=0.4828, beta=0.4862
INFO:root:Block 1: alpha=0.4753, beta=0.4905
INFO:root:Block 2: alpha=0.5022, beta=0.4955
INFO:root:Block 3: alpha=0.5276, beta=0.5170
INFO:root:train epoch: 24, Train loss: 0.3938, lr: 0.00010
INFO:root:Block 0: alpha=0.4814, beta=0.4857
INFO:root:Block 1: alpha=0.4745, beta=0.4897
INFO:root:Block 2: alpha=0.5018, beta=0.4945
INFO:root:Block 3: alpha=0.5272, beta=0.5167
INFO:root:train epoch: 25, Train loss: 0.3682, lr: 0.00010
INFO:root:epoch:25
INFO:root:before_valid:  epoch(batch)25:  CPUメモリ使用量: 76.60%, 全メモリ: 15.82 GB, 使用中メモリ: 12.11 GB, 空きメモリ: 3.71 GB
INFO:root:before_valid:  epoch(batch)25:  GPUメモリ使用量: 19.07 MB / 確保済み: 62.00 MB
INFO:root:Batch:0
INFO:root:test:  epoch(batch)0:  CPUメモリ使用量: 76.60%, 全メモリ: 15.82 GB, 使用中メモリ: 12.11 GB, 空きメモリ: 3.70 GB
INFO:root:test:  epoch(batch)0:  GPUメモリ使用量: 19.32 MB / 確保済み: 62.00 MB
INFO:root:Batch:100
INFO:root:test:  epoch(batch)100:  CPUメモリ使用量: 75.90%, 全メモリ: 15.82 GB, 使用中メモリ: 12.01 GB, 空きメモリ: 3.81 GB
INFO:root:test:  epoch(batch)100:  GPUメモリ使用量: 19.76 MB / 確保済み: 62.00 MB
INFO:root:Batch:200
INFO:root:test:  epoch(batch)200:  CPUメモリ使用量: 75.60%, 全メモリ: 15.82 GB, 使用中メモリ: 11.96 GB, 空きメモリ: 3.86 GB
INFO:root:test:  epoch(batch)200:  GPUメモリ使用量: 19.76 MB / 確保済み: 62.00 MB
INFO:root:Batch:300
INFO:root:test:  epoch(batch)300:  CPUメモリ使用量: 75.50%, 全メモリ: 15.82 GB, 使用中メモリ: 11.95 GB, 空きメモリ: 3.87 GB
INFO:root:test:  epoch(batch)300:  GPUメモリ使用量: 19.76 MB / 確保済み: 62.00 MB
INFO:root:Valid loss: 0.3892, Valid Accuracy: 0.8785
INFO:root:Validation loss improved to 0.3892.
INFO:root:after_valid:  epoch(batch)25:  CPUメモリ使用量: 75.60%, 全メモリ: 15.82 GB, 使用中メモリ: 11.96 GB, 空きメモリ: 3.86 GB
INFO:root:after_valid:  epoch(batch)25:  GPUメモリ使用量: 19.07 MB / 確保済み: 62.00 MB
INFO:root:Block 0: alpha=0.4805, beta=0.4851
INFO:root:Block 1: alpha=0.4735, beta=0.4889
INFO:root:Block 2: alpha=0.5012, beta=0.4938
INFO:root:Block 3: alpha=0.5269, beta=0.5165
INFO:root:train epoch: 26, Train loss: 0.3458, lr: 0.00010
INFO:root:Block 0: alpha=0.4794, beta=0.4845
INFO:root:Block 1: alpha=0.4729, beta=0.4881
INFO:root:Block 2: alpha=0.5004, beta=0.4930
INFO:root:Block 3: alpha=0.5264, beta=0.5166
INFO:root:train epoch: 27, Train loss: 0.3269, lr: 0.00010
INFO:root:Block 0: alpha=0.4781, beta=0.4840
INFO:root:Block 1: alpha=0.4719, beta=0.4873
INFO:root:Block 2: alpha=0.5000, beta=0.4924
INFO:root:Block 3: alpha=0.5252, beta=0.5165
INFO:root:train epoch: 28, Train loss: 0.3055, lr: 0.00010
INFO:root:Block 0: alpha=0.4771, beta=0.4833
INFO:root:Block 1: alpha=0.4707, beta=0.4866
INFO:root:Block 2: alpha=0.4996, beta=0.4908
INFO:root:Block 3: alpha=0.5254, beta=0.5161
INFO:root:train epoch: 29, Train loss: 0.2868, lr: 0.00010
INFO:root:Batch:0
INFO:root:test:  epoch(batch)0:  CPUメモリ使用量: 75.70%, 全メモリ: 15.82 GB, 使用中メモリ: 11.98 GB, 空きメモリ: 3.84 GB
INFO:root:test:  epoch(batch)0:  GPUメモリ使用量: 19.32 MB / 確保済み: 60.00 MB
INFO:root:Batch:100
INFO:root:test:  epoch(batch)100:  CPUメモリ使用量: 77.10%, 全メモリ: 15.82 GB, 使用中メモリ: 12.19 GB, 空きメモリ: 3.63 GB
INFO:root:test:  epoch(batch)100:  GPUメモリ使用量: 19.76 MB / 確保済み: 60.00 MB
INFO:root:Batch:200
INFO:root:test:  epoch(batch)200:  CPUメモリ使用量: 78.50%, 全メモリ: 15.82 GB, 使用中メモリ: 12.42 GB, 空きメモリ: 3.39 GB
INFO:root:test:  epoch(batch)200:  GPUメモリ使用量: 19.76 MB / 確保済み: 60.00 MB
INFO:root:Batch:300
INFO:root:test:  epoch(batch)300:  CPUメモリ使用量: 79.80%, 全メモリ: 15.82 GB, 使用中メモリ: 12.62 GB, 空きメモリ: 3.20 GB
INFO:root:test:  epoch(batch)300:  GPUメモリ使用量: 19.76 MB / 確保済み: 60.00 MB
INFO:root:Test loss: 0.3352, Accuracy: 0.8917, Spearman score: 0.0214, Precision top Attn80% score: 0.1067
INFO:root:amount of pair:324416
INFO:root:Time: 26203.6117 seconds
