Experiment       : NYU_sharefusion_a0.25_b0.25
LR schedule      : adjusted (0.01→0.001)
Checkpoint       : model_final.pt
Learnable α/β    : False
Device           : cuda
Batch size       : 16
Seed             : 42
Test samples     : 5069
---
before_inference: CPU 94.6%  |  Used 14.97 GB / Total 15.82 GB  |  Avail 0.85 GB
before_inference: GPU allocated 12.12 MB  |  reserved 24.00 MB
batch 0/317: CPU 94.6%  |  Used 14.97 GB / Total 15.82 GB  |  Avail 0.85 GB
batch 0/317: GPU allocated 21.01 MB  |  reserved 48.00 MB
  elapsed 0.06s  |  this batch 10.1ms
batch 100/317: CPU 91.5%  |  Used 14.48 GB / Total 15.82 GB  |  Avail 1.34 GB
batch 100/317: GPU allocated 59.10 MB  |  reserved 88.00 MB
  elapsed 12.44s  |  this batch 16.9ms
batch 200/317: CPU 92.7%  |  Used 14.67 GB / Total 15.82 GB  |  Avail 1.15 GB
batch 200/317: GPU allocated 97.18 MB  |  reserved 128.00 MB
  elapsed 24.99s  |  this batch 21.4ms
batch 300/317: CPU 94.3%  |  Used 14.92 GB / Total 15.82 GB  |  Avail 0.89 GB
batch 300/317: GPU allocated 135.27 MB  |  reserved 168.00 MB
  elapsed 37.72s  |  this batch 18.5ms
after_inference: CPU 94.5%  |  Used 14.95 GB / Total 15.82 GB  |  Avail 0.87 GB
after_inference: GPU allocated 132.78 MB  |  reserved 154.00 MB
--- Results ---
Total time       : 39.8213 s
Per-sample time  : 7.8559 ms
Per-batch time   : 125.6193 ms
Throughput       : 127.29 samples/s
Accuracy         : 0.8775
Average loss     : 0.3829
CMI              : 29.6795
