INFO:root:train epoch: 0, Train loss: 2.1968
INFO:root:epoch:0
INFO:root:before_valid:  epoch(batch)0:  CPUメモリ使用量: 79.60%, 全メモリ: 15.82 GB, 使用中メモリ: 12.59 GB, 空きメモリ: 3.22 GB
INFO:root:before_valid:  epoch(batch)0:  GPUメモリ使用量: 19.05 MB / 確保済み: 60.00 MB
INFO:root:Batch:0
INFO:root:test:  epoch(batch)0:  CPUメモリ使用量: 79.60%, 全メモリ: 15.82 GB, 使用中メモリ: 12.59 GB, 空きメモリ: 3.22 GB
INFO:root:test:  epoch(batch)0:  GPUメモリ使用量: 19.30 MB / 確保済み: 60.00 MB
INFO:root:Batch:100
INFO:root:test:  epoch(batch)100:  CPUメモリ使用量: 79.60%, 全メモリ: 15.82 GB, 使用中メモリ: 12.59 GB, 空きメモリ: 3.23 GB
INFO:root:test:  epoch(batch)100:  GPUメモリ使用量: 19.74 MB / 確保済み: 60.00 MB
INFO:root:Batch:200
INFO:root:test:  epoch(batch)200:  CPUメモリ使用量: 79.40%, 全メモリ: 15.82 GB, 使用中メモリ: 12.55 GB, 空きメモリ: 3.27 GB
INFO:root:test:  epoch(batch)200:  GPUメモリ使用量: 19.74 MB / 確保済み: 60.00 MB
INFO:root:Batch:300
INFO:root:test:  epoch(batch)300:  CPUメモリ使用量: 79.70%, 全メモリ: 15.82 GB, 使用中メモリ: 12.61 GB, 空きメモリ: 3.21 GB
INFO:root:test:  epoch(batch)300:  GPUメモリ使用量: 19.74 MB / 確保済み: 60.00 MB
INFO:root:Valid loss: 2.0276, Valid Accuracy: 0.3263
INFO:root:Validation loss improved to 2.0276.
INFO:root:after_valid:  epoch(batch)0:  CPUメモリ使用量: 80.00%, 全メモリ: 15.82 GB, 使用中メモリ: 12.65 GB, 空きメモリ: 3.17 GB
INFO:root:after_valid:  epoch(batch)0:  GPUメモリ使用量: 19.05 MB / 確保済み: 60.00 MB
INFO:root:train epoch: 1, Train loss: 1.9748
INFO:root:train epoch: 2, Train loss: 1.7516
INFO:root:train epoch: 3, Train loss: 1.5947
INFO:root:train epoch: 4, Train loss: 1.4917
INFO:root:train epoch: 5, Train loss: 1.4070
INFO:root:epoch:5
INFO:root:before_valid:  epoch(batch)5:  CPUメモリ使用量: 78.90%, 全メモリ: 15.82 GB, 使用中メモリ: 12.48 GB, 空きメモリ: 3.34 GB
INFO:root:before_valid:  epoch(batch)5:  GPUメモリ使用量: 19.05 MB / 確保済み: 60.00 MB
INFO:root:Batch:0
INFO:root:test:  epoch(batch)0:  CPUメモリ使用量: 78.90%, 全メモリ: 15.82 GB, 使用中メモリ: 12.48 GB, 空きメモリ: 3.34 GB
INFO:root:test:  epoch(batch)0:  GPUメモリ使用量: 19.30 MB / 確保済み: 60.00 MB
INFO:root:Batch:100
INFO:root:test:  epoch(batch)100:  CPUメモリ使用量: 79.00%, 全メモリ: 15.82 GB, 使用中メモリ: 12.49 GB, 空きメモリ: 3.33 GB
INFO:root:test:  epoch(batch)100:  GPUメモリ使用量: 19.74 MB / 確保済み: 60.00 MB
INFO:root:Batch:200
INFO:root:test:  epoch(batch)200:  CPUメモリ使用量: 79.00%, 全メモリ: 15.82 GB, 使用中メモリ: 12.50 GB, 空きメモリ: 3.32 GB
INFO:root:test:  epoch(batch)200:  GPUメモリ使用量: 19.74 MB / 確保済み: 60.00 MB
INFO:root:Batch:300
INFO:root:test:  epoch(batch)300:  CPUメモリ使用量: 79.10%, 全メモリ: 15.82 GB, 使用中メモリ: 12.51 GB, 空きメモリ: 3.31 GB
INFO:root:test:  epoch(batch)300:  GPUメモリ使用量: 19.74 MB / 確保済み: 60.00 MB
INFO:root:Valid loss: 1.3642, Valid Accuracy: 0.5336
INFO:root:Validation loss improved to 1.3642.
INFO:root:after_valid:  epoch(batch)5:  CPUメモリ使用量: 79.20%, 全メモリ: 15.82 GB, 使用中メモリ: 12.53 GB, 空きメモリ: 3.29 GB
INFO:root:after_valid:  epoch(batch)5:  GPUメモリ使用量: 19.05 MB / 確保済み: 60.00 MB
INFO:root:train epoch: 6, Train loss: 1.3326
INFO:root:train epoch: 7, Train loss: 1.2656
INFO:root:train epoch: 8, Train loss: 1.1995
INFO:root:train epoch: 9, Train loss: 1.1317
INFO:root:train epoch: 10, Train loss: 1.0709
INFO:root:epoch:10
INFO:root:before_valid:  epoch(batch)10:  CPUメモリ使用量: 79.40%, 全メモリ: 15.82 GB, 使用中メモリ: 12.55 GB, 空きメモリ: 3.26 GB
INFO:root:before_valid:  epoch(batch)10:  GPUメモリ使用量: 19.05 MB / 確保済み: 60.00 MB
INFO:root:Batch:0
INFO:root:test:  epoch(batch)0:  CPUメモリ使用量: 79.30%, 全メモリ: 15.82 GB, 使用中メモリ: 12.55 GB, 空きメモリ: 3.27 GB
INFO:root:test:  epoch(batch)0:  GPUメモリ使用量: 19.30 MB / 確保済み: 60.00 MB
INFO:root:Batch:100
INFO:root:test:  epoch(batch)100:  CPUメモリ使用量: 79.50%, 全メモリ: 15.82 GB, 使用中メモリ: 12.57 GB, 空きメモリ: 3.24 GB
INFO:root:test:  epoch(batch)100:  GPUメモリ使用量: 19.74 MB / 確保済み: 60.00 MB
INFO:root:Batch:200
INFO:root:test:  epoch(batch)200:  CPUメモリ使用量: 80.00%, 全メモリ: 15.82 GB, 使用中メモリ: 12.65 GB, 空きメモリ: 3.17 GB
INFO:root:test:  epoch(batch)200:  GPUメモリ使用量: 19.74 MB / 確保済み: 60.00 MB
INFO:root:Batch:300
INFO:root:test:  epoch(batch)300:  CPUメモリ使用量: 79.10%, 全メモリ: 15.82 GB, 使用中メモリ: 12.51 GB, 空きメモリ: 3.31 GB
INFO:root:test:  epoch(batch)300:  GPUメモリ使用量: 19.74 MB / 確保済み: 60.00 MB
INFO:root:Valid loss: 1.0469, Valid Accuracy: 0.6567
INFO:root:Validation loss improved to 1.0469.
INFO:root:after_valid:  epoch(batch)10:  CPUメモリ使用量: 79.10%, 全メモリ: 15.82 GB, 使用中メモリ: 12.51 GB, 空きメモリ: 3.31 GB
INFO:root:after_valid:  epoch(batch)10:  GPUメモリ使用量: 19.05 MB / 確保済み: 60.00 MB
INFO:root:train epoch: 11, Train loss: 1.0027
INFO:root:train epoch: 12, Train loss: 0.9392
INFO:root:train epoch: 13, Train loss: 0.8820
INFO:root:train epoch: 14, Train loss: 0.8253
INFO:root:train epoch: 15, Train loss: 0.7735
INFO:root:epoch:15
INFO:root:before_valid:  epoch(batch)15:  CPUメモリ使用量: 79.80%, 全メモリ: 15.82 GB, 使用中メモリ: 12.61 GB, 空きメモリ: 3.20 GB
INFO:root:before_valid:  epoch(batch)15:  GPUメモリ使用量: 19.05 MB / 確保済み: 60.00 MB
INFO:root:Batch:0
INFO:root:test:  epoch(batch)0:  CPUメモリ使用量: 79.70%, 全メモリ: 15.82 GB, 使用中メモリ: 12.61 GB, 空きメモリ: 3.21 GB
INFO:root:test:  epoch(batch)0:  GPUメモリ使用量: 19.30 MB / 確保済み: 60.00 MB
INFO:root:Batch:100
INFO:root:test:  epoch(batch)100:  CPUメモリ使用量: 78.70%, 全メモリ: 15.82 GB, 使用中メモリ: 12.45 GB, 空きメモリ: 3.37 GB
INFO:root:test:  epoch(batch)100:  GPUメモリ使用量: 19.74 MB / 確保済み: 60.00 MB
INFO:root:Batch:200
INFO:root:test:  epoch(batch)200:  CPUメモリ使用量: 79.00%, 全メモリ: 15.82 GB, 使用中メモリ: 12.50 GB, 空きメモリ: 3.32 GB
INFO:root:test:  epoch(batch)200:  GPUメモリ使用量: 19.74 MB / 確保済み: 60.00 MB
INFO:root:Batch:300
INFO:root:test:  epoch(batch)300:  CPUメモリ使用量: 79.00%, 全メモリ: 15.82 GB, 使用中メモリ: 12.50 GB, 空きメモリ: 3.32 GB
INFO:root:test:  epoch(batch)300:  GPUメモリ使用量: 19.74 MB / 確保済み: 60.00 MB
INFO:root:Valid loss: 0.8397, Valid Accuracy: 0.7074
INFO:root:Validation loss improved to 0.8397.
INFO:root:after_valid:  epoch(batch)15:  CPUメモリ使用量: 79.00%, 全メモリ: 15.82 GB, 使用中メモリ: 12.49 GB, 空きメモリ: 3.33 GB
INFO:root:after_valid:  epoch(batch)15:  GPUメモリ使用量: 19.05 MB / 確保済み: 60.00 MB
INFO:root:train epoch: 16, Train loss: 0.7187
INFO:root:train epoch: 17, Train loss: 0.6731
INFO:root:train epoch: 18, Train loss: 0.6240
INFO:root:train epoch: 19, Train loss: 0.5846
INFO:root:train epoch: 20, Train loss: 0.5375
INFO:root:epoch:20
INFO:root:before_valid:  epoch(batch)20:  CPUメモリ使用量: 79.50%, 全メモリ: 15.82 GB, 使用中メモリ: 12.58 GB, 空きメモリ: 3.24 GB
INFO:root:before_valid:  epoch(batch)20:  GPUメモリ使用量: 19.05 MB / 確保済み: 60.00 MB
INFO:root:Batch:0
INFO:root:test:  epoch(batch)0:  CPUメモリ使用量: 79.50%, 全メモリ: 15.82 GB, 使用中メモリ: 12.58 GB, 空きメモリ: 3.24 GB
INFO:root:test:  epoch(batch)0:  GPUメモリ使用量: 19.30 MB / 確保済み: 60.00 MB
INFO:root:Batch:100
INFO:root:test:  epoch(batch)100:  CPUメモリ使用量: 79.40%, 全メモリ: 15.82 GB, 使用中メモリ: 12.55 GB, 空きメモリ: 3.26 GB
INFO:root:test:  epoch(batch)100:  GPUメモリ使用量: 19.74 MB / 確保済み: 60.00 MB
INFO:root:Batch:200
INFO:root:test:  epoch(batch)200:  CPUメモリ使用量: 79.70%, 全メモリ: 15.82 GB, 使用中メモリ: 12.60 GB, 空きメモリ: 3.22 GB
INFO:root:test:  epoch(batch)200:  GPUメモリ使用量: 19.74 MB / 確保済み: 60.00 MB
INFO:root:Batch:300
INFO:root:test:  epoch(batch)300:  CPUメモリ使用量: 80.10%, 全メモリ: 15.82 GB, 使用中メモリ: 12.66 GB, 空きメモリ: 3.15 GB
INFO:root:test:  epoch(batch)300:  GPUメモリ使用量: 19.74 MB / 確保済み: 60.00 MB
INFO:root:Valid loss: 0.5413, Valid Accuracy: 0.8189
INFO:root:Validation loss improved to 0.5413.
INFO:root:after_valid:  epoch(batch)20:  CPUメモリ使用量: 79.80%, 全メモリ: 15.82 GB, 使用中メモリ: 12.61 GB, 空きメモリ: 3.20 GB
INFO:root:after_valid:  epoch(batch)20:  GPUメモリ使用量: 19.05 MB / 確保済み: 60.00 MB
INFO:root:train epoch: 21, Train loss: 0.4985
INFO:root:train epoch: 22, Train loss: 0.4670
INFO:root:train epoch: 23, Train loss: 0.4260
INFO:root:train epoch: 24, Train loss: 0.3972
INFO:root:train epoch: 25, Train loss: 0.3651
INFO:root:epoch:25
INFO:root:before_valid:  epoch(batch)25:  CPUメモリ使用量: 82.00%, 全メモリ: 15.82 GB, 使用中メモリ: 12.97 GB, 空きメモリ: 2.85 GB
INFO:root:before_valid:  epoch(batch)25:  GPUメモリ使用量: 19.05 MB / 確保済み: 60.00 MB
INFO:root:Batch:0
INFO:root:test:  epoch(batch)0:  CPUメモリ使用量: 82.00%, 全メモリ: 15.82 GB, 使用中メモリ: 12.96 GB, 空きメモリ: 2.85 GB
INFO:root:test:  epoch(batch)0:  GPUメモリ使用量: 19.30 MB / 確保済み: 60.00 MB
INFO:root:Batch:100
INFO:root:test:  epoch(batch)100:  CPUメモリ使用量: 82.20%, 全メモリ: 15.82 GB, 使用中メモリ: 13.00 GB, 空きメモリ: 2.82 GB
INFO:root:test:  epoch(batch)100:  GPUメモリ使用量: 19.74 MB / 確保済み: 60.00 MB
INFO:root:Batch:200
INFO:root:test:  epoch(batch)200:  CPUメモリ使用量: 82.50%, 全メモリ: 15.82 GB, 使用中メモリ: 13.04 GB, 空きメモリ: 2.78 GB
INFO:root:test:  epoch(batch)200:  GPUメモリ使用量: 19.74 MB / 確保済み: 60.00 MB
INFO:root:Batch:300
INFO:root:test:  epoch(batch)300:  CPUメモリ使用量: 82.20%, 全メモリ: 15.82 GB, 使用中メモリ: 13.00 GB, 空きメモリ: 2.82 GB
INFO:root:test:  epoch(batch)300:  GPUメモリ使用量: 19.74 MB / 確保済み: 60.00 MB
INFO:root:Valid loss: 0.3724, Valid Accuracy: 0.8785
INFO:root:Validation loss improved to 0.3724.
INFO:root:after_valid:  epoch(batch)25:  CPUメモリ使用量: 82.10%, 全メモリ: 15.82 GB, 使用中メモリ: 12.98 GB, 空きメモリ: 2.84 GB
INFO:root:after_valid:  epoch(batch)25:  GPUメモリ使用量: 19.05 MB / 確保済み: 60.00 MB
INFO:root:train epoch: 26, Train loss: 0.3354
INFO:root:train epoch: 27, Train loss: 0.3201
INFO:root:train epoch: 28, Train loss: 0.2923
INFO:root:train epoch: 29, Train loss: 0.2717
INFO:root:Batch:0
INFO:root:test:  epoch(batch)0:  CPUメモリ使用量: 82.30%, 全メモリ: 15.82 GB, 使用中メモリ: 13.02 GB, 空きメモリ: 2.80 GB
INFO:root:test:  epoch(batch)0:  GPUメモリ使用量: 19.30 MB / 確保済み: 60.00 MB
INFO:root:Batch:100
INFO:root:test:  epoch(batch)100:  CPUメモリ使用量: 83.90%, 全メモリ: 15.82 GB, 使用中メモリ: 13.28 GB, 空きメモリ: 2.54 GB
INFO:root:test:  epoch(batch)100:  GPUメモリ使用量: 19.74 MB / 確保済み: 60.00 MB
INFO:root:Batch:200
INFO:root:test:  epoch(batch)200:  CPUメモリ使用量: 85.00%, 全メモリ: 15.82 GB, 使用中メモリ: 13.44 GB, 空きメモリ: 2.37 GB
INFO:root:test:  epoch(batch)200:  GPUメモリ使用量: 19.74 MB / 確保済み: 60.00 MB
INFO:root:Batch:300
INFO:root:test:  epoch(batch)300:  CPUメモリ使用量: 86.80%, 全メモリ: 15.82 GB, 使用中メモリ: 13.73 GB, 空きメモリ: 2.09 GB
INFO:root:test:  epoch(batch)300:  GPUメモリ使用量: 19.74 MB / 確保済み: 60.00 MB
INFO:root:Test loss: 0.3829, Accuracy: 0.8775, Spearman score: 0.7813, Precision top10.0% score: 0.4899
INFO:root:amount of pair:324416
