INFO:root:train epoch: 0, Train loss: 3.1046, lr: 0.00010
INFO:root:epoch:0
INFO:root:before_valid:  epoch(batch)0:  CPU긽긾깏럊뾭쀊: 79.20%, 멣긽긾깏: 15.82 GB, 럊뾭뭷긽긾깏: 12.52 GB, 뗴궖긽긾깏: 3.29 GB
INFO:root:before_valid:  epoch(batch)0:  GPU긽긾깏럊뾭쀊: 19.08 MB / 둴뺎띙귒: 66.00 MB
INFO:root:Batch:0
INFO:root:test:  epoch(batch)0:  CPU긽긾깏럊뾭쀊: 79.20%, 멣긽긾깏: 15.82 GB, 럊뾭뭷긽긾깏: 12.53 GB, 뗴궖긽긾깏: 3.29 GB
INFO:root:test:  epoch(batch)0:  GPU긽긾깏럊뾭쀊: 19.33 MB / 둴뺎띙귒: 66.00 MB
INFO:root:Valid loss: 4.6469, Valid Accuracy: 0.1220
INFO:root:Validation loss improved to 4.6469.
INFO:root:after_valid:  epoch(batch)0:  CPU긽긾깏럊뾭쀊: 79.40%, 멣긽긾깏: 15.82 GB, 럊뾭뭷긽긾깏: 12.56 GB, 뗴궖긽긾깏: 3.26 GB
INFO:root:after_valid:  epoch(batch)0:  GPU긽긾깏럊뾭쀊: 19.08 MB / 둴뺎띙귒: 66.00 MB
INFO:root:train epoch: 1, Train loss: 2.9479, lr: 0.00010
INFO:root:train epoch: 2, Train loss: 2.8837, lr: 0.00010
INFO:root:train epoch: 3, Train loss: 2.8432, lr: 0.00010
INFO:root:train epoch: 4, Train loss: 2.7898, lr: 0.00010
INFO:root:train epoch: 5, Train loss: 2.7406, lr: 0.00010
INFO:root:epoch:5
INFO:root:before_valid:  epoch(batch)5:  CPU긽긾깏럊뾭쀊: 78.70%, 멣긽긾깏: 15.82 GB, 럊뾭뭷긽긾깏: 12.45 GB, 뗴궖긽긾깏: 3.36 GB
INFO:root:before_valid:  epoch(batch)5:  GPU긽긾깏럊뾭쀊: 19.08 MB / 둴뺎띙귒: 62.00 MB
INFO:root:Batch:0
INFO:root:test:  epoch(batch)0:  CPU긽긾깏럊뾭쀊: 78.80%, 멣긽긾깏: 15.82 GB, 럊뾭뭷긽긾깏: 12.46 GB, 뗴궖긽긾깏: 3.36 GB
INFO:root:test:  epoch(batch)0:  GPU긽긾깏럊뾭쀊: 19.33 MB / 둴뺎띙귒: 62.00 MB
INFO:root:Valid loss: 4.5983, Valid Accuracy: 0.1016
INFO:root:Validation loss improved to 4.5983.
INFO:root:after_valid:  epoch(batch)5:  CPU긽긾깏럊뾭쀊: 78.70%, 멣긽긾깏: 15.82 GB, 럊뾭뭷긽긾깏: 12.45 GB, 뗴궖긽긾깏: 3.37 GB
INFO:root:after_valid:  epoch(batch)5:  GPU긽긾깏럊뾭쀊: 19.08 MB / 둴뺎띙귒: 62.00 MB
INFO:root:train epoch: 6, Train loss: 2.7055, lr: 0.00010
INFO:root:train epoch: 7, Train loss: 2.6821, lr: 0.00010
INFO:root:train epoch: 8, Train loss: 2.6648, lr: 0.00010
INFO:root:train epoch: 9, Train loss: 2.6436, lr: 0.00010
INFO:root:train epoch: 10, Train loss: 2.6046, lr: 0.00001
INFO:root:epoch:10
INFO:root:before_valid:  epoch(batch)10:  CPU긽긾깏럊뾭쀊: 79.20%, 멣긽긾깏: 15.82 GB, 럊뾭뭷긽긾깏: 12.52 GB, 뗴궖긽긾깏: 3.29 GB
INFO:root:before_valid:  epoch(batch)10:  GPU긽긾깏럊뾭쀊: 19.08 MB / 둴뺎띙귒: 64.00 MB
INFO:root:Batch:0
INFO:root:test:  epoch(batch)0:  CPU긽긾깏럊뾭쀊: 79.20%, 멣긽긾깏: 15.82 GB, 럊뾭뭷긽긾깏: 12.53 GB, 뗴궖긽긾깏: 3.28 GB
INFO:root:test:  epoch(batch)0:  GPU긽긾깏럊뾭쀊: 19.33 MB / 둴뺎띙귒: 64.00 MB
INFO:root:Valid loss: 4.6614, Valid Accuracy: 0.1045
INFO:root:No improvement in validation loss for 1 epochs.
INFO:root:after_valid:  epoch(batch)10:  CPU긽긾깏럊뾭쀊: 79.10%, 멣긽긾깏: 15.82 GB, 럊뾭뭷긽긾깏: 12.51 GB, 뗴궖긽긾깏: 3.31 GB
INFO:root:after_valid:  epoch(batch)10:  GPU긽긾깏럊뾭쀊: 19.08 MB / 둴뺎띙귒: 64.00 MB
INFO:root:train epoch: 11, Train loss: 2.5990, lr: 0.00001
INFO:root:train epoch: 12, Train loss: 2.5949, lr: 0.00001
INFO:root:train epoch: 13, Train loss: 2.5910, lr: 0.00001
INFO:root:train epoch: 14, Train loss: 2.5886, lr: 0.00001
INFO:root:train epoch: 15, Train loss: 2.5857, lr: 0.00001
INFO:root:epoch:15
INFO:root:before_valid:  epoch(batch)15:  CPU긽긾깏럊뾭쀊: 79.50%, 멣긽긾깏: 15.82 GB, 럊뾭뭷긽긾깏: 12.57 GB, 뗴궖긽긾깏: 3.25 GB
INFO:root:before_valid:  epoch(batch)15:  GPU긽긾깏럊뾭쀊: 19.08 MB / 둴뺎띙귒: 66.00 MB
INFO:root:Batch:0
INFO:root:test:  epoch(batch)0:  CPU긽긾깏럊뾭쀊: 79.50%, 멣긽긾깏: 15.82 GB, 럊뾭뭷긽긾깏: 12.58 GB, 뗴궖긽긾깏: 3.24 GB
INFO:root:test:  epoch(batch)0:  GPU긽긾깏럊뾭쀊: 19.33 MB / 둴뺎띙귒: 66.00 MB
INFO:root:Valid loss: 4.6633, Valid Accuracy: 0.1123
INFO:root:No improvement in validation loss for 2 epochs.
INFO:root:after_valid:  epoch(batch)15:  CPU긽긾깏럊뾭쀊: 79.50%, 멣긽긾깏: 15.82 GB, 럊뾭뭷긽긾깏: 12.57 GB, 뗴궖긽긾깏: 3.25 GB
INFO:root:after_valid:  epoch(batch)15:  GPU긽긾깏럊뾭쀊: 19.08 MB / 둴뺎띙귒: 66.00 MB
INFO:root:train epoch: 16, Train loss: 2.5830, lr: 0.00001
INFO:root:train epoch: 17, Train loss: 2.5803, lr: 0.00001
INFO:root:train epoch: 18, Train loss: 2.5779, lr: 0.00001
INFO:root:train epoch: 19, Train loss: 2.5746, lr: 0.00001
INFO:root:train epoch: 20, Train loss: 2.5725, lr: 0.00001
INFO:root:epoch:20
INFO:root:before_valid:  epoch(batch)20:  CPU긽긾깏럊뾭쀊: 79.90%, 멣긽긾깏: 15.82 GB, 럊뾭뭷긽긾깏: 12.63 GB, 뗴궖긽긾깏: 3.18 GB
INFO:root:before_valid:  epoch(batch)20:  GPU긽긾깏럊뾭쀊: 19.08 MB / 둴뺎띙귒: 62.00 MB
INFO:root:Batch:0
INFO:root:test:  epoch(batch)0:  CPU긽긾깏럊뾭쀊: 79.90%, 멣긽긾깏: 15.82 GB, 럊뾭뭷긽긾깏: 12.64 GB, 뗴궖긽긾깏: 3.18 GB
INFO:root:test:  epoch(batch)0:  GPU긽긾깏럊뾭쀊: 19.33 MB / 둴뺎띙귒: 62.00 MB
INFO:root:Valid loss: 4.6477, Valid Accuracy: 0.1162
INFO:root:No improvement in validation loss for 3 epochs.
INFO:root:Early stopping triggered.
INFO:root:Batch:0
INFO:root:test:  epoch(batch)0:  CPU긽긾깏럊뾭쀊: 79.90%, 멣긽긾깏: 15.82 GB, 럊뾭뭷긽긾깏: 12.64 GB, 뗴궖긽긾깏: 3.18 GB
INFO:root:test:  epoch(batch)0:  GPU긽긾깏럊뾭쀊: 19.33 MB / 둴뺎띙귒: 62.00 MB
INFO:root:Test loss: 4.6971, Accuracy: 0.0928, Spearman score: 0.0367, Precision top Attn80% score: 0.1002
INFO:root:amount of pair:66176
INFO:root:Time: 2275.1847 seconds
INFO:root:train epoch: 0, Train loss: 3.1126, lr: 0.00010
INFO:root:epoch:0
INFO:root:before_valid:  epoch(batch)0:  CPU긽긾깏럊뾭쀊: 79.90%, 멣긽긾깏: 15.82 GB, 럊뾭뭷긽긾깏: 12.63 GB, 뗴궖긽긾깏: 3.18 GB
INFO:root:before_valid:  epoch(batch)0:  GPU긽긾깏럊뾭쀊: 19.08 MB / 둴뺎띙귒: 66.00 MB
INFO:root:Batch:0
INFO:root:test:  epoch(batch)0:  CPU긽긾깏럊뾭쀊: 79.90%, 멣긽긾깏: 15.82 GB, 럊뾭뭷긽긾깏: 12.64 GB, 뗴궖긽긾깏: 3.18 GB
INFO:root:test:  epoch(batch)0:  GPU긽긾깏럊뾭쀊: 19.33 MB / 둴뺎띙귒: 66.00 MB
INFO:root:Valid loss: 2.9871, Valid Accuracy: 0.0833
INFO:root:Validation loss improved to 2.9871.
INFO:root:after_valid:  epoch(batch)0:  CPU긽긾깏럊뾭쀊: 80.30%, 멣긽긾깏: 15.82 GB, 럊뾭뭷긽긾깏: 12.70 GB, 뗴궖긽긾깏: 3.12 GB
INFO:root:after_valid:  epoch(batch)0:  GPU긽긾깏럊뾭쀊: 19.08 MB / 둴뺎띙귒: 66.00 MB
INFO:root:train epoch: 1, Train loss: 2.9258, lr: 0.00010
INFO:root:train epoch: 2, Train loss: 2.8324, lr: 0.00010
INFO:root:train epoch: 3, Train loss: 2.8030, lr: 0.00010
INFO:root:train epoch: 4, Train loss: 2.7651, lr: 0.00010
INFO:root:train epoch: 5, Train loss: 2.7251, lr: 0.00010
INFO:root:epoch:5
INFO:root:before_valid:  epoch(batch)5:  CPU긽긾깏럊뾭쀊: 80.10%, 멣긽긾깏: 15.82 GB, 럊뾭뭷긽긾깏: 12.67 GB, 뗴궖긽긾깏: 3.15 GB
INFO:root:before_valid:  epoch(batch)5:  GPU긽긾깏럊뾭쀊: 19.08 MB / 둴뺎띙귒: 62.00 MB
INFO:root:Batch:0
INFO:root:test:  epoch(batch)0:  CPU긽긾깏럊뾭쀊: 80.10%, 멣긽긾깏: 15.82 GB, 럊뾭뭷긽긾깏: 12.67 GB, 뗴궖긽긾깏: 3.15 GB
INFO:root:test:  epoch(batch)0:  GPU긽긾깏럊뾭쀊: 19.33 MB / 둴뺎띙귒: 62.00 MB
INFO:root:Valid loss: 2.7321, Valid Accuracy: 0.2110
INFO:root:Validation loss improved to 2.7321.
INFO:root:after_valid:  epoch(batch)5:  CPU긽긾깏럊뾭쀊: 80.30%, 멣긽긾깏: 15.82 GB, 럊뾭뭷긽긾깏: 12.70 GB, 뗴궖긽긾깏: 3.11 GB
INFO:root:after_valid:  epoch(batch)5:  GPU긽긾깏럊뾭쀊: 19.08 MB / 둴뺎띙귒: 62.00 MB
INFO:root:train epoch: 6, Train loss: 2.6796, lr: 0.00010
INFO:root:train epoch: 7, Train loss: 2.6296, lr: 0.00010
INFO:root:train epoch: 8, Train loss: 2.6060, lr: 0.00010
INFO:root:train epoch: 9, Train loss: 2.5799, lr: 0.00010
INFO:root:train epoch: 10, Train loss: 2.5328, lr: 0.00001
INFO:root:epoch:10
INFO:root:before_valid:  epoch(batch)10:  CPU긽긾깏럊뾭쀊: 80.30%, 멣긽긾깏: 15.82 GB, 럊뾭뭷긽긾깏: 12.71 GB, 뗴궖긽긾깏: 3.11 GB
INFO:root:before_valid:  epoch(batch)10:  GPU긽긾깏럊뾭쀊: 19.08 MB / 둴뺎띙귒: 64.00 MB
INFO:root:Batch:0
INFO:root:test:  epoch(batch)0:  CPU긽긾깏럊뾭쀊: 80.40%, 멣긽긾깏: 15.82 GB, 럊뾭뭷긽긾깏: 12.71 GB, 뗴궖긽긾깏: 3.11 GB
INFO:root:test:  epoch(batch)0:  GPU긽긾깏럊뾭쀊: 19.33 MB / 둴뺎띙귒: 64.00 MB
INFO:root:Valid loss: 2.5455, Valid Accuracy: 0.2507
INFO:root:Validation loss improved to 2.5455.
INFO:root:after_valid:  epoch(batch)10:  CPU긽긾깏럊뾭쀊: 80.30%, 멣긽긾깏: 15.82 GB, 럊뾭뭷긽긾깏: 12.70 GB, 뗴궖긽긾깏: 3.11 GB
INFO:root:after_valid:  epoch(batch)10:  GPU긽긾깏럊뾭쀊: 19.08 MB / 둴뺎띙귒: 64.00 MB
INFO:root:train epoch: 11, Train loss: 2.5244, lr: 0.00001
INFO:root:train epoch: 12, Train loss: 2.5212, lr: 0.00001
INFO:root:train epoch: 13, Train loss: 2.5183, lr: 0.00001
INFO:root:train epoch: 14, Train loss: 2.5167, lr: 0.00001
INFO:root:train epoch: 15, Train loss: 2.5136, lr: 0.00001
INFO:root:epoch:15
INFO:root:before_valid:  epoch(batch)15:  CPU긽긾깏럊뾭쀊: 80.30%, 멣긽긾깏: 15.82 GB, 럊뾭뭷긽긾깏: 12.70 GB, 뗴궖긽긾깏: 3.11 GB
INFO:root:before_valid:  epoch(batch)15:  GPU긽긾깏럊뾭쀊: 19.08 MB / 둴뺎띙귒: 66.00 MB
INFO:root:Batch:0
INFO:root:test:  epoch(batch)0:  CPU긽긾깏럊뾭쀊: 80.30%, 멣긽긾깏: 15.82 GB, 럊뾭뭷긽긾깏: 12.71 GB, 뗴궖긽긾깏: 3.11 GB
INFO:root:test:  epoch(batch)0:  GPU긽긾깏럊뾭쀊: 19.33 MB / 둴뺎띙귒: 66.00 MB
INFO:root:Valid loss: 2.5337, Valid Accuracy: 0.2488
INFO:root:Validation loss improved to 2.5337.
INFO:root:after_valid:  epoch(batch)15:  CPU긽긾깏럊뾭쀊: 80.50%, 멣긽긾깏: 15.82 GB, 럊뾭뭷긽긾깏: 12.73 GB, 뗴궖긽긾깏: 3.09 GB
INFO:root:after_valid:  epoch(batch)15:  GPU긽긾깏럊뾭쀊: 19.08 MB / 둴뺎띙귒: 66.00 MB
INFO:root:train epoch: 16, Train loss: 2.5113, lr: 0.00001
INFO:root:train epoch: 17, Train loss: 2.5089, lr: 0.00001
INFO:root:train epoch: 18, Train loss: 2.5085, lr: 0.00001
INFO:root:train epoch: 19, Train loss: 2.5054, lr: 0.00001
INFO:root:train epoch: 20, Train loss: 2.5034, lr: 0.00001
INFO:root:epoch:20
INFO:root:before_valid:  epoch(batch)20:  CPU긽긾깏럊뾭쀊: 80.10%, 멣긽긾깏: 15.82 GB, 럊뾭뭷긽긾깏: 12.68 GB, 뗴궖긽긾깏: 3.14 GB
INFO:root:before_valid:  epoch(batch)20:  GPU긽긾깏럊뾭쀊: 19.08 MB / 둴뺎띙귒: 62.00 MB
INFO:root:Batch:0
INFO:root:test:  epoch(batch)0:  CPU긽긾깏럊뾭쀊: 80.10%, 멣긽긾깏: 15.82 GB, 럊뾭뭷긽긾깏: 12.67 GB, 뗴궖긽긾깏: 3.14 GB
INFO:root:test:  epoch(batch)0:  GPU긽긾깏럊뾭쀊: 19.33 MB / 둴뺎띙귒: 62.00 MB
INFO:root:Valid loss: 2.5329, Valid Accuracy: 0.2556
INFO:root:Validation loss improved to 2.5329.
INFO:root:after_valid:  epoch(batch)20:  CPU긽긾깏럊뾭쀊: 80.70%, 멣긽긾깏: 15.82 GB, 럊뾭뭷긽긾깏: 12.77 GB, 뗴궖긽긾깏: 3.05 GB
INFO:root:after_valid:  epoch(batch)20:  GPU긽긾깏럊뾭쀊: 19.08 MB / 둴뺎띙귒: 62.00 MB
INFO:root:train epoch: 21, Train loss: 2.5010, lr: 0.00001
INFO:root:train epoch: 22, Train loss: 2.5006, lr: 0.00001
INFO:root:train epoch: 23, Train loss: 2.4987, lr: 0.00001
INFO:root:train epoch: 24, Train loss: 2.4969, lr: 0.00001
INFO:root:train epoch: 25, Train loss: 2.4960, lr: 0.00001
INFO:root:epoch:25
INFO:root:before_valid:  epoch(batch)25:  CPU긽긾깏럊뾭쀊: 80.10%, 멣긽긾깏: 15.82 GB, 럊뾭뭷긽긾깏: 12.68 GB, 뗴궖긽긾깏: 3.14 GB
INFO:root:before_valid:  epoch(batch)25:  GPU긽긾깏럊뾭쀊: 19.08 MB / 둴뺎띙귒: 64.00 MB
INFO:root:Batch:0
INFO:root:test:  epoch(batch)0:  CPU긽긾깏럊뾭쀊: 80.20%, 멣긽긾깏: 15.82 GB, 럊뾭뭷긽긾깏: 12.69 GB, 뗴궖긽긾깏: 3.13 GB
INFO:root:test:  epoch(batch)0:  GPU긽긾깏럊뾭쀊: 19.33 MB / 둴뺎띙귒: 64.00 MB
INFO:root:Valid loss: 2.5289, Valid Accuracy: 0.2546
INFO:root:Validation loss improved to 2.5289.
INFO:root:after_valid:  epoch(batch)25:  CPU긽긾깏럊뾭쀊: 80.20%, 멣긽긾깏: 15.82 GB, 럊뾭뭷긽긾깏: 12.68 GB, 뗴궖긽긾깏: 3.13 GB
INFO:root:after_valid:  epoch(batch)25:  GPU긽긾깏럊뾭쀊: 19.08 MB / 둴뺎띙귒: 64.00 MB
INFO:root:train epoch: 26, Train loss: 2.4931, lr: 0.00001
INFO:root:train epoch: 27, Train loss: 2.4929, lr: 0.00001
INFO:root:train epoch: 28, Train loss: 2.4911, lr: 0.00001
INFO:root:train epoch: 29, Train loss: 2.4891, lr: 0.00001
INFO:root:Batch:0
INFO:root:test:  epoch(batch)0:  CPU긽긾깏럊뾭쀊: 80.10%, 멣긽긾깏: 15.82 GB, 럊뾭뭷긽긾깏: 12.67 GB, 뗴궖긽긾깏: 3.15 GB
INFO:root:test:  epoch(batch)0:  GPU긽긾깏럊뾭쀊: 19.33 MB / 둴뺎띙귒: 62.00 MB
INFO:root:Test loss: 2.5430, Accuracy: 0.2863, Spearman score: 0.1197, Precision top Attn80% score: 0.1469
INFO:root:amount of pair:66176
INFO:root:Time: 3024.0903 seconds
