INFO:root:train epoch: 0, Train loss: 2.7505, lr: 0.00010
INFO:root:epoch:0
INFO:root:before_valid:  epoch(batch)0:  CPU긽긾깏럊뾭쀊: 78.30%, 멣긽긾깏: 15.82 GB, 럊뾭뭷긽긾깏: 12.39 GB, 뗴궖긽긾깏: 3.42 GB
INFO:root:before_valid:  epoch(batch)0:  GPU긽긾깏럊뾭쀊: 19.04 MB / 둴뺎띙귒: 54.00 MB
INFO:root:Batch:0
INFO:root:test:  epoch(batch)0:  CPU긽긾깏럊뾭쀊: 78.40%, 멣긽긾깏: 15.82 GB, 럊뾭뭷긽긾깏: 12.40 GB, 뗴궖긽긾깏: 3.42 GB
INFO:root:test:  epoch(batch)0:  GPU긽긾깏럊뾭쀊: 19.29 MB / 둴뺎띙귒: 54.00 MB
INFO:root:Valid loss: 2.7053, Valid Accuracy: 0.1579
INFO:root:Validation loss improved to 2.7053.
INFO:root:after_valid:  epoch(batch)0:  CPU긽긾깏럊뾭쀊: 78.40%, 멣긽긾깏: 15.82 GB, 럊뾭뭷긽긾깏: 12.41 GB, 뗴궖긽긾깏: 3.41 GB
INFO:root:after_valid:  epoch(batch)0:  GPU긽긾깏럊뾭쀊: 19.04 MB / 둴뺎띙귒: 54.00 MB
INFO:root:train epoch: 1, Train loss: 2.6343, lr: 0.00010
INFO:root:train epoch: 2, Train loss: 2.5665, lr: 0.00010
INFO:root:train epoch: 3, Train loss: 2.5382, lr: 0.00010
INFO:root:train epoch: 4, Train loss: 2.5122, lr: 0.00010
INFO:root:train epoch: 5, Train loss: 2.4547, lr: 0.00010
INFO:root:epoch:5
INFO:root:before_valid:  epoch(batch)5:  CPU긽긾깏럊뾭쀊: 77.40%, 멣긽긾깏: 15.82 GB, 럊뾭뭷긽긾깏: 12.25 GB, 뗴궖긽긾깏: 3.57 GB
INFO:root:before_valid:  epoch(batch)5:  GPU긽긾깏럊뾭쀊: 19.04 MB / 둴뺎띙귒: 54.00 MB
INFO:root:Batch:0
INFO:root:test:  epoch(batch)0:  CPU긽긾깏럊뾭쀊: 77.50%, 멣긽긾깏: 15.82 GB, 럊뾭뭷긽긾깏: 12.25 GB, 뗴궖긽긾깏: 3.57 GB
INFO:root:test:  epoch(batch)0:  GPU긽긾깏럊뾭쀊: 19.29 MB / 둴뺎띙귒: 54.00 MB
INFO:root:Valid loss: 2.4882, Valid Accuracy: 0.2189
INFO:root:Validation loss improved to 2.4882.
INFO:root:after_valid:  epoch(batch)5:  CPU긽긾깏럊뾭쀊: 77.40%, 멣긽긾깏: 15.82 GB, 럊뾭뭷긽긾깏: 12.24 GB, 뗴궖긽긾깏: 3.58 GB
INFO:root:after_valid:  epoch(batch)5:  GPU긽긾깏럊뾭쀊: 19.04 MB / 둴뺎띙귒: 54.00 MB
INFO:root:train epoch: 6, Train loss: 2.4075, lr: 0.00010
INFO:root:train epoch: 7, Train loss: 2.3573, lr: 0.00010
INFO:root:train epoch: 8, Train loss: 2.3268, lr: 0.00010
INFO:root:train epoch: 9, Train loss: 2.2909, lr: 0.00010
INFO:root:train epoch: 10, Train loss: 2.2353, lr: 0.00001
INFO:root:epoch:10
INFO:root:before_valid:  epoch(batch)10:  CPU긽긾깏럊뾭쀊: 76.00%, 멣긽긾깏: 15.82 GB, 럊뾭뭷긽긾깏: 12.02 GB, 뗴궖긽긾깏: 3.79 GB
INFO:root:before_valid:  epoch(batch)10:  GPU긽긾깏럊뾭쀊: 19.04 MB / 둴뺎띙귒: 54.00 MB
INFO:root:Batch:0
INFO:root:test:  epoch(batch)0:  CPU긽긾깏럊뾭쀊: 76.00%, 멣긽긾깏: 15.82 GB, 럊뾭뭷긽긾깏: 12.03 GB, 뗴궖긽긾깏: 3.79 GB
INFO:root:test:  epoch(batch)0:  GPU긽긾깏럊뾭쀊: 19.29 MB / 둴뺎띙귒: 54.00 MB
INFO:root:Valid loss: 2.3068, Valid Accuracy: 0.2853
INFO:root:Validation loss improved to 2.3068.
INFO:root:after_valid:  epoch(batch)10:  CPU긽긾깏럊뾭쀊: 76.10%, 멣긽긾깏: 15.82 GB, 럊뾭뭷긽긾깏: 12.03 GB, 뗴궖긽긾깏: 3.78 GB
INFO:root:after_valid:  epoch(batch)10:  GPU긽긾깏럊뾭쀊: 19.04 MB / 둴뺎띙귒: 54.00 MB
INFO:root:train epoch: 11, Train loss: 2.2277, lr: 0.00001
INFO:root:train epoch: 12, Train loss: 2.2220, lr: 0.00001
INFO:root:train epoch: 13, Train loss: 2.2177, lr: 0.00001
INFO:root:train epoch: 14, Train loss: 2.2134, lr: 0.00001
INFO:root:train epoch: 15, Train loss: 2.2101, lr: 0.00001
INFO:root:epoch:15
INFO:root:before_valid:  epoch(batch)15:  CPU긽긾깏럊뾭쀊: 76.30%, 멣긽긾깏: 15.82 GB, 럊뾭뭷긽긾깏: 12.07 GB, 뗴궖긽긾깏: 3.74 GB
INFO:root:before_valid:  epoch(batch)15:  GPU긽긾깏럊뾭쀊: 19.04 MB / 둴뺎띙귒: 54.00 MB
INFO:root:Batch:0
INFO:root:test:  epoch(batch)0:  CPU긽긾깏럊뾭쀊: 76.30%, 멣긽긾깏: 15.82 GB, 럊뾭뭷긽긾깏: 12.07 GB, 뗴궖긽긾깏: 3.75 GB
INFO:root:test:  epoch(batch)0:  GPU긽긾깏럊뾭쀊: 19.29 MB / 둴뺎띙귒: 54.00 MB
INFO:root:Valid loss: 2.2888, Valid Accuracy: 0.2895
INFO:root:Validation loss improved to 2.2888.
INFO:root:after_valid:  epoch(batch)15:  CPU긽긾깏럊뾭쀊: 76.50%, 멣긽긾깏: 15.82 GB, 럊뾭뭷긽긾깏: 12.11 GB, 뗴궖긽긾깏: 3.71 GB
INFO:root:after_valid:  epoch(batch)15:  GPU긽긾깏럊뾭쀊: 19.04 MB / 둴뺎띙귒: 54.00 MB
INFO:root:train epoch: 16, Train loss: 2.2063, lr: 0.00001
INFO:root:train epoch: 17, Train loss: 2.2022, lr: 0.00001
INFO:root:train epoch: 18, Train loss: 2.1981, lr: 0.00001
INFO:root:train epoch: 19, Train loss: 2.1954, lr: 0.00001
INFO:root:train epoch: 20, Train loss: 2.1896, lr: 0.00001
INFO:root:epoch:20
INFO:root:before_valid:  epoch(batch)20:  CPU긽긾깏럊뾭쀊: 77.10%, 멣긽긾깏: 15.82 GB, 럊뾭뭷긽긾깏: 12.20 GB, 뗴궖긽긾깏: 3.62 GB
INFO:root:before_valid:  epoch(batch)20:  GPU긽긾깏럊뾭쀊: 19.04 MB / 둴뺎띙귒: 54.00 MB
INFO:root:Batch:0
INFO:root:test:  epoch(batch)0:  CPU긽긾깏럊뾭쀊: 77.20%, 멣긽긾깏: 15.82 GB, 럊뾭뭷긽긾깏: 12.20 GB, 뗴궖긽긾깏: 3.61 GB
INFO:root:test:  epoch(batch)0:  GPU긽긾깏럊뾭쀊: 19.29 MB / 둴뺎띙귒: 54.00 MB
INFO:root:Valid loss: 2.2685, Valid Accuracy: 0.3032
INFO:root:Validation loss improved to 2.2685.
INFO:root:after_valid:  epoch(batch)20:  CPU긽긾깏럊뾭쀊: 77.00%, 멣긽긾깏: 15.82 GB, 럊뾭뭷긽긾깏: 12.17 GB, 뗴궖긽긾깏: 3.65 GB
INFO:root:after_valid:  epoch(batch)20:  GPU긽긾깏럊뾭쀊: 19.04 MB / 둴뺎띙귒: 54.00 MB
INFO:root:train epoch: 21, Train loss: 2.1872, lr: 0.00001
INFO:root:train epoch: 22, Train loss: 2.1831, lr: 0.00001
INFO:root:train epoch: 23, Train loss: 2.1793, lr: 0.00001
INFO:root:train epoch: 24, Train loss: 2.1744, lr: 0.00001
INFO:root:train epoch: 25, Train loss: 2.1720, lr: 0.00001
INFO:root:epoch:25
INFO:root:before_valid:  epoch(batch)25:  CPU긽긾깏럊뾭쀊: 75.10%, 멣긽긾깏: 15.82 GB, 럊뾭뭷긽긾깏: 11.89 GB, 뗴궖긽긾깏: 3.93 GB
INFO:root:before_valid:  epoch(batch)25:  GPU긽긾깏럊뾭쀊: 19.04 MB / 둴뺎띙귒: 54.00 MB
INFO:root:Batch:0
INFO:root:test:  epoch(batch)0:  CPU긽긾깏럊뾭쀊: 75.20%, 멣긽긾깏: 15.82 GB, 럊뾭뭷긽긾깏: 11.89 GB, 뗴궖긽긾깏: 3.93 GB
INFO:root:test:  epoch(batch)0:  GPU긽긾깏럊뾭쀊: 19.29 MB / 둴뺎띙귒: 54.00 MB
INFO:root:Valid loss: 2.2546, Valid Accuracy: 0.3074
INFO:root:Validation loss improved to 2.2546.
INFO:root:after_valid:  epoch(batch)25:  CPU긽긾깏럊뾭쀊: 75.10%, 멣긽긾깏: 15.82 GB, 럊뾭뭷긽긾깏: 11.88 GB, 뗴궖긽긾깏: 3.93 GB
INFO:root:after_valid:  epoch(batch)25:  GPU긽긾깏럊뾭쀊: 19.04 MB / 둴뺎띙귒: 54.00 MB
INFO:root:train epoch: 26, Train loss: 2.1676, lr: 0.00001
INFO:root:train epoch: 27, Train loss: 2.1643, lr: 0.00001
INFO:root:train epoch: 28, Train loss: 2.1604, lr: 0.00001
INFO:root:train epoch: 29, Train loss: 2.1558, lr: 0.00001
INFO:root:Batch:0
INFO:root:test:  epoch(batch)0:  CPU긽긾깏럊뾭쀊: 74.80%, 멣긽긾깏: 15.82 GB, 럊뾭뭷긽긾깏: 11.82 GB, 뗴궖긽긾깏: 3.99 GB
INFO:root:test:  epoch(batch)0:  GPU긽긾깏럊뾭쀊: 19.29 MB / 둴뺎띙귒: 54.00 MB
INFO:root:Test loss: 2.1867, Accuracy: 0.3218, Spearman score: 1.0000, Precision top Attn80% score: 1.0000
INFO:root:amount of pair:60864
INFO:root:Time: 2775.8806 seconds
INFO:root:train epoch: 0, Train loss: 2.7638, lr: 0.00010
INFO:root:epoch:0
INFO:root:before_valid:  epoch(batch)0:  CPU긽긾깏럊뾭쀊: 84.40%, 멣긽긾깏: 15.82 GB, 럊뾭뭷긽긾깏: 13.35 GB, 뗴궖긽긾깏: 2.47 GB
INFO:root:before_valid:  epoch(batch)0:  GPU긽긾깏럊뾭쀊: 19.18 MB / 둴뺎띙귒: 64.00 MB
INFO:root:Batch:0
INFO:root:test:  epoch(batch)0:  CPU긽긾깏럊뾭쀊: 84.40%, 멣긽긾깏: 15.82 GB, 럊뾭뭷긽긾깏: 13.35 GB, 뗴궖긽긾깏: 2.47 GB
INFO:root:test:  epoch(batch)0:  GPU긽긾깏럊뾭쀊: 20.18 MB / 둴뺎띙귒: 64.00 MB
INFO:root:Valid loss: 2.7615, Valid Accuracy: 0.1084
INFO:root:Validation loss improved to 2.7615.
INFO:root:after_valid:  epoch(batch)0:  CPU긽긾깏럊뾭쀊: 84.60%, 멣긽긾깏: 15.82 GB, 럊뾭뭷긽긾깏: 13.39 GB, 뗴궖긽긾깏: 2.43 GB
INFO:root:after_valid:  epoch(batch)0:  GPU긽긾깏럊뾭쀊: 19.18 MB / 둴뺎띙귒: 64.00 MB
INFO:root:train epoch: 1, Train loss: 2.6599, lr: 0.00010
INFO:root:train epoch: 2, Train loss: 2.5809, lr: 0.00010
INFO:root:train epoch: 3, Train loss: 2.5395, lr: 0.00010
INFO:root:train epoch: 4, Train loss: 2.4927, lr: 0.00010
INFO:root:train epoch: 5, Train loss: 2.4572, lr: 0.00010
INFO:root:epoch:5
INFO:root:before_valid:  epoch(batch)5:  CPU긽긾깏럊뾭쀊: 84.70%, 멣긽긾깏: 15.82 GB, 럊뾭뭷긽긾깏: 13.40 GB, 뗴궖긽긾깏: 2.42 GB
INFO:root:before_valid:  epoch(batch)5:  GPU긽긾깏럊뾭쀊: 19.18 MB / 둴뺎띙귒: 64.00 MB
INFO:root:Batch:0
INFO:root:test:  epoch(batch)0:  CPU긽긾깏럊뾭쀊: 84.70%, 멣긽긾깏: 15.82 GB, 럊뾭뭷긽긾깏: 13.40 GB, 뗴궖긽긾깏: 2.41 GB
INFO:root:test:  epoch(batch)0:  GPU긽긾깏럊뾭쀊: 20.18 MB / 둴뺎띙귒: 64.00 MB
INFO:root:Valid loss: 2.4993, Valid Accuracy: 0.2274
INFO:root:Validation loss improved to 2.4993.
INFO:root:after_valid:  epoch(batch)5:  CPU긽긾깏럊뾭쀊: 84.70%, 멣긽긾깏: 15.82 GB, 럊뾭뭷긽긾깏: 13.40 GB, 뗴궖긽긾깏: 2.42 GB
INFO:root:after_valid:  epoch(batch)5:  GPU긽긾깏럊뾭쀊: 19.18 MB / 둴뺎띙귒: 64.00 MB
INFO:root:train epoch: 6, Train loss: 2.4314, lr: 0.00010
INFO:root:train epoch: 7, Train loss: 2.4161, lr: 0.00010
INFO:root:train epoch: 8, Train loss: 2.3990, lr: 0.00010
INFO:root:train epoch: 9, Train loss: 2.3829, lr: 0.00010
INFO:root:train epoch: 10, Train loss: 2.3703, lr: 0.00010
INFO:root:epoch:10
INFO:root:before_valid:  epoch(batch)10:  CPU긽긾깏럊뾭쀊: 84.70%, 멣긽긾깏: 15.82 GB, 럊뾭뭷긽긾깏: 13.39 GB, 뗴궖긽긾깏: 2.43 GB
INFO:root:before_valid:  epoch(batch)10:  GPU긽긾깏럊뾭쀊: 19.18 MB / 둴뺎띙귒: 64.00 MB
INFO:root:Batch:0
INFO:root:test:  epoch(batch)0:  CPU긽긾깏럊뾭쀊: 84.70%, 멣긽긾깏: 15.82 GB, 럊뾭뭷긽긾깏: 13.39 GB, 뗴궖긽긾깏: 2.42 GB
INFO:root:test:  epoch(batch)0:  GPU긽긾깏럊뾭쀊: 20.18 MB / 둴뺎띙귒: 64.00 MB
INFO:root:Valid loss: 2.4513, Valid Accuracy: 0.2326
INFO:root:Validation loss improved to 2.4513.
INFO:root:after_valid:  epoch(batch)10:  CPU긽긾깏럊뾭쀊: 84.60%, 멣긽긾깏: 15.82 GB, 럊뾭뭷긽긾깏: 13.38 GB, 뗴궖긽긾깏: 2.44 GB
INFO:root:after_valid:  epoch(batch)10:  GPU긽긾깏럊뾭쀊: 19.18 MB / 둴뺎띙귒: 64.00 MB
INFO:root:train epoch: 11, Train loss: 2.3581, lr: 0.00010
INFO:root:train epoch: 12, Train loss: 2.3419, lr: 0.00010
INFO:root:train epoch: 13, Train loss: 2.3262, lr: 0.00010
INFO:root:train epoch: 14, Train loss: 2.3059, lr: 0.00010
INFO:root:train epoch: 15, Train loss: 2.2835, lr: 0.00010
INFO:root:epoch:15
INFO:root:before_valid:  epoch(batch)15:  CPU긽긾깏럊뾭쀊: 84.70%, 멣긽긾깏: 15.82 GB, 럊뾭뭷긽긾깏: 13.40 GB, 뗴궖긽긾깏: 2.42 GB
INFO:root:before_valid:  epoch(batch)15:  GPU긽긾깏럊뾭쀊: 19.18 MB / 둴뺎띙귒: 64.00 MB
INFO:root:Batch:0
INFO:root:test:  epoch(batch)0:  CPU긽긾깏럊뾭쀊: 84.70%, 멣긽긾깏: 15.82 GB, 럊뾭뭷긽긾깏: 13.40 GB, 뗴궖긽긾깏: 2.41 GB
INFO:root:test:  epoch(batch)0:  GPU긽긾깏럊뾭쀊: 20.18 MB / 둴뺎띙귒: 64.00 MB
INFO:root:Valid loss: 2.3877, Valid Accuracy: 0.2579
INFO:root:Validation loss improved to 2.3877.
INFO:root:after_valid:  epoch(batch)15:  CPU긽긾깏럊뾭쀊: 84.70%, 멣긽긾깏: 15.82 GB, 럊뾭뭷긽긾깏: 13.40 GB, 뗴궖긽긾깏: 2.42 GB
INFO:root:after_valid:  epoch(batch)15:  GPU긽긾깏럊뾭쀊: 19.18 MB / 둴뺎띙귒: 64.00 MB
INFO:root:train epoch: 16, Train loss: 2.2687, lr: 0.00010
INFO:root:train epoch: 17, Train loss: 2.2528, lr: 0.00010
INFO:root:train epoch: 18, Train loss: 2.2415, lr: 0.00010
INFO:root:train epoch: 19, Train loss: 2.2207, lr: 0.00010
INFO:root:train epoch: 20, Train loss: 2.2018, lr: 0.00010
INFO:root:epoch:20
INFO:root:before_valid:  epoch(batch)20:  CPU긽긾깏럊뾭쀊: 84.80%, 멣긽긾깏: 15.82 GB, 럊뾭뭷긽긾깏: 13.41 GB, 뗴궖긽긾깏: 2.41 GB
INFO:root:before_valid:  epoch(batch)20:  GPU긽긾깏럊뾭쀊: 19.18 MB / 둴뺎띙귒: 64.00 MB
INFO:root:Batch:0
INFO:root:test:  epoch(batch)0:  CPU긽긾깏럊뾭쀊: 84.80%, 멣긽긾깏: 15.82 GB, 럊뾭뭷긽긾깏: 13.41 GB, 뗴궖긽긾깏: 2.40 GB
INFO:root:test:  epoch(batch)0:  GPU긽긾깏럊뾭쀊: 20.18 MB / 둴뺎띙귒: 64.00 MB
INFO:root:Valid loss: 2.3554, Valid Accuracy: 0.2653
INFO:root:Validation loss improved to 2.3554.
INFO:root:after_valid:  epoch(batch)20:  CPU긽긾깏럊뾭쀊: 84.80%, 멣긽긾깏: 15.82 GB, 럊뾭뭷긽긾깏: 13.41 GB, 뗴궖긽긾깏: 2.41 GB
INFO:root:after_valid:  epoch(batch)20:  GPU긽긾깏럊뾭쀊: 19.18 MB / 둴뺎띙귒: 64.00 MB
INFO:root:train epoch: 21, Train loss: 2.1919, lr: 0.00010
INFO:root:train epoch: 22, Train loss: 2.1838, lr: 0.00010
INFO:root:train epoch: 23, Train loss: 2.1648, lr: 0.00010
INFO:root:train epoch: 24, Train loss: 2.1477, lr: 0.00010
INFO:root:train epoch: 25, Train loss: 2.1370, lr: 0.00010
INFO:root:epoch:25
INFO:root:before_valid:  epoch(batch)25:  CPU긽긾깏럊뾭쀊: 84.80%, 멣긽긾깏: 15.82 GB, 럊뾭뭷긽긾깏: 13.42 GB, 뗴궖긽긾깏: 2.40 GB
INFO:root:before_valid:  epoch(batch)25:  GPU긽긾깏럊뾭쀊: 19.18 MB / 둴뺎띙귒: 64.00 MB
INFO:root:Batch:0
INFO:root:test:  epoch(batch)0:  CPU긽긾깏럊뾭쀊: 84.80%, 멣긽긾깏: 15.82 GB, 럊뾭뭷긽긾깏: 13.42 GB, 뗴궖긽긾깏: 2.40 GB
INFO:root:test:  epoch(batch)0:  GPU긽긾깏럊뾭쀊: 20.18 MB / 둴뺎띙귒: 64.00 MB
INFO:root:Valid loss: 2.3528, Valid Accuracy: 0.2811
INFO:root:Validation loss improved to 2.3528.
INFO:root:after_valid:  epoch(batch)25:  CPU긽긾깏럊뾭쀊: 84.90%, 멣긽긾깏: 15.82 GB, 럊뾭뭷긽긾깏: 13.42 GB, 뗴궖긽긾깏: 2.40 GB
INFO:root:after_valid:  epoch(batch)25:  GPU긽긾깏럊뾭쀊: 19.18 MB / 둴뺎띙귒: 64.00 MB
INFO:root:train epoch: 26, Train loss: 2.1139, lr: 0.00010
INFO:root:train epoch: 27, Train loss: 2.1129, lr: 0.00010
INFO:root:train epoch: 28, Train loss: 2.0834, lr: 0.00010
INFO:root:train epoch: 29, Train loss: 2.0805, lr: 0.00010
INFO:root:Batch:0
INFO:root:test:  epoch(batch)0:  CPU긽긾깏럊뾭쀊: 84.90%, 멣긽긾깏: 15.82 GB, 럊뾭뭷긽긾깏: 13.42 GB, 뗴궖긽긾깏: 2.39 GB
INFO:root:test:  epoch(batch)0:  GPU긽긾깏럊뾭쀊: 20.18 MB / 둴뺎띙귒: 64.00 MB
INFO:root:Test loss: 2.1689, Accuracy: 0.3155, Spearman score: 1.0000, Precision top Attn80% score: 1.0000
INFO:root:amount of pair:243456
INFO:root:Time: 3509.7643 seconds
