INFO:root:train epoch: 0, Train loss: 1.8924, lr: 0.00100
INFO:root:epoch:0
INFO:root:before_valid:  epoch(batch)0:  CPUメモリ使用量: 72.30%, 全メモリ: 15.82 GB, 使用中メモリ: 11.43 GB, 空きメモリ: 4.39 GB
INFO:root:before_valid:  epoch(batch)0:  GPUメモリ使用量: 19.05 MB / 確保済み: 60.00 MB
INFO:root:Batch:0
INFO:root:test:  epoch(batch)0:  CPUメモリ使用量: 72.20%, 全メモリ: 15.82 GB, 使用中メモリ: 11.43 GB, 空きメモリ: 4.39 GB
INFO:root:test:  epoch(batch)0:  GPUメモリ使用量: 19.30 MB / 確保済み: 60.00 MB
INFO:root:Batch:100
INFO:root:test:  epoch(batch)100:  CPUメモリ使用量: 72.30%, 全メモリ: 15.82 GB, 使用中メモリ: 11.44 GB, 空きメモリ: 4.38 GB
INFO:root:test:  epoch(batch)100:  GPUメモリ使用量: 19.74 MB / 確保済み: 60.00 MB
INFO:root:Batch:200
INFO:root:test:  epoch(batch)200:  CPUメモリ使用量: 72.20%, 全メモリ: 15.82 GB, 使用中メモリ: 11.42 GB, 空きメモリ: 4.40 GB
INFO:root:test:  epoch(batch)200:  GPUメモリ使用量: 19.74 MB / 確保済み: 60.00 MB
INFO:root:Batch:300
INFO:root:test:  epoch(batch)300:  CPUメモリ使用量: 72.10%, 全メモリ: 15.82 GB, 使用中メモリ: 11.41 GB, 空きメモリ: 4.41 GB
INFO:root:test:  epoch(batch)300:  GPUメモリ使用量: 19.74 MB / 確保済み: 60.00 MB
INFO:root:Valid loss: 1.5472, Valid Accuracy: 0.4778
INFO:root:Validation loss improved to 1.5472.
INFO:root:after_valid:  epoch(batch)0:  CPUメモリ使用量: 72.30%, 全メモリ: 15.82 GB, 使用中メモリ: 11.43 GB, 空きメモリ: 4.39 GB
INFO:root:after_valid:  epoch(batch)0:  GPUメモリ使用量: 19.05 MB / 確保済み: 60.00 MB
INFO:root:train epoch: 1, Train loss: 1.3492, lr: 0.00100
INFO:root:train epoch: 2, Train loss: 0.9776, lr: 0.00100
INFO:root:train epoch: 3, Train loss: 0.7134, lr: 0.00100
INFO:root:train epoch: 4, Train loss: 0.5267, lr: 0.00100
INFO:root:train epoch: 5, Train loss: 0.4089, lr: 0.00100
INFO:root:epoch:5
INFO:root:before_valid:  epoch(batch)5:  CPUメモリ使用量: 72.70%, 全メモリ: 15.82 GB, 使用中メモリ: 11.50 GB, 空きメモリ: 4.32 GB
INFO:root:before_valid:  epoch(batch)5:  GPUメモリ使用量: 19.05 MB / 確保済み: 60.00 MB
INFO:root:Batch:0
INFO:root:test:  epoch(batch)0:  CPUメモリ使用量: 72.70%, 全メモリ: 15.82 GB, 使用中メモリ: 11.51 GB, 空きメモリ: 4.31 GB
INFO:root:test:  epoch(batch)0:  GPUメモリ使用量: 19.30 MB / 確保済み: 60.00 MB
INFO:root:Batch:100
INFO:root:test:  epoch(batch)100:  CPUメモリ使用量: 72.60%, 全メモリ: 15.82 GB, 使用中メモリ: 11.49 GB, 空きメモリ: 4.33 GB
INFO:root:test:  epoch(batch)100:  GPUメモリ使用量: 19.74 MB / 確保済み: 60.00 MB
INFO:root:Batch:200
INFO:root:test:  epoch(batch)200:  CPUメモリ使用量: 72.50%, 全メモリ: 15.82 GB, 使用中メモリ: 11.47 GB, 空きメモリ: 4.35 GB
INFO:root:test:  epoch(batch)200:  GPUメモリ使用量: 19.74 MB / 確保済み: 60.00 MB
INFO:root:Batch:300
INFO:root:test:  epoch(batch)300:  CPUメモリ使用量: 72.50%, 全メモリ: 15.82 GB, 使用中メモリ: 11.47 GB, 空きメモリ: 4.34 GB
INFO:root:test:  epoch(batch)300:  GPUメモリ使用量: 19.74 MB / 確保済み: 60.00 MB
INFO:root:Valid loss: 0.3595, Valid Accuracy: 0.8775
INFO:root:Validation loss improved to 0.3595.
INFO:root:after_valid:  epoch(batch)5:  CPUメモリ使用量: 72.60%, 全メモリ: 15.82 GB, 使用中メモリ: 11.48 GB, 空きメモリ: 4.34 GB
INFO:root:after_valid:  epoch(batch)5:  GPUメモリ使用量: 19.05 MB / 確保済み: 60.00 MB
INFO:root:train epoch: 6, Train loss: 0.3275, lr: 0.00100
INFO:root:train epoch: 7, Train loss: 0.2701, lr: 0.00100
INFO:root:train epoch: 8, Train loss: 0.2300, lr: 0.00100
INFO:root:train epoch: 9, Train loss: 0.1932, lr: 0.00100
INFO:root:train epoch: 10, Train loss: 0.0495, lr: 0.00010
INFO:root:epoch:10
INFO:root:before_valid:  epoch(batch)10:  CPUメモリ使用量: 72.70%, 全メモリ: 15.82 GB, 使用中メモリ: 11.50 GB, 空きメモリ: 4.32 GB
INFO:root:before_valid:  epoch(batch)10:  GPUメモリ使用量: 19.05 MB / 確保済み: 60.00 MB
INFO:root:Batch:0
INFO:root:test:  epoch(batch)0:  CPUメモリ使用量: 72.80%, 全メモリ: 15.82 GB, 使用中メモリ: 11.51 GB, 空きメモリ: 4.31 GB
INFO:root:test:  epoch(batch)0:  GPUメモリ使用量: 19.30 MB / 確保済み: 60.00 MB
INFO:root:Batch:100
INFO:root:test:  epoch(batch)100:  CPUメモリ使用量: 72.60%, 全メモリ: 15.82 GB, 使用中メモリ: 11.48 GB, 空きメモリ: 4.33 GB
INFO:root:test:  epoch(batch)100:  GPUメモリ使用量: 19.74 MB / 確保済み: 60.00 MB
INFO:root:Batch:200
INFO:root:test:  epoch(batch)200:  CPUメモリ使用量: 72.80%, 全メモリ: 15.82 GB, 使用中メモリ: 11.52 GB, 空きメモリ: 4.30 GB
INFO:root:test:  epoch(batch)200:  GPUメモリ使用量: 19.74 MB / 確保済み: 60.00 MB
INFO:root:Batch:300
INFO:root:test:  epoch(batch)300:  CPUメモリ使用量: 72.30%, 全メモリ: 15.82 GB, 使用中メモリ: 11.43 GB, 空きメモリ: 4.39 GB
INFO:root:test:  epoch(batch)300:  GPUメモリ使用量: 19.74 MB / 確保済み: 60.00 MB
INFO:root:Valid loss: 0.0543, Valid Accuracy: 0.9848
INFO:root:Validation loss improved to 0.0543.
INFO:root:after_valid:  epoch(batch)10:  CPUメモリ使用量: 72.20%, 全メモリ: 15.82 GB, 使用中メモリ: 11.42 GB, 空きメモリ: 4.39 GB
INFO:root:after_valid:  epoch(batch)10:  GPUメモリ使用量: 19.05 MB / 確保済み: 60.00 MB
INFO:root:train epoch: 11, Train loss: 0.0295, lr: 0.00010
INFO:root:train epoch: 12, Train loss: 0.0207, lr: 0.00010
INFO:root:train epoch: 13, Train loss: 0.0163, lr: 0.00010
INFO:root:train epoch: 14, Train loss: 0.0120, lr: 0.00010
INFO:root:train epoch: 15, Train loss: 0.0095, lr: 0.00010
INFO:root:epoch:15
INFO:root:before_valid:  epoch(batch)15:  CPUメモリ使用量: 72.60%, 全メモリ: 15.82 GB, 使用中メモリ: 11.49 GB, 空きメモリ: 4.33 GB
INFO:root:before_valid:  epoch(batch)15:  GPUメモリ使用量: 19.05 MB / 確保済み: 60.00 MB
INFO:root:Batch:0
INFO:root:test:  epoch(batch)0:  CPUメモリ使用量: 72.60%, 全メモリ: 15.82 GB, 使用中メモリ: 11.49 GB, 空きメモリ: 4.33 GB
INFO:root:test:  epoch(batch)0:  GPUメモリ使用量: 19.30 MB / 確保済み: 60.00 MB
INFO:root:Batch:100
INFO:root:test:  epoch(batch)100:  CPUメモリ使用量: 72.60%, 全メモリ: 15.82 GB, 使用中メモリ: 11.48 GB, 空きメモリ: 4.34 GB
INFO:root:test:  epoch(batch)100:  GPUメモリ使用量: 19.74 MB / 確保済み: 60.00 MB
INFO:root:Batch:200
INFO:root:test:  epoch(batch)200:  CPUメモリ使用量: 72.50%, 全メモリ: 15.82 GB, 使用中メモリ: 11.46 GB, 空きメモリ: 4.35 GB
INFO:root:test:  epoch(batch)200:  GPUメモリ使用量: 19.74 MB / 確保済み: 60.00 MB
INFO:root:Batch:300
INFO:root:test:  epoch(batch)300:  CPUメモリ使用量: 72.70%, 全メモリ: 15.82 GB, 使用中メモリ: 11.51 GB, 空きメモリ: 4.31 GB
INFO:root:test:  epoch(batch)300:  GPUメモリ使用量: 19.74 MB / 確保済み: 60.00 MB
INFO:root:Valid loss: 0.0314, Valid Accuracy: 0.9899
INFO:root:Validation loss improved to 0.0314.
INFO:root:after_valid:  epoch(batch)15:  CPUメモリ使用量: 72.60%, 全メモリ: 15.82 GB, 使用中メモリ: 11.49 GB, 空きメモリ: 4.33 GB
INFO:root:after_valid:  epoch(batch)15:  GPUメモリ使用量: 19.05 MB / 確保済み: 60.00 MB
INFO:root:train epoch: 16, Train loss: 0.0081, lr: 0.00010
INFO:root:train epoch: 17, Train loss: 0.0073, lr: 0.00010
INFO:root:train epoch: 18, Train loss: 0.0062, lr: 0.00010
INFO:root:train epoch: 19, Train loss: 0.0055, lr: 0.00010
INFO:root:train epoch: 20, Train loss: 0.0044, lr: 0.00010
INFO:root:epoch:20
INFO:root:before_valid:  epoch(batch)20:  CPUメモリ使用量: 72.60%, 全メモリ: 15.82 GB, 使用中メモリ: 11.49 GB, 空きメモリ: 4.33 GB
INFO:root:before_valid:  epoch(batch)20:  GPUメモリ使用量: 19.05 MB / 確保済み: 60.00 MB
INFO:root:Batch:0
INFO:root:test:  epoch(batch)0:  CPUメモリ使用量: 72.70%, 全メモリ: 15.82 GB, 使用中メモリ: 11.49 GB, 空きメモリ: 4.33 GB
INFO:root:test:  epoch(batch)0:  GPUメモリ使用量: 19.30 MB / 確保済み: 60.00 MB
INFO:root:Batch:100
INFO:root:test:  epoch(batch)100:  CPUメモリ使用量: 72.90%, 全メモリ: 15.82 GB, 使用中メモリ: 11.53 GB, 空きメモリ: 4.29 GB
INFO:root:test:  epoch(batch)100:  GPUメモリ使用量: 19.74 MB / 確保済み: 60.00 MB
INFO:root:Batch:200
INFO:root:test:  epoch(batch)200:  CPUメモリ使用量: 72.40%, 全メモリ: 15.82 GB, 使用中メモリ: 11.46 GB, 空きメモリ: 4.36 GB
INFO:root:test:  epoch(batch)200:  GPUメモリ使用量: 19.74 MB / 確保済み: 60.00 MB
INFO:root:Batch:300
INFO:root:test:  epoch(batch)300:  CPUメモリ使用量: 72.50%, 全メモリ: 15.82 GB, 使用中メモリ: 11.47 GB, 空きメモリ: 4.35 GB
INFO:root:test:  epoch(batch)300:  GPUメモリ使用量: 19.74 MB / 確保済み: 60.00 MB
INFO:root:Valid loss: 0.0222, Valid Accuracy: 0.9935
INFO:root:Validation loss improved to 0.0222.
INFO:root:after_valid:  epoch(batch)20:  CPUメモリ使用量: 72.50%, 全メモリ: 15.82 GB, 使用中メモリ: 11.46 GB, 空きメモリ: 4.36 GB
INFO:root:after_valid:  epoch(batch)20:  GPUメモリ使用量: 19.05 MB / 確保済み: 60.00 MB
INFO:root:train epoch: 21, Train loss: 0.0052, lr: 0.00010
INFO:root:train epoch: 22, Train loss: 0.0041, lr: 0.00010
INFO:root:train epoch: 23, Train loss: 0.0040, lr: 0.00010
INFO:root:train epoch: 24, Train loss: 0.0033, lr: 0.00010
INFO:root:train epoch: 25, Train loss: 0.0042, lr: 0.00010
INFO:root:epoch:25
INFO:root:before_valid:  epoch(batch)25:  CPUメモリ使用量: 72.80%, 全メモリ: 15.82 GB, 使用中メモリ: 11.52 GB, 空きメモリ: 4.30 GB
INFO:root:before_valid:  epoch(batch)25:  GPUメモリ使用量: 19.05 MB / 確保済み: 60.00 MB
INFO:root:Batch:0
INFO:root:test:  epoch(batch)0:  CPUメモリ使用量: 73.00%, 全メモリ: 15.82 GB, 使用中メモリ: 11.55 GB, 空きメモリ: 4.27 GB
INFO:root:test:  epoch(batch)0:  GPUメモリ使用量: 19.30 MB / 確保済み: 60.00 MB
INFO:root:Batch:100
INFO:root:test:  epoch(batch)100:  CPUメモリ使用量: 72.90%, 全メモリ: 15.82 GB, 使用中メモリ: 11.53 GB, 空きメモリ: 4.29 GB
INFO:root:test:  epoch(batch)100:  GPUメモリ使用量: 19.74 MB / 確保済み: 60.00 MB
INFO:root:Batch:200
INFO:root:test:  epoch(batch)200:  CPUメモリ使用量: 72.80%, 全メモリ: 15.82 GB, 使用中メモリ: 11.52 GB, 空きメモリ: 4.30 GB
INFO:root:test:  epoch(batch)200:  GPUメモリ使用量: 19.74 MB / 確保済み: 60.00 MB
INFO:root:Batch:300
INFO:root:test:  epoch(batch)300:  CPUメモリ使用量: 72.80%, 全メモリ: 15.82 GB, 使用中メモリ: 11.51 GB, 空きメモリ: 4.31 GB
INFO:root:test:  epoch(batch)300:  GPUメモリ使用量: 19.74 MB / 確保済み: 60.00 MB
INFO:root:Valid loss: 0.0214, Valid Accuracy: 0.9931
INFO:root:Validation loss improved to 0.0214.
INFO:root:after_valid:  epoch(batch)25:  CPUメモリ使用量: 72.70%, 全メモリ: 15.82 GB, 使用中メモリ: 11.51 GB, 空きメモリ: 4.31 GB
INFO:root:after_valid:  epoch(batch)25:  GPUメモリ使用量: 19.05 MB / 確保済み: 60.00 MB
INFO:root:train epoch: 26, Train loss: 0.0040, lr: 0.00010
INFO:root:train epoch: 27, Train loss: 0.0031, lr: 0.00010
INFO:root:train epoch: 28, Train loss: 0.0026, lr: 0.00010
INFO:root:train epoch: 29, Train loss: 0.0052, lr: 0.00010
INFO:root:Batch:0
INFO:root:test:  epoch(batch)0:  CPUメモリ使用量: 72.80%, 全メモリ: 15.82 GB, 使用中メモリ: 11.51 GB, 空きメモリ: 4.30 GB
INFO:root:test:  epoch(batch)0:  GPUメモリ使用量: 19.30 MB / 確保済み: 60.00 MB
INFO:root:Batch:100
INFO:root:test:  epoch(batch)100:  CPUメモリ使用量: 74.10%, 全メモリ: 15.82 GB, 使用中メモリ: 11.72 GB, 空きメモリ: 4.10 GB
INFO:root:test:  epoch(batch)100:  GPUメモリ使用量: 19.74 MB / 確保済み: 60.00 MB
INFO:root:Batch:200
INFO:root:test:  epoch(batch)200:  CPUメモリ使用量: 75.50%, 全メモリ: 15.82 GB, 使用中メモリ: 11.94 GB, 空きメモリ: 3.88 GB
INFO:root:test:  epoch(batch)200:  GPUメモリ使用量: 19.74 MB / 確保済み: 60.00 MB
INFO:root:Batch:300
INFO:root:test:  epoch(batch)300:  CPUメモリ使用量: 76.70%, 全メモリ: 15.82 GB, 使用中メモリ: 12.13 GB, 空きメモリ: 3.68 GB
INFO:root:test:  epoch(batch)300:  GPUメモリ使用量: 19.74 MB / 確保済み: 60.00 MB
INFO:root:Test loss: 0.0174, Accuracy: 0.9945, Spearman score: 0.7437, Precision top Attn80% score: 0.5130
INFO:root:amount of pair:324416
INFO:root:Time: 13841.0587 seconds
