Experiment       : NYU_sharefusion_a0.5_b0.0
LR schedule      : adjusted (0.01→0.001)
Checkpoint       : model_final.pt
Learnable α/β    : False
Device           : cuda
Batch size       : 16
Seed             : 42
Test samples     : 5069
---
before_inference: CPU 94.3%  |  Used 14.92 GB / Total 15.82 GB  |  Avail 0.90 GB
before_inference: GPU allocated 12.12 MB  |  reserved 24.00 MB
batch 0/317: CPU 94.3%  |  Used 14.92 GB / Total 15.82 GB  |  Avail 0.90 GB
batch 0/317: GPU allocated 21.01 MB  |  reserved 48.00 MB
  elapsed 0.05s  |  this batch 8.0ms
batch 100/317: CPU 91.1%  |  Used 14.41 GB / Total 15.82 GB  |  Avail 1.41 GB
batch 100/317: GPU allocated 59.10 MB  |  reserved 88.00 MB
  elapsed 12.18s  |  this batch 17.0ms
batch 200/317: CPU 92.7%  |  Used 14.66 GB / Total 15.82 GB  |  Avail 1.16 GB
batch 200/317: GPU allocated 97.18 MB  |  reserved 128.00 MB
  elapsed 24.71s  |  this batch 18.6ms
batch 300/317: CPU 94.2%  |  Used 14.91 GB / Total 15.82 GB  |  Avail 0.91 GB
batch 300/317: GPU allocated 135.27 MB  |  reserved 168.00 MB
  elapsed 37.46s  |  this batch 17.1ms
after_inference: CPU 94.6%  |  Used 14.96 GB / Total 15.82 GB  |  Avail 0.86 GB
after_inference: GPU allocated 132.78 MB  |  reserved 154.00 MB
--- Results ---
Total time       : 39.5862 s
Per-sample time  : 7.8095 ms
Per-batch time   : 124.8777 ms
Throughput       : 128.05 samples/s
Accuracy         : 0.8947
Average loss     : 0.3214
CMI              : 31.6385
