INFO:root:train epoch: 0, Train loss: 2.1787
INFO:root:epoch:0
INFO:root:before_valid:  epoch(batch)0:  CPUメモリ使用量: 78.10%, 全メモリ: 15.82 GB, 使用中メモリ: 12.35 GB, 空きメモリ: 3.47 GB
INFO:root:before_valid:  epoch(batch)0:  GPUメモリ使用量: 19.05 MB / 確保済み: 60.00 MB
INFO:root:Batch:0
INFO:root:test:  epoch(batch)0:  CPUメモリ使用量: 78.00%, 全メモリ: 15.82 GB, 使用中メモリ: 12.34 GB, 空きメモリ: 3.47 GB
INFO:root:test:  epoch(batch)0:  GPUメモリ使用量: 19.30 MB / 確保済み: 60.00 MB
INFO:root:Batch:100
INFO:root:test:  epoch(batch)100:  CPUメモリ使用量: 78.40%, 全メモリ: 15.82 GB, 使用中メモリ: 12.40 GB, 空きメモリ: 3.42 GB
INFO:root:test:  epoch(batch)100:  GPUメモリ使用量: 19.74 MB / 確保済み: 60.00 MB
INFO:root:Batch:200
INFO:root:test:  epoch(batch)200:  CPUメモリ使用量: 78.40%, 全メモリ: 15.82 GB, 使用中メモリ: 12.41 GB, 空きメモリ: 3.41 GB
INFO:root:test:  epoch(batch)200:  GPUメモリ使用量: 19.74 MB / 確保済み: 60.00 MB
INFO:root:Batch:300
INFO:root:test:  epoch(batch)300:  CPUメモリ使用量: 78.20%, 全メモリ: 15.82 GB, 使用中メモリ: 12.37 GB, 空きメモリ: 3.45 GB
INFO:root:test:  epoch(batch)300:  GPUメモリ使用量: 19.74 MB / 確保済み: 60.00 MB
INFO:root:Valid loss: 1.9434, Valid Accuracy: 0.3697
INFO:root:Validation loss improved to 1.9434.
INFO:root:after_valid:  epoch(batch)0:  CPUメモリ使用量: 78.20%, 全メモリ: 15.82 GB, 使用中メモリ: 12.37 GB, 空きメモリ: 3.45 GB
INFO:root:after_valid:  epoch(batch)0:  GPUメモリ使用量: 19.05 MB / 確保済み: 60.00 MB
INFO:root:train epoch: 1, Train loss: 1.7941
INFO:root:train epoch: 2, Train loss: 1.6647
INFO:root:train epoch: 3, Train loss: 1.5749
INFO:root:train epoch: 4, Train loss: 1.4893
INFO:root:train epoch: 5, Train loss: 1.4060
INFO:root:epoch:5
INFO:root:before_valid:  epoch(batch)5:  CPUメモリ使用量: 78.80%, 全メモリ: 15.82 GB, 使用中メモリ: 12.47 GB, 空きメモリ: 3.35 GB
INFO:root:before_valid:  epoch(batch)5:  GPUメモリ使用量: 19.05 MB / 確保済み: 60.00 MB
INFO:root:Batch:0
INFO:root:test:  epoch(batch)0:  CPUメモリ使用量: 78.80%, 全メモリ: 15.82 GB, 使用中メモリ: 12.46 GB, 空きメモリ: 3.36 GB
INFO:root:test:  epoch(batch)0:  GPUメモリ使用量: 19.30 MB / 確保済み: 60.00 MB
INFO:root:Batch:100
INFO:root:test:  epoch(batch)100:  CPUメモリ使用量: 78.40%, 全メモリ: 15.82 GB, 使用中メモリ: 12.40 GB, 空きメモリ: 3.41 GB
INFO:root:test:  epoch(batch)100:  GPUメモリ使用量: 19.74 MB / 確保済み: 60.00 MB
INFO:root:Batch:200
INFO:root:test:  epoch(batch)200:  CPUメモリ使用量: 78.60%, 全メモリ: 15.82 GB, 使用中メモリ: 12.43 GB, 空きメモリ: 3.39 GB
INFO:root:test:  epoch(batch)200:  GPUメモリ使用量: 19.74 MB / 確保済み: 60.00 MB
INFO:root:Batch:300
INFO:root:test:  epoch(batch)300:  CPUメモリ使用量: 78.60%, 全メモリ: 15.82 GB, 使用中メモリ: 12.44 GB, 空きメモリ: 3.38 GB
INFO:root:test:  epoch(batch)300:  GPUメモリ使用量: 19.74 MB / 確保済み: 60.00 MB
INFO:root:Valid loss: 1.3922, Valid Accuracy: 0.5358
INFO:root:Validation loss improved to 1.3922.
INFO:root:after_valid:  epoch(batch)5:  CPUメモリ使用量: 78.60%, 全メモリ: 15.82 GB, 使用中メモリ: 12.43 GB, 空きメモリ: 3.38 GB
INFO:root:after_valid:  epoch(batch)5:  GPUメモリ使用量: 19.05 MB / 確保済み: 60.00 MB
INFO:root:train epoch: 6, Train loss: 1.3149
INFO:root:train epoch: 7, Train loss: 1.2337
INFO:root:train epoch: 8, Train loss: 1.1491
INFO:root:train epoch: 9, Train loss: 1.0674
INFO:root:train epoch: 10, Train loss: 0.9946
INFO:root:epoch:10
INFO:root:before_valid:  epoch(batch)10:  CPUメモリ使用量: 78.60%, 全メモリ: 15.82 GB, 使用中メモリ: 12.43 GB, 空きメモリ: 3.39 GB
INFO:root:before_valid:  epoch(batch)10:  GPUメモリ使用量: 19.05 MB / 確保済み: 60.00 MB
INFO:root:Batch:0
INFO:root:test:  epoch(batch)0:  CPUメモリ使用量: 78.60%, 全メモリ: 15.82 GB, 使用中メモリ: 12.43 GB, 空きメモリ: 3.39 GB
INFO:root:test:  epoch(batch)0:  GPUメモリ使用量: 19.30 MB / 確保済み: 60.00 MB
INFO:root:Batch:100
INFO:root:test:  epoch(batch)100:  CPUメモリ使用量: 78.40%, 全メモリ: 15.82 GB, 使用中メモリ: 12.41 GB, 空きメモリ: 3.41 GB
INFO:root:test:  epoch(batch)100:  GPUメモリ使用量: 19.74 MB / 確保済み: 60.00 MB
INFO:root:Batch:200
INFO:root:test:  epoch(batch)200:  CPUメモリ使用量: 78.00%, 全メモリ: 15.82 GB, 使用中メモリ: 12.34 GB, 空きメモリ: 3.48 GB
INFO:root:test:  epoch(batch)200:  GPUメモリ使用量: 19.74 MB / 確保済み: 60.00 MB
INFO:root:Batch:300
INFO:root:test:  epoch(batch)300:  CPUメモリ使用量: 77.70%, 全メモリ: 15.82 GB, 使用中メモリ: 12.28 GB, 空きメモリ: 3.53 GB
INFO:root:test:  epoch(batch)300:  GPUメモリ使用量: 19.74 MB / 確保済み: 60.00 MB
INFO:root:Valid loss: 1.0037, Valid Accuracy: 0.6644
INFO:root:Validation loss improved to 1.0037.
INFO:root:after_valid:  epoch(batch)10:  CPUメモリ使用量: 77.60%, 全メモリ: 15.82 GB, 使用中メモリ: 12.28 GB, 空きメモリ: 3.54 GB
INFO:root:after_valid:  epoch(batch)10:  GPUメモリ使用量: 19.05 MB / 確保済み: 60.00 MB
INFO:root:train epoch: 11, Train loss: 0.9314
INFO:root:train epoch: 12, Train loss: 0.8693
INFO:root:train epoch: 13, Train loss: 0.8075
INFO:root:train epoch: 14, Train loss: 0.7562
INFO:root:train epoch: 15, Train loss: 0.7021
INFO:root:epoch:15
INFO:root:before_valid:  epoch(batch)15:  CPUメモリ使用量: 78.60%, 全メモリ: 15.82 GB, 使用中メモリ: 12.44 GB, 空きメモリ: 3.38 GB
INFO:root:before_valid:  epoch(batch)15:  GPUメモリ使用量: 19.05 MB / 確保済み: 60.00 MB
INFO:root:Batch:0
INFO:root:test:  epoch(batch)0:  CPUメモリ使用量: 78.60%, 全メモリ: 15.82 GB, 使用中メモリ: 12.43 GB, 空きメモリ: 3.38 GB
INFO:root:test:  epoch(batch)0:  GPUメモリ使用量: 19.30 MB / 確保済み: 60.00 MB
INFO:root:Batch:100
INFO:root:test:  epoch(batch)100:  CPUメモリ使用量: 78.60%, 全メモリ: 15.82 GB, 使用中メモリ: 12.43 GB, 空きメモリ: 3.39 GB
INFO:root:test:  epoch(batch)100:  GPUメモリ使用量: 19.74 MB / 確保済み: 60.00 MB
INFO:root:Batch:200
INFO:root:test:  epoch(batch)200:  CPUメモリ使用量: 79.20%, 全メモリ: 15.82 GB, 使用中メモリ: 12.53 GB, 空きメモリ: 3.29 GB
INFO:root:test:  epoch(batch)200:  GPUメモリ使用量: 19.74 MB / 確保済み: 60.00 MB
INFO:root:Batch:300
INFO:root:test:  epoch(batch)300:  CPUメモリ使用量: 79.00%, 全メモリ: 15.82 GB, 使用中メモリ: 12.49 GB, 空きメモリ: 3.33 GB
INFO:root:test:  epoch(batch)300:  GPUメモリ使用量: 19.74 MB / 確保済み: 60.00 MB
INFO:root:Valid loss: 0.6970, Valid Accuracy: 0.7733
INFO:root:Validation loss improved to 0.6970.
INFO:root:after_valid:  epoch(batch)15:  CPUメモリ使用量: 78.50%, 全メモリ: 15.82 GB, 使用中メモリ: 12.42 GB, 空きメモリ: 3.40 GB
INFO:root:after_valid:  epoch(batch)15:  GPUメモリ使用量: 19.05 MB / 確保済み: 60.00 MB
INFO:root:train epoch: 16, Train loss: 0.6545
INFO:root:train epoch: 17, Train loss: 0.6017
INFO:root:train epoch: 18, Train loss: 0.5595
INFO:root:train epoch: 19, Train loss: 0.5174
INFO:root:train epoch: 20, Train loss: 0.4785
INFO:root:epoch:20
INFO:root:before_valid:  epoch(batch)20:  CPUメモリ使用量: 78.20%, 全メモリ: 15.82 GB, 使用中メモリ: 12.37 GB, 空きメモリ: 3.45 GB
INFO:root:before_valid:  epoch(batch)20:  GPUメモリ使用量: 19.05 MB / 確保済み: 60.00 MB
INFO:root:Batch:0
INFO:root:test:  epoch(batch)0:  CPUメモリ使用量: 78.20%, 全メモリ: 15.82 GB, 使用中メモリ: 12.37 GB, 空きメモリ: 3.45 GB
INFO:root:test:  epoch(batch)0:  GPUメモリ使用量: 19.30 MB / 確保済み: 60.00 MB
INFO:root:Batch:100
INFO:root:test:  epoch(batch)100:  CPUメモリ使用量: 78.30%, 全メモリ: 15.82 GB, 使用中メモリ: 12.39 GB, 空きメモリ: 3.43 GB
INFO:root:test:  epoch(batch)100:  GPUメモリ使用量: 19.74 MB / 確保済み: 60.00 MB
INFO:root:Batch:200
INFO:root:test:  epoch(batch)200:  CPUメモリ使用量: 78.90%, 全メモリ: 15.82 GB, 使用中メモリ: 12.47 GB, 空きメモリ: 3.34 GB
INFO:root:test:  epoch(batch)200:  GPUメモリ使用量: 19.74 MB / 確保済み: 60.00 MB
INFO:root:Batch:300
INFO:root:test:  epoch(batch)300:  CPUメモリ使用量: 78.60%, 全メモリ: 15.82 GB, 使用中メモリ: 12.43 GB, 空きメモリ: 3.39 GB
INFO:root:test:  epoch(batch)300:  GPUメモリ使用量: 19.74 MB / 確保済み: 60.00 MB
INFO:root:Valid loss: 0.4759, Valid Accuracy: 0.8443
INFO:root:Validation loss improved to 0.4759.
INFO:root:after_valid:  epoch(batch)20:  CPUメモリ使用量: 78.60%, 全メモリ: 15.82 GB, 使用中メモリ: 12.44 GB, 空きメモリ: 3.38 GB
INFO:root:after_valid:  epoch(batch)20:  GPUメモリ使用量: 19.05 MB / 確保済み: 60.00 MB
INFO:root:train epoch: 21, Train loss: 0.4461
INFO:root:train epoch: 22, Train loss: 0.4090
INFO:root:train epoch: 23, Train loss: 0.3820
INFO:root:train epoch: 24, Train loss: 0.3512
INFO:root:train epoch: 25, Train loss: 0.3257
INFO:root:epoch:25
INFO:root:before_valid:  epoch(batch)25:  CPUメモリ使用量: 78.80%, 全メモリ: 15.82 GB, 使用中メモリ: 12.46 GB, 空きメモリ: 3.35 GB
INFO:root:before_valid:  epoch(batch)25:  GPUメモリ使用量: 19.05 MB / 確保済み: 60.00 MB
INFO:root:Batch:0
INFO:root:test:  epoch(batch)0:  CPUメモリ使用量: 78.90%, 全メモリ: 15.82 GB, 使用中メモリ: 12.47 GB, 空きメモリ: 3.34 GB
INFO:root:test:  epoch(batch)0:  GPUメモリ使用量: 19.30 MB / 確保済み: 60.00 MB
INFO:root:Batch:100
INFO:root:test:  epoch(batch)100:  CPUメモリ使用量: 78.90%, 全メモリ: 15.82 GB, 使用中メモリ: 12.48 GB, 空きメモリ: 3.33 GB
INFO:root:test:  epoch(batch)100:  GPUメモリ使用量: 19.74 MB / 確保済み: 60.00 MB
INFO:root:Batch:200
INFO:root:test:  epoch(batch)200:  CPUメモリ使用量: 77.80%, 全メモリ: 15.82 GB, 使用中メモリ: 12.30 GB, 空きメモリ: 3.52 GB
INFO:root:test:  epoch(batch)200:  GPUメモリ使用量: 19.74 MB / 確保済み: 60.00 MB
INFO:root:Batch:300
INFO:root:test:  epoch(batch)300:  CPUメモリ使用量: 78.20%, 全メモリ: 15.82 GB, 使用中メモリ: 12.37 GB, 空きメモリ: 3.45 GB
INFO:root:test:  epoch(batch)300:  GPUメモリ使用量: 19.74 MB / 確保済み: 60.00 MB
INFO:root:Valid loss: 0.3818, Valid Accuracy: 0.8773
INFO:root:Validation loss improved to 0.3818.
INFO:root:after_valid:  epoch(batch)25:  CPUメモリ使用量: 78.20%, 全メモリ: 15.82 GB, 使用中メモリ: 12.37 GB, 空きメモリ: 3.44 GB
INFO:root:after_valid:  epoch(batch)25:  GPUメモリ使用量: 19.05 MB / 確保済み: 60.00 MB
INFO:root:train epoch: 26, Train loss: 0.3012
INFO:root:train epoch: 27, Train loss: 0.2842
INFO:root:train epoch: 28, Train loss: 0.2660
INFO:root:train epoch: 29, Train loss: 0.2446
INFO:root:Batch:0
INFO:root:test:  epoch(batch)0:  CPUメモリ使用量: 77.80%, 全メモリ: 15.82 GB, 使用中メモリ: 12.30 GB, 空きメモリ: 3.52 GB
INFO:root:test:  epoch(batch)0:  GPUメモリ使用量: 19.30 MB / 確保済み: 60.00 MB
INFO:root:Batch:100
INFO:root:test:  epoch(batch)100:  CPUメモリ使用量: 79.00%, 全メモリ: 15.82 GB, 使用中メモリ: 12.50 GB, 空きメモリ: 3.32 GB
INFO:root:test:  epoch(batch)100:  GPUメモリ使用量: 19.74 MB / 確保済み: 60.00 MB
INFO:root:Batch:200
INFO:root:test:  epoch(batch)200:  CPUメモリ使用量: 80.60%, 全メモリ: 15.82 GB, 使用中メモリ: 12.74 GB, 空きメモリ: 3.07 GB
INFO:root:test:  epoch(batch)200:  GPUメモリ使用量: 19.74 MB / 確保済み: 60.00 MB
INFO:root:Batch:300
INFO:root:test:  epoch(batch)300:  CPUメモリ使用量: 82.30%, 全メモリ: 15.82 GB, 使用中メモリ: 13.01 GB, 空きメモリ: 2.80 GB
INFO:root:test:  epoch(batch)300:  GPUメモリ使用量: 19.74 MB / 確保済み: 60.00 MB
INFO:root:Test loss: 0.3214, Accuracy: 0.8947, Spearman score: 0.6688, Precision top10.0% score: 0.5087
INFO:root:amount of pair:324416
