INFO:root:Block 0: alpha=0.5000, beta=0.5000
INFO:root:Block 1: alpha=0.5000, beta=0.5000
INFO:root:Block 2: alpha=0.5000, beta=0.5000
INFO:root:Block 3: alpha=0.5000, beta=0.5000
INFO:root:Block 0: alpha=0.5000, beta=0.5000
INFO:root:Block 1: alpha=0.5000, beta=0.5000
INFO:root:Block 2: alpha=0.5000, beta=0.5000
INFO:root:Block 3: alpha=0.5000, beta=0.5000
INFO:root:train epoch: 0, Train loss: 3.5888, lr: 0.00010
INFO:root:epoch:0
INFO:root:before_valid:  epoch(batch)0:  CPUメモリ使用量: 69.90%, 全メモリ: 15.82 GB, 使用中メモリ: 11.05 GB, 空きメモリ: 4.76 GB
INFO:root:before_valid:  epoch(batch)0:  GPUメモリ使用量: 19.10 MB / 確保済み: 58.00 MB
INFO:root:Batch:0
INFO:root:test:  epoch(batch)0:  CPUメモリ使用量: 69.90%, 全メモリ: 15.82 GB, 使用中メモリ: 11.05 GB, 空きメモリ: 4.76 GB
INFO:root:test:  epoch(batch)0:  GPUメモリ使用量: 19.35 MB / 確保済み: 58.00 MB
INFO:root:Valid loss: 3.2449, Valid Accuracy: 0.1295
INFO:root:Validation loss improved to 3.2449.
INFO:root:after_valid:  epoch(batch)0:  CPUメモリ使用量: 70.00%, 全メモリ: 15.82 GB, 使用中メモリ: 11.08 GB, 空きメモリ: 4.74 GB
INFO:root:after_valid:  epoch(batch)0:  GPUメモリ使用量: 19.10 MB / 確保済み: 58.00 MB
INFO:root:Block 0: alpha=0.5003, beta=0.5002
INFO:root:Block 1: alpha=0.5038, beta=0.5010
INFO:root:Block 2: alpha=0.5056, beta=0.5032
INFO:root:Block 3: alpha=0.5080, beta=0.5057
INFO:root:train epoch: 1, Train loss: 3.0698, lr: 0.00010
INFO:root:Block 0: alpha=0.4976, beta=0.5001
INFO:root:Block 1: alpha=0.5029, beta=0.5013
INFO:root:Block 2: alpha=0.5045, beta=0.5058
INFO:root:Block 3: alpha=0.5074, beta=0.5099
INFO:root:train epoch: 2, Train loss: 2.9218, lr: 0.00010
INFO:root:Block 0: alpha=0.4958, beta=0.5003
INFO:root:Block 1: alpha=0.5028, beta=0.5014
INFO:root:Block 2: alpha=0.5040, beta=0.5065
INFO:root:Block 3: alpha=0.5073, beta=0.5107
INFO:root:train epoch: 3, Train loss: 2.7736, lr: 0.00010
INFO:root:Block 0: alpha=0.4940, beta=0.5003
INFO:root:Block 1: alpha=0.5023, beta=0.5014
INFO:root:Block 2: alpha=0.5036, beta=0.5071
INFO:root:Block 3: alpha=0.5075, beta=0.5110
INFO:root:train epoch: 4, Train loss: 2.6153, lr: 0.00010
INFO:root:Block 0: alpha=0.4921, beta=0.5002
INFO:root:Block 1: alpha=0.5020, beta=0.5014
INFO:root:Block 2: alpha=0.5035, beta=0.5076
INFO:root:Block 3: alpha=0.5074, beta=0.5113
INFO:root:train epoch: 5, Train loss: 2.4116, lr: 0.00010
INFO:root:epoch:5
INFO:root:before_valid:  epoch(batch)5:  CPUメモリ使用量: 57.60%, 全メモリ: 15.82 GB, 使用中メモリ: 9.12 GB, 空きメモリ: 6.70 GB
INFO:root:before_valid:  epoch(batch)5:  GPUメモリ使用量: 19.10 MB / 確保済み: 58.00 MB
INFO:root:Batch:0
INFO:root:test:  epoch(batch)0:  CPUメモリ使用量: 57.60%, 全メモリ: 15.82 GB, 使用中メモリ: 9.12 GB, 空きメモリ: 6.70 GB
INFO:root:test:  epoch(batch)0:  GPUメモリ使用量: 19.35 MB / 確保済み: 58.00 MB
INFO:root:Valid loss: 2.3159, Valid Accuracy: 0.3434
INFO:root:Validation loss improved to 2.3159.
INFO:root:after_valid:  epoch(batch)5:  CPUメモリ使用量: 57.60%, 全メモリ: 15.82 GB, 使用中メモリ: 9.12 GB, 空きメモリ: 6.70 GB
INFO:root:after_valid:  epoch(batch)5:  GPUメモリ使用量: 19.10 MB / 確保済み: 58.00 MB
INFO:root:Block 0: alpha=0.4900, beta=0.5002
INFO:root:Block 1: alpha=0.5018, beta=0.5012
INFO:root:Block 2: alpha=0.5041, beta=0.5074
INFO:root:Block 3: alpha=0.5080, beta=0.5112
INFO:root:train epoch: 6, Train loss: 2.2618, lr: 0.00010
INFO:root:Block 0: alpha=0.4877, beta=0.5001
INFO:root:Block 1: alpha=0.5015, beta=0.5010
INFO:root:Block 2: alpha=0.5043, beta=0.5074
INFO:root:Block 3: alpha=0.5083, beta=0.5111
INFO:root:train epoch: 7, Train loss: 2.0924, lr: 0.00010
INFO:root:Block 0: alpha=0.4858, beta=0.5000
INFO:root:Block 1: alpha=0.5011, beta=0.5007
INFO:root:Block 2: alpha=0.5047, beta=0.5072
INFO:root:Block 3: alpha=0.5088, beta=0.5109
INFO:root:train epoch: 8, Train loss: 2.0009, lr: 0.00010
INFO:root:Block 0: alpha=0.4840, beta=0.4999
INFO:root:Block 1: alpha=0.5009, beta=0.5005
INFO:root:Block 2: alpha=0.5049, beta=0.5070
INFO:root:Block 3: alpha=0.5090, beta=0.5107
INFO:root:train epoch: 9, Train loss: 1.8674, lr: 0.00010
INFO:root:Block 0: alpha=0.4824, beta=0.4999
INFO:root:Block 1: alpha=0.5007, beta=0.5003
INFO:root:Block 2: alpha=0.5049, beta=0.5069
INFO:root:Block 3: alpha=0.5091, beta=0.5105
INFO:root:train epoch: 10, Train loss: 1.7778, lr: 0.00010
INFO:root:epoch:10
INFO:root:before_valid:  epoch(batch)10:  CPUメモリ使用量: 57.60%, 全メモリ: 15.82 GB, 使用中メモリ: 9.10 GB, 空きメモリ: 6.71 GB
INFO:root:before_valid:  epoch(batch)10:  GPUメモリ使用量: 19.10 MB / 確保済み: 58.00 MB
INFO:root:Batch:0
INFO:root:test:  epoch(batch)0:  CPUメモリ使用量: 57.60%, 全メモリ: 15.82 GB, 使用中メモリ: 9.10 GB, 空きメモリ: 6.71 GB
INFO:root:test:  epoch(batch)0:  GPUメモリ使用量: 19.35 MB / 確保済み: 58.00 MB
INFO:root:Valid loss: 1.7920, Valid Accuracy: 0.4438
INFO:root:Validation loss improved to 1.7920.
INFO:root:after_valid:  epoch(batch)10:  CPUメモリ使用量: 57.50%, 全メモリ: 15.82 GB, 使用中メモリ: 9.10 GB, 空きメモリ: 6.72 GB
INFO:root:after_valid:  epoch(batch)10:  GPUメモリ使用量: 19.10 MB / 確保済み: 58.00 MB
INFO:root:Block 0: alpha=0.4810, beta=0.4998
INFO:root:Block 1: alpha=0.5004, beta=0.5003
INFO:root:Block 2: alpha=0.5049, beta=0.5068
INFO:root:Block 3: alpha=0.5093, beta=0.5105
INFO:root:train epoch: 11, Train loss: 1.6974, lr: 0.00010
INFO:root:Block 0: alpha=0.4799, beta=0.4998
INFO:root:Block 1: alpha=0.5003, beta=0.5000
INFO:root:Block 2: alpha=0.5049, beta=0.5065
INFO:root:Block 3: alpha=0.5095, beta=0.5102
INFO:root:train epoch: 12, Train loss: 1.6267, lr: 0.00010
INFO:root:Block 0: alpha=0.4790, beta=0.4997
INFO:root:Block 1: alpha=0.5002, beta=0.4997
INFO:root:Block 2: alpha=0.5049, beta=0.5061
INFO:root:Block 3: alpha=0.5095, beta=0.5100
INFO:root:train epoch: 13, Train loss: 1.5528, lr: 0.00010
INFO:root:Block 0: alpha=0.4781, beta=0.4997
INFO:root:Block 1: alpha=0.5001, beta=0.4995
INFO:root:Block 2: alpha=0.5050, beta=0.5058
INFO:root:Block 3: alpha=0.5098, beta=0.5096
INFO:root:train epoch: 14, Train loss: 1.5034, lr: 0.00010
INFO:root:Block 0: alpha=0.4771, beta=0.4996
INFO:root:Block 1: alpha=0.5000, beta=0.4991
INFO:root:Block 2: alpha=0.5047, beta=0.5056
INFO:root:Block 3: alpha=0.5099, beta=0.5094
INFO:root:train epoch: 15, Train loss: 1.4412, lr: 0.00010
INFO:root:epoch:15
INFO:root:before_valid:  epoch(batch)15:  CPUメモリ使用量: 57.50%, 全メモリ: 15.82 GB, 使用中メモリ: 9.10 GB, 空きメモリ: 6.72 GB
INFO:root:before_valid:  epoch(batch)15:  GPUメモリ使用量: 19.10 MB / 確保済み: 58.00 MB
INFO:root:Batch:0
INFO:root:test:  epoch(batch)0:  CPUメモリ使用量: 57.50%, 全メモリ: 15.82 GB, 使用中メモリ: 9.10 GB, 空きメモリ: 6.72 GB
INFO:root:test:  epoch(batch)0:  GPUメモリ使用量: 19.35 MB / 確保済み: 58.00 MB
INFO:root:Valid loss: 1.6118, Valid Accuracy: 0.5070
INFO:root:Validation loss improved to 1.6118.
INFO:root:after_valid:  epoch(batch)15:  CPUメモリ使用量: 57.50%, 全メモリ: 15.82 GB, 使用中メモリ: 9.10 GB, 空きメモリ: 6.72 GB
INFO:root:after_valid:  epoch(batch)15:  GPUメモリ使用量: 19.10 MB / 確保済み: 58.00 MB
INFO:root:Block 0: alpha=0.4762, beta=0.4996
INFO:root:Block 1: alpha=0.5000, beta=0.4988
INFO:root:Block 2: alpha=0.5049, beta=0.5052
INFO:root:Block 3: alpha=0.5103, beta=0.5092
INFO:root:train epoch: 16, Train loss: 1.4325, lr: 0.00010
INFO:root:Block 0: alpha=0.4752, beta=0.4995
INFO:root:Block 1: alpha=0.5000, beta=0.4984
INFO:root:Block 2: alpha=0.5049, beta=0.5049
INFO:root:Block 3: alpha=0.5105, beta=0.5090
INFO:root:train epoch: 17, Train loss: 1.3539, lr: 0.00010
INFO:root:Block 0: alpha=0.4745, beta=0.4995
INFO:root:Block 1: alpha=0.5000, beta=0.4981
INFO:root:Block 2: alpha=0.5049, beta=0.5046
INFO:root:Block 3: alpha=0.5108, beta=0.5088
INFO:root:train epoch: 18, Train loss: 1.3610, lr: 0.00010
INFO:root:Block 0: alpha=0.4736, beta=0.4994
INFO:root:Block 1: alpha=0.5000, beta=0.4976
INFO:root:Block 2: alpha=0.5048, beta=0.5044
INFO:root:Block 3: alpha=0.5110, beta=0.5086
INFO:root:train epoch: 19, Train loss: 1.2823, lr: 0.00010
INFO:root:Block 0: alpha=0.4730, beta=0.4992
INFO:root:Block 1: alpha=0.5001, beta=0.4973
INFO:root:Block 2: alpha=0.5048, beta=0.5040
INFO:root:Block 3: alpha=0.5112, beta=0.5083
INFO:root:train epoch: 20, Train loss: 1.2426, lr: 0.00010
INFO:root:epoch:20
INFO:root:before_valid:  epoch(batch)20:  CPUメモリ使用量: 57.50%, 全メモリ: 15.82 GB, 使用中メモリ: 9.09 GB, 空きメモリ: 6.73 GB
INFO:root:before_valid:  epoch(batch)20:  GPUメモリ使用量: 19.10 MB / 確保済み: 58.00 MB
INFO:root:Batch:0
INFO:root:test:  epoch(batch)0:  CPUメモリ使用量: 57.50%, 全メモリ: 15.82 GB, 使用中メモリ: 9.09 GB, 空きメモリ: 6.73 GB
INFO:root:test:  epoch(batch)0:  GPUメモリ使用量: 19.35 MB / 確保済み: 58.00 MB
INFO:root:Valid loss: 1.3939, Valid Accuracy: 0.5673
INFO:root:Validation loss improved to 1.3939.
INFO:root:after_valid:  epoch(batch)20:  CPUメモリ使用量: 57.60%, 全メモリ: 15.82 GB, 使用中メモリ: 9.10 GB, 空きメモリ: 6.71 GB
INFO:root:after_valid:  epoch(batch)20:  GPUメモリ使用量: 19.10 MB / 確保済み: 58.00 MB
INFO:root:Block 0: alpha=0.4722, beta=0.4994
INFO:root:Block 1: alpha=0.5001, beta=0.4969
INFO:root:Block 2: alpha=0.5049, beta=0.5039
INFO:root:Block 3: alpha=0.5115, beta=0.5083
INFO:root:train epoch: 21, Train loss: 1.1864, lr: 0.00010
INFO:root:Block 0: alpha=0.4716, beta=0.4992
INFO:root:Block 1: alpha=0.5003, beta=0.4966
INFO:root:Block 2: alpha=0.5047, beta=0.5037
INFO:root:Block 3: alpha=0.5115, beta=0.5081
INFO:root:train epoch: 22, Train loss: 1.1994, lr: 0.00010
INFO:root:Block 0: alpha=0.4711, beta=0.4993
INFO:root:Block 1: alpha=0.5004, beta=0.4960
INFO:root:Block 2: alpha=0.5047, beta=0.5035
INFO:root:Block 3: alpha=0.5115, beta=0.5081
INFO:root:train epoch: 23, Train loss: 1.1024, lr: 0.00010
INFO:root:Block 0: alpha=0.4705, beta=0.4993
INFO:root:Block 1: alpha=0.5005, beta=0.4956
INFO:root:Block 2: alpha=0.5047, beta=0.5032
INFO:root:Block 3: alpha=0.5115, beta=0.5081
INFO:root:train epoch: 24, Train loss: 1.0697, lr: 0.00010
INFO:root:Block 0: alpha=0.4700, beta=0.4992
INFO:root:Block 1: alpha=0.5005, beta=0.4954
INFO:root:Block 2: alpha=0.5046, beta=0.5029
INFO:root:Block 3: alpha=0.5117, beta=0.5079
INFO:root:train epoch: 25, Train loss: 1.1438, lr: 0.00010
INFO:root:epoch:25
INFO:root:before_valid:  epoch(batch)25:  CPUメモリ使用量: 57.40%, 全メモリ: 15.82 GB, 使用中メモリ: 9.08 GB, 空きメモリ: 6.74 GB
INFO:root:before_valid:  epoch(batch)25:  GPUメモリ使用量: 19.10 MB / 確保済み: 58.00 MB
INFO:root:Batch:0
INFO:root:test:  epoch(batch)0:  CPUメモリ使用量: 57.40%, 全メモリ: 15.82 GB, 使用中メモリ: 9.08 GB, 空きメモリ: 6.73 GB
INFO:root:test:  epoch(batch)0:  GPUメモリ使用量: 19.35 MB / 確保済み: 58.00 MB
INFO:root:Valid loss: 1.1623, Valid Accuracy: 0.6135
INFO:root:Validation loss improved to 1.1623.
INFO:root:after_valid:  epoch(batch)25:  CPUメモリ使用量: 57.50%, 全メモリ: 15.82 GB, 使用中メモリ: 9.09 GB, 空きメモリ: 6.73 GB
INFO:root:after_valid:  epoch(batch)25:  GPUメモリ使用量: 19.10 MB / 確保済み: 58.00 MB
INFO:root:Block 0: alpha=0.4693, beta=0.4991
INFO:root:Block 1: alpha=0.5006, beta=0.4946
INFO:root:Block 2: alpha=0.5045, beta=0.5028
INFO:root:Block 3: alpha=0.5116, beta=0.5076
INFO:root:train epoch: 26, Train loss: 1.0174, lr: 0.00010
INFO:root:Block 0: alpha=0.4688, beta=0.4992
INFO:root:Block 1: alpha=0.5006, beta=0.4943
INFO:root:Block 2: alpha=0.5045, beta=0.5028
INFO:root:Block 3: alpha=0.5114, beta=0.5077
INFO:root:train epoch: 27, Train loss: 0.9727, lr: 0.00010
INFO:root:Block 0: alpha=0.4683, beta=0.4991
INFO:root:Block 1: alpha=0.5006, beta=0.4941
INFO:root:Block 2: alpha=0.5044, beta=0.5027
INFO:root:Block 3: alpha=0.5115, beta=0.5076
INFO:root:train epoch: 28, Train loss: 0.9474, lr: 0.00010
INFO:root:Block 0: alpha=0.4678, beta=0.4991
INFO:root:Block 1: alpha=0.5006, beta=0.4935
INFO:root:Block 2: alpha=0.5042, beta=0.5026
INFO:root:Block 3: alpha=0.5116, beta=0.5076
INFO:root:train epoch: 29, Train loss: 0.9154, lr: 0.00010
INFO:root:Batch:0
INFO:root:test:  epoch(batch)0:  CPUメモリ使用量: 57.50%, 全メモリ: 15.82 GB, 使用中メモリ: 9.10 GB, 空きメモリ: 6.72 GB
INFO:root:test:  epoch(batch)0:  GPUメモリ使用量: 19.35 MB / 確保済み: 58.00 MB
INFO:root:Test loss: 0.9495, Accuracy: 0.6911, Spearman score: -0.2905, Precision top Attn80% score: 0.0984
INFO:root:amount of pair:63808
INFO:root:Time: 1698.2527 seconds
