Experiment       : NYU_sharefusion_a0.5_b0.5_lr1e-3
LR schedule      : default (lr=0.001)
Checkpoint       : model_final.pt
Learnable α/β    : False
Device           : cuda
Batch size       : 16
Seed             : 42
Test samples     : 5069
---
before_inference: CPU 94.6%  |  Used 14.96 GB / Total 15.82 GB  |  Avail 0.86 GB
before_inference: GPU allocated 12.12 MB  |  reserved 24.00 MB
batch 0/317: CPU 94.6%  |  Used 14.96 GB / Total 15.82 GB  |  Avail 0.86 GB
batch 0/317: GPU allocated 21.01 MB  |  reserved 48.00 MB
  elapsed 0.06s  |  this batch 8.4ms
batch 100/317: CPU 91.7%  |  Used 14.51 GB / Total 15.82 GB  |  Avail 1.31 GB
batch 100/317: GPU allocated 59.10 MB  |  reserved 88.00 MB
  elapsed 12.23s  |  this batch 17.5ms
batch 200/317: CPU 93.2%  |  Used 14.74 GB / Total 15.82 GB  |  Avail 1.08 GB
batch 200/317: GPU allocated 97.18 MB  |  reserved 128.00 MB
  elapsed 24.55s  |  this batch 17.1ms
batch 300/317: CPU 94.6%  |  Used 14.97 GB / Total 15.82 GB  |  Avail 0.85 GB
batch 300/317: GPU allocated 135.27 MB  |  reserved 168.00 MB
  elapsed 37.12s  |  this batch 17.0ms
after_inference: CPU 94.7%  |  Used 14.98 GB / Total 15.82 GB  |  Avail 0.84 GB
after_inference: GPU allocated 132.78 MB  |  reserved 154.00 MB
--- Results ---
Total time       : 39.2814 s
Per-sample time  : 7.7493 ms
Per-batch time   : 123.9160 ms
Throughput       : 129.04 samples/s
Accuracy         : 0.9961
Average loss     : 0.0188
CMI              : 1775.0360
