INFO:root:train epoch: 0, Train loss: 2.8845, lr: 0.01000
INFO:root:epoch:0
INFO:root:before_valid:  epoch(batch)0:  CPU긽긾깏럊뾭쀊: 79.00%, 멣긽긾깏: 15.82 GB, 럊뾭뭷긽긾깏: 12.49 GB, 뗴궖긽긾깏: 3.33 GB
INFO:root:before_valid:  epoch(batch)0:  GPU긽긾깏럊뾭쀊: 19.18 MB / 둴뺎띙귒: 64.00 MB
INFO:root:Batch:0
INFO:root:test:  epoch(batch)0:  CPU긽긾깏럊뾭쀊: 79.00%, 멣긽긾깏: 15.82 GB, 럊뾭뭷긽긾깏: 12.49 GB, 뗴궖긽긾깏: 3.33 GB
INFO:root:test:  epoch(batch)0:  GPU긽긾깏럊뾭쀊: 20.18 MB / 둴뺎띙귒: 64.00 MB
INFO:root:Valid loss: 2.6961, Valid Accuracy: 0.1505
INFO:root:Validation loss improved to 2.6961.
INFO:root:after_valid:  epoch(batch)0:  CPU긽긾깏럊뾭쀊: 79.10%, 멣긽긾깏: 15.82 GB, 럊뾭뭷긽긾깏: 12.51 GB, 뗴궖긽긾깏: 3.30 GB
INFO:root:after_valid:  epoch(batch)0:  GPU긽긾깏럊뾭쀊: 19.18 MB / 둴뺎띙귒: 64.00 MB
INFO:root:train epoch: 1, Train loss: 2.6041, lr: 0.01000
INFO:root:train epoch: 2, Train loss: 2.5483, lr: 0.01000
INFO:root:train epoch: 3, Train loss: 2.4859, lr: 0.01000
INFO:root:train epoch: 4, Train loss: 2.4610, lr: 0.01000
INFO:root:train epoch: 5, Train loss: 2.4252, lr: 0.01000
INFO:root:epoch:5
INFO:root:before_valid:  epoch(batch)5:  CPU긽긾깏럊뾭쀊: 79.30%, 멣긽긾깏: 15.82 GB, 럊뾭뭷긽긾깏: 12.54 GB, 뗴궖긽긾깏: 3.28 GB
INFO:root:before_valid:  epoch(batch)5:  GPU긽긾깏럊뾭쀊: 19.18 MB / 둴뺎띙귒: 64.00 MB
INFO:root:Batch:0
INFO:root:test:  epoch(batch)0:  CPU긽긾깏럊뾭쀊: 79.30%, 멣긽긾깏: 15.82 GB, 럊뾭뭷긽긾깏: 12.54 GB, 뗴궖긽긾깏: 3.28 GB
INFO:root:test:  epoch(batch)0:  GPU긽긾깏럊뾭쀊: 20.18 MB / 둴뺎띙귒: 64.00 MB
INFO:root:Valid loss: 2.3298, Valid Accuracy: 0.2926
INFO:root:Validation loss improved to 2.3298.
INFO:root:after_valid:  epoch(batch)5:  CPU긽긾깏럊뾭쀊: 79.20%, 멣긽긾깏: 15.82 GB, 럊뾭뭷긽긾깏: 12.53 GB, 뗴궖긽긾깏: 3.29 GB
INFO:root:after_valid:  epoch(batch)5:  GPU긽긾깏럊뾭쀊: 19.18 MB / 둴뺎띙귒: 64.00 MB
INFO:root:train epoch: 6, Train loss: 2.4001, lr: 0.01000
INFO:root:train epoch: 7, Train loss: 2.3393, lr: 0.01000
INFO:root:train epoch: 8, Train loss: 2.3234, lr: 0.01000
INFO:root:train epoch: 9, Train loss: 2.3190, lr: 0.01000
INFO:root:train epoch: 10, Train loss: 2.0561, lr: 0.00100
INFO:root:epoch:10
INFO:root:before_valid:  epoch(batch)10:  CPU긽긾깏럊뾭쀊: 79.30%, 멣긽긾깏: 15.82 GB, 럊뾭뭷긽긾깏: 12.54 GB, 뗴궖긽긾깏: 3.28 GB
INFO:root:before_valid:  epoch(batch)10:  GPU긽긾깏럊뾭쀊: 19.18 MB / 둴뺎띙귒: 64.00 MB
INFO:root:Batch:0
INFO:root:test:  epoch(batch)0:  CPU긽긾깏럊뾭쀊: 79.30%, 멣긽긾깏: 15.82 GB, 럊뾭뭷긽긾깏: 12.54 GB, 뗴궖긽긾깏: 3.28 GB
INFO:root:test:  epoch(batch)0:  GPU긽긾깏럊뾭쀊: 20.18 MB / 둴뺎띙귒: 64.00 MB
INFO:root:Valid loss: 2.0550, Valid Accuracy: 0.3474
INFO:root:Validation loss improved to 2.0550.
INFO:root:after_valid:  epoch(batch)10:  CPU긽긾깏럊뾭쀊: 79.30%, 멣긽긾깏: 15.82 GB, 럊뾭뭷긽긾깏: 12.55 GB, 뗴궖긽긾깏: 3.27 GB
INFO:root:after_valid:  epoch(batch)10:  GPU긽긾깏럊뾭쀊: 19.18 MB / 둴뺎띙귒: 64.00 MB
INFO:root:train epoch: 11, Train loss: 1.9938, lr: 0.00100
INFO:root:train epoch: 12, Train loss: 1.9586, lr: 0.00100
INFO:root:train epoch: 13, Train loss: 1.9395, lr: 0.00100
INFO:root:train epoch: 14, Train loss: 1.9029, lr: 0.00100
INFO:root:train epoch: 15, Train loss: 1.8791, lr: 0.00100
INFO:root:epoch:15
INFO:root:before_valid:  epoch(batch)15:  CPU긽긾깏럊뾭쀊: 79.30%, 멣긽긾깏: 15.82 GB, 럊뾭뭷긽긾깏: 12.55 GB, 뗴궖긽긾깏: 3.27 GB
INFO:root:before_valid:  epoch(batch)15:  GPU긽긾깏럊뾭쀊: 19.18 MB / 둴뺎띙귒: 64.00 MB
INFO:root:Batch:0
INFO:root:test:  epoch(batch)0:  CPU긽긾깏럊뾭쀊: 79.40%, 멣긽긾깏: 15.82 GB, 럊뾭뭷긽긾깏: 12.55 GB, 뗴궖긽긾깏: 3.27 GB
INFO:root:test:  epoch(batch)0:  GPU긽긾깏럊뾭쀊: 20.18 MB / 둴뺎띙귒: 64.00 MB
INFO:root:Valid loss: 1.9705, Valid Accuracy: 0.3726
INFO:root:Validation loss improved to 1.9705.
INFO:root:after_valid:  epoch(batch)15:  CPU긽긾깏럊뾭쀊: 79.50%, 멣긽긾깏: 15.82 GB, 럊뾭뭷긽긾깏: 12.57 GB, 뗴궖긽긾깏: 3.25 GB
INFO:root:after_valid:  epoch(batch)15:  GPU긽긾깏럊뾭쀊: 19.18 MB / 둴뺎띙귒: 64.00 MB
INFO:root:train epoch: 16, Train loss: 1.8570, lr: 0.00100
INFO:root:train epoch: 17, Train loss: 1.8315, lr: 0.00100
INFO:root:train epoch: 18, Train loss: 1.8136, lr: 0.00100
INFO:root:train epoch: 19, Train loss: 1.7885, lr: 0.00100
INFO:root:train epoch: 20, Train loss: 1.7616, lr: 0.00100
INFO:root:epoch:20
INFO:root:before_valid:  epoch(batch)20:  CPU긽긾깏럊뾭쀊: 79.40%, 멣긽긾깏: 15.82 GB, 럊뾭뭷긽긾깏: 12.57 GB, 뗴궖긽긾깏: 3.25 GB
INFO:root:before_valid:  epoch(batch)20:  GPU긽긾깏럊뾭쀊: 19.18 MB / 둴뺎띙귒: 64.00 MB
INFO:root:Batch:0
INFO:root:test:  epoch(batch)0:  CPU긽긾깏럊뾭쀊: 79.50%, 멣긽긾깏: 15.82 GB, 럊뾭뭷긽긾깏: 12.57 GB, 뗴궖긽긾깏: 3.25 GB
INFO:root:test:  epoch(batch)0:  GPU긽긾깏럊뾭쀊: 20.18 MB / 둴뺎띙귒: 64.00 MB
INFO:root:Valid loss: 1.9180, Valid Accuracy: 0.3947
INFO:root:Validation loss improved to 1.9180.
INFO:root:after_valid:  epoch(batch)20:  CPU긽긾깏럊뾭쀊: 79.50%, 멣긽긾깏: 15.82 GB, 럊뾭뭷긽긾깏: 12.57 GB, 뗴궖긽긾깏: 3.24 GB
INFO:root:after_valid:  epoch(batch)20:  GPU긽긾깏럊뾭쀊: 19.18 MB / 둴뺎띙귒: 64.00 MB
INFO:root:train epoch: 21, Train loss: 1.7506, lr: 0.00100
INFO:root:train epoch: 22, Train loss: 1.7327, lr: 0.00100
INFO:root:train epoch: 23, Train loss: 1.7079, lr: 0.00100
INFO:root:train epoch: 24, Train loss: 1.6796, lr: 0.00100
INFO:root:train epoch: 25, Train loss: 1.6653, lr: 0.00100
INFO:root:epoch:25
INFO:root:before_valid:  epoch(batch)25:  CPU긽긾깏럊뾭쀊: 79.80%, 멣긽긾깏: 15.82 GB, 럊뾭뭷긽긾깏: 12.63 GB, 뗴궖긽긾깏: 3.19 GB
INFO:root:before_valid:  epoch(batch)25:  GPU긽긾깏럊뾭쀊: 19.18 MB / 둴뺎띙귒: 64.00 MB
INFO:root:Batch:0
INFO:root:test:  epoch(batch)0:  CPU긽긾깏럊뾭쀊: 79.80%, 멣긽긾깏: 15.82 GB, 럊뾭뭷긽긾깏: 12.62 GB, 뗴궖긽긾깏: 3.20 GB
INFO:root:test:  epoch(batch)0:  GPU긽긾깏럊뾭쀊: 20.18 MB / 둴뺎띙귒: 64.00 MB
INFO:root:Valid loss: 1.8472, Valid Accuracy: 0.4189
INFO:root:Validation loss improved to 1.8472.
INFO:root:after_valid:  epoch(batch)25:  CPU긽긾깏럊뾭쀊: 79.70%, 멣긽긾깏: 15.82 GB, 럊뾭뭷긽긾깏: 12.61 GB, 뗴궖긽긾깏: 3.21 GB
INFO:root:after_valid:  epoch(batch)25:  GPU긽긾깏럊뾭쀊: 19.18 MB / 둴뺎띙귒: 64.00 MB
INFO:root:train epoch: 26, Train loss: 1.6558, lr: 0.00100
INFO:root:train epoch: 27, Train loss: 1.6347, lr: 0.00100
INFO:root:train epoch: 28, Train loss: 1.6078, lr: 0.00100
INFO:root:train epoch: 29, Train loss: 1.6098, lr: 0.00100
INFO:root:train epoch: 30, Train loss: 1.5804, lr: 0.00100
INFO:root:epoch:30
INFO:root:before_valid:  epoch(batch)30:  CPU긽긾깏럊뾭쀊: 79.90%, 멣긽긾깏: 15.82 GB, 럊뾭뭷긽긾깏: 12.63 GB, 뗴궖긽긾깏: 3.19 GB
INFO:root:before_valid:  epoch(batch)30:  GPU긽긾깏럊뾭쀊: 19.18 MB / 둴뺎띙귒: 64.00 MB
INFO:root:Batch:0
INFO:root:test:  epoch(batch)0:  CPU긽긾깏럊뾭쀊: 79.90%, 멣긽긾깏: 15.82 GB, 럊뾭뭷긽긾깏: 12.63 GB, 뗴궖긽긾깏: 3.19 GB
INFO:root:test:  epoch(batch)0:  GPU긽긾깏럊뾭쀊: 20.18 MB / 둴뺎띙귒: 64.00 MB
INFO:root:Valid loss: 1.8071, Valid Accuracy: 0.4305
INFO:root:Validation loss improved to 1.8071.
INFO:root:after_valid:  epoch(batch)30:  CPU긽긾깏럊뾭쀊: 79.80%, 멣긽긾깏: 15.82 GB, 럊뾭뭷긽긾깏: 12.63 GB, 뗴궖긽긾깏: 3.19 GB
INFO:root:after_valid:  epoch(batch)30:  GPU긽긾깏럊뾭쀊: 19.18 MB / 둴뺎띙귒: 64.00 MB
INFO:root:train epoch: 31, Train loss: 1.5695, lr: 0.00100
INFO:root:train epoch: 32, Train loss: 1.5526, lr: 0.00100
INFO:root:train epoch: 33, Train loss: 1.5267, lr: 0.00100
INFO:root:train epoch: 34, Train loss: 1.5179, lr: 0.00100
INFO:root:train epoch: 35, Train loss: 1.5042, lr: 0.00100
INFO:root:epoch:35
INFO:root:before_valid:  epoch(batch)35:  CPU긽긾깏럊뾭쀊: 80.00%, 멣긽긾깏: 15.82 GB, 럊뾭뭷긽긾깏: 12.65 GB, 뗴궖긽긾깏: 3.17 GB
INFO:root:before_valid:  epoch(batch)35:  GPU긽긾깏럊뾭쀊: 19.18 MB / 둴뺎띙귒: 64.00 MB
INFO:root:Batch:0
INFO:root:test:  epoch(batch)0:  CPU긽긾깏럊뾭쀊: 79.90%, 멣긽긾깏: 15.82 GB, 럊뾭뭷긽긾깏: 12.64 GB, 뗴궖긽긾깏: 3.18 GB
INFO:root:test:  epoch(batch)0:  GPU긽긾깏럊뾭쀊: 20.18 MB / 둴뺎띙귒: 64.00 MB
INFO:root:Valid loss: 1.8177, Valid Accuracy: 0.4474
INFO:root:No improvement in validation loss for 1 epochs.
INFO:root:after_valid:  epoch(batch)35:  CPU긽긾깏럊뾭쀊: 80.00%, 멣긽긾깏: 15.82 GB, 럊뾭뭷긽긾깏: 12.65 GB, 뗴궖긽긾깏: 3.17 GB
INFO:root:after_valid:  epoch(batch)35:  GPU긽긾깏럊뾭쀊: 19.18 MB / 둴뺎띙귒: 64.00 MB
INFO:root:train epoch: 36, Train loss: 1.4845, lr: 0.00100
INFO:root:train epoch: 37, Train loss: 1.4642, lr: 0.00100
INFO:root:train epoch: 38, Train loss: 1.4546, lr: 0.00100
INFO:root:train epoch: 39, Train loss: 1.4224, lr: 0.00100
INFO:root:train epoch: 40, Train loss: 1.4060, lr: 0.00100
INFO:root:epoch:40
INFO:root:before_valid:  epoch(batch)40:  CPU긽긾깏럊뾭쀊: 80.00%, 멣긽긾깏: 15.82 GB, 럊뾭뭷긽긾깏: 12.65 GB, 뗴궖긽긾깏: 3.17 GB
INFO:root:before_valid:  epoch(batch)40:  GPU긽긾깏럊뾭쀊: 19.18 MB / 둴뺎띙귒: 64.00 MB
INFO:root:Batch:0
INFO:root:test:  epoch(batch)0:  CPU긽긾깏럊뾭쀊: 80.00%, 멣긽긾깏: 15.82 GB, 럊뾭뭷긽긾깏: 12.65 GB, 뗴궖긽긾깏: 3.17 GB
INFO:root:test:  epoch(batch)0:  GPU긽긾깏럊뾭쀊: 20.18 MB / 둴뺎띙귒: 64.00 MB
INFO:root:Valid loss: 1.8054, Valid Accuracy: 0.4411
INFO:root:Validation loss improved to 1.8054.
INFO:root:after_valid:  epoch(batch)40:  CPU긽긾깏럊뾭쀊: 80.00%, 멣긽긾깏: 15.82 GB, 럊뾭뭷긽긾깏: 12.65 GB, 뗴궖긽긾깏: 3.17 GB
INFO:root:after_valid:  epoch(batch)40:  GPU긽긾깏럊뾭쀊: 19.18 MB / 둴뺎띙귒: 64.00 MB
INFO:root:train epoch: 41, Train loss: 1.4117, lr: 0.00100
INFO:root:train epoch: 42, Train loss: 1.3855, lr: 0.00100
INFO:root:train epoch: 43, Train loss: 1.3807, lr: 0.00100
INFO:root:train epoch: 44, Train loss: 1.3509, lr: 0.00100
INFO:root:train epoch: 45, Train loss: 1.3494, lr: 0.00100
INFO:root:epoch:45
INFO:root:before_valid:  epoch(batch)45:  CPU긽긾깏럊뾭쀊: 79.60%, 멣긽긾깏: 15.82 GB, 럊뾭뭷긽긾깏: 12.59 GB, 뗴궖긽긾깏: 3.22 GB
INFO:root:before_valid:  epoch(batch)45:  GPU긽긾깏럊뾭쀊: 19.18 MB / 둴뺎띙귒: 64.00 MB
INFO:root:Batch:0
INFO:root:test:  epoch(batch)0:  CPU긽긾깏럊뾭쀊: 79.60%, 멣긽긾깏: 15.82 GB, 럊뾭뭷긽긾깏: 12.60 GB, 뗴궖긽긾깏: 3.22 GB
INFO:root:test:  epoch(batch)0:  GPU긽긾깏럊뾭쀊: 20.18 MB / 둴뺎띙귒: 64.00 MB
INFO:root:Valid loss: 1.7955, Valid Accuracy: 0.4621
INFO:root:Validation loss improved to 1.7955.
INFO:root:after_valid:  epoch(batch)45:  CPU긽긾깏럊뾭쀊: 79.60%, 멣긽긾깏: 15.82 GB, 럊뾭뭷긽긾깏: 12.59 GB, 뗴궖긽긾깏: 3.23 GB
INFO:root:after_valid:  epoch(batch)45:  GPU긽긾깏럊뾭쀊: 19.18 MB / 둴뺎띙귒: 64.00 MB
INFO:root:train epoch: 46, Train loss: 1.3233, lr: 0.00100
INFO:root:train epoch: 47, Train loss: 1.3165, lr: 0.00100
INFO:root:train epoch: 48, Train loss: 1.3011, lr: 0.00100
INFO:root:train epoch: 49, Train loss: 1.2867, lr: 0.00100
INFO:root:train epoch: 50, Train loss: 1.2779, lr: 0.00100
INFO:root:epoch:50
INFO:root:before_valid:  epoch(batch)50:  CPU긽긾깏럊뾭쀊: 79.60%, 멣긽긾깏: 15.82 GB, 럊뾭뭷긽긾깏: 12.60 GB, 뗴궖긽긾깏: 3.22 GB
INFO:root:before_valid:  epoch(batch)50:  GPU긽긾깏럊뾭쀊: 19.18 MB / 둴뺎띙귒: 64.00 MB
INFO:root:Batch:0
INFO:root:test:  epoch(batch)0:  CPU긽긾깏럊뾭쀊: 79.70%, 멣긽긾깏: 15.82 GB, 럊뾭뭷긽긾깏: 12.60 GB, 뗴궖긽긾깏: 3.22 GB
INFO:root:test:  epoch(batch)0:  GPU긽긾깏럊뾭쀊: 20.18 MB / 둴뺎띙귒: 64.00 MB
INFO:root:Valid loss: 1.8023, Valid Accuracy: 0.4674
INFO:root:No improvement in validation loss for 1 epochs.
INFO:root:after_valid:  epoch(batch)50:  CPU긽긾깏럊뾭쀊: 79.70%, 멣긽긾깏: 15.82 GB, 럊뾭뭷긽긾깏: 12.60 GB, 뗴궖긽긾깏: 3.22 GB
INFO:root:after_valid:  epoch(batch)50:  GPU긽긾깏럊뾭쀊: 19.18 MB / 둴뺎띙귒: 64.00 MB
INFO:root:train epoch: 51, Train loss: 1.2620, lr: 0.00100
INFO:root:train epoch: 52, Train loss: 1.2488, lr: 0.00100
INFO:root:train epoch: 53, Train loss: 1.2324, lr: 0.00100
INFO:root:train epoch: 54, Train loss: 1.2177, lr: 0.00100
INFO:root:train epoch: 55, Train loss: 1.2008, lr: 0.00100
INFO:root:epoch:55
INFO:root:before_valid:  epoch(batch)55:  CPU긽긾깏럊뾭쀊: 79.60%, 멣긽긾깏: 15.82 GB, 럊뾭뭷긽긾깏: 12.59 GB, 뗴궖긽긾깏: 3.22 GB
INFO:root:before_valid:  epoch(batch)55:  GPU긽긾깏럊뾭쀊: 19.18 MB / 둴뺎띙귒: 64.00 MB
INFO:root:Batch:0
INFO:root:test:  epoch(batch)0:  CPU긽긾깏럊뾭쀊: 79.60%, 멣긽긾깏: 15.82 GB, 럊뾭뭷긽긾깏: 12.60 GB, 뗴궖긽긾깏: 3.22 GB
INFO:root:test:  epoch(batch)0:  GPU긽긾깏럊뾭쀊: 20.18 MB / 둴뺎띙귒: 64.00 MB
INFO:root:Valid loss: 1.8114, Valid Accuracy: 0.4589
INFO:root:No improvement in validation loss for 2 epochs.
INFO:root:after_valid:  epoch(batch)55:  CPU긽긾깏럊뾭쀊: 79.70%, 멣긽긾깏: 15.82 GB, 럊뾭뭷긽긾깏: 12.60 GB, 뗴궖긽긾깏: 3.22 GB
INFO:root:after_valid:  epoch(batch)55:  GPU긽긾깏럊뾭쀊: 19.18 MB / 둴뺎띙귒: 64.00 MB
INFO:root:train epoch: 56, Train loss: 1.1853, lr: 0.00100
INFO:root:train epoch: 57, Train loss: 1.1851, lr: 0.00100
INFO:root:train epoch: 58, Train loss: 1.1751, lr: 0.00100
INFO:root:train epoch: 59, Train loss: 1.1660, lr: 0.00100
INFO:root:train epoch: 60, Train loss: 1.1292, lr: 0.00100
INFO:root:epoch:60
INFO:root:before_valid:  epoch(batch)60:  CPU긽긾깏럊뾭쀊: 79.80%, 멣긽긾깏: 15.82 GB, 럊뾭뭷긽긾깏: 12.62 GB, 뗴궖긽긾깏: 3.19 GB
INFO:root:before_valid:  epoch(batch)60:  GPU긽긾깏럊뾭쀊: 19.18 MB / 둴뺎띙귒: 64.00 MB
INFO:root:Batch:0
INFO:root:test:  epoch(batch)0:  CPU긽긾깏럊뾭쀊: 79.80%, 멣긽긾깏: 15.82 GB, 럊뾭뭷긽긾깏: 12.63 GB, 뗴궖긽긾깏: 3.19 GB
INFO:root:test:  epoch(batch)0:  GPU긽긾깏럊뾭쀊: 20.18 MB / 둴뺎띙귒: 64.00 MB
INFO:root:Valid loss: 1.9108, Valid Accuracy: 0.4411
INFO:root:No improvement in validation loss for 3 epochs.
INFO:root:after_valid:  epoch(batch)60:  CPU긽긾깏럊뾭쀊: 79.90%, 멣긽긾깏: 15.82 GB, 럊뾭뭷긽긾깏: 12.63 GB, 뗴궖긽긾깏: 3.19 GB
INFO:root:after_valid:  epoch(batch)60:  GPU긽긾깏럊뾭쀊: 19.18 MB / 둴뺎띙귒: 64.00 MB
INFO:root:train epoch: 61, Train loss: 1.1348, lr: 0.00100
INFO:root:train epoch: 62, Train loss: 1.1274, lr: 0.00100
INFO:root:train epoch: 63, Train loss: 1.1236, lr: 0.00100
INFO:root:train epoch: 64, Train loss: 1.0950, lr: 0.00100
INFO:root:train epoch: 65, Train loss: 1.0830, lr: 0.00100
INFO:root:epoch:65
INFO:root:before_valid:  epoch(batch)65:  CPU긽긾깏럊뾭쀊: 80.10%, 멣긽긾깏: 15.82 GB, 럊뾭뭷긽긾깏: 12.67 GB, 뗴궖긽긾깏: 3.14 GB
INFO:root:before_valid:  epoch(batch)65:  GPU긽긾깏럊뾭쀊: 19.18 MB / 둴뺎띙귒: 64.00 MB
INFO:root:Batch:0
INFO:root:test:  epoch(batch)0:  CPU긽긾깏럊뾭쀊: 80.10%, 멣긽긾깏: 15.82 GB, 럊뾭뭷긽긾깏: 12.68 GB, 뗴궖긽긾깏: 3.14 GB
INFO:root:test:  epoch(batch)0:  GPU긽긾깏럊뾭쀊: 20.18 MB / 둴뺎띙귒: 64.00 MB
INFO:root:Valid loss: 1.8637, Valid Accuracy: 0.4695
INFO:root:No improvement in validation loss for 4 epochs.
INFO:root:after_valid:  epoch(batch)65:  CPU긽긾깏럊뾭쀊: 80.10%, 멣긽긾깏: 15.82 GB, 럊뾭뭷긽긾깏: 12.67 GB, 뗴궖긽긾깏: 3.15 GB
INFO:root:after_valid:  epoch(batch)65:  GPU긽긾깏럊뾭쀊: 19.18 MB / 둴뺎띙귒: 64.00 MB
INFO:root:train epoch: 66, Train loss: 1.0778, lr: 0.00100
INFO:root:train epoch: 67, Train loss: 1.0680, lr: 0.00100
INFO:root:train epoch: 68, Train loss: 1.0549, lr: 0.00100
INFO:root:train epoch: 69, Train loss: 1.0479, lr: 0.00100
INFO:root:train epoch: 70, Train loss: 1.0351, lr: 0.00100
INFO:root:epoch:70
INFO:root:before_valid:  epoch(batch)70:  CPU긽긾깏럊뾭쀊: 79.90%, 멣긽긾깏: 15.82 GB, 럊뾭뭷긽긾깏: 12.64 GB, 뗴궖긽긾깏: 3.18 GB
INFO:root:before_valid:  epoch(batch)70:  GPU긽긾깏럊뾭쀊: 19.18 MB / 둴뺎띙귒: 64.00 MB
INFO:root:Batch:0
INFO:root:test:  epoch(batch)0:  CPU긽긾깏럊뾭쀊: 79.90%, 멣긽긾깏: 15.82 GB, 럊뾭뭷긽긾깏: 12.64 GB, 뗴궖긽긾깏: 3.18 GB
INFO:root:test:  epoch(batch)0:  GPU긽긾깏럊뾭쀊: 20.18 MB / 둴뺎띙귒: 64.00 MB
INFO:root:Valid loss: 1.8778, Valid Accuracy: 0.4505
INFO:root:No improvement in validation loss for 5 epochs.
INFO:root:Early stopping triggered.
INFO:root:Loaded best model from epoch 46 (valid loss: 1.7955)
INFO:root:Batch:0
INFO:root:test:  epoch(batch)0:  CPU긽긾깏럊뾭쀊: 79.90%, 멣긽긾깏: 15.82 GB, 럊뾭뭷긽긾깏: 12.64 GB, 뗴궖긽긾깏: 3.18 GB
INFO:root:test:  epoch(batch)0:  GPU긽긾깏럊뾭쀊: 20.18 MB / 둴뺎띙귒: 64.00 MB
INFO:root:Test loss: 1.8122, Accuracy: 0.4343, Spearman score: 1.0000, Precision top Attn80% score: 1.0000
INFO:root:amount of pair:243456
INFO:root:Time: 7993.1712 seconds
