INFO:root:train epoch: 0, Train loss: 2.6613, lr: 0.00100
INFO:root:epoch:0
INFO:root:before_valid:  epoch(batch)0:  CPU긽긾깏럊뾭쀊: 79.10%, 멣긽긾깏: 15.82 GB, 럊뾭뭷긽긾깏: 12.51 GB, 뗴궖긽긾깏: 3.31 GB
INFO:root:before_valid:  epoch(batch)0:  GPU긽긾깏럊뾭쀊: 19.18 MB / 둴뺎띙귒: 64.00 MB
INFO:root:Batch:0
INFO:root:test:  epoch(batch)0:  CPU긽긾깏럊뾭쀊: 79.10%, 멣긽긾깏: 15.82 GB, 럊뾭뭷긽긾깏: 12.50 GB, 뗴궖긽긾깏: 3.31 GB
INFO:root:test:  epoch(batch)0:  GPU긽긾깏럊뾭쀊: 20.18 MB / 둴뺎띙귒: 64.00 MB
INFO:root:Valid loss: 2.5638, Valid Accuracy: 0.2053
INFO:root:Validation loss improved to 2.5638.
INFO:root:after_valid:  epoch(batch)0:  CPU긽긾깏럊뾭쀊: 80.00%, 멣긽긾깏: 15.82 GB, 럊뾭뭷긽긾깏: 12.65 GB, 뗴궖긽긾깏: 3.16 GB
INFO:root:after_valid:  epoch(batch)0:  GPU긽긾깏럊뾭쀊: 19.18 MB / 둴뺎띙귒: 64.00 MB
INFO:root:train epoch: 1, Train loss: 2.4873, lr: 0.00100
INFO:root:train epoch: 2, Train loss: 2.4016, lr: 0.00100
INFO:root:train epoch: 3, Train loss: 2.3060, lr: 0.00100
INFO:root:train epoch: 4, Train loss: 2.2282, lr: 0.00100
INFO:root:train epoch: 5, Train loss: 2.1630, lr: 0.00100
INFO:root:epoch:5
INFO:root:before_valid:  epoch(batch)5:  CPU긽긾깏럊뾭쀊: 79.20%, 멣긽긾깏: 15.82 GB, 럊뾭뭷긽긾깏: 12.53 GB, 뗴궖긽긾깏: 3.29 GB
INFO:root:before_valid:  epoch(batch)5:  GPU긽긾깏럊뾭쀊: 19.18 MB / 둴뺎띙귒: 64.00 MB
INFO:root:Batch:0
INFO:root:test:  epoch(batch)0:  CPU긽긾깏럊뾭쀊: 79.20%, 멣긽긾깏: 15.82 GB, 럊뾭뭷긽긾깏: 12.53 GB, 뗴궖긽긾깏: 3.28 GB
INFO:root:test:  epoch(batch)0:  GPU긽긾깏럊뾭쀊: 20.18 MB / 둴뺎띙귒: 64.00 MB
INFO:root:Valid loss: 2.1644, Valid Accuracy: 0.3126
INFO:root:Validation loss improved to 2.1644.
INFO:root:after_valid:  epoch(batch)5:  CPU긽긾깏럊뾭쀊: 79.20%, 멣긽긾깏: 15.82 GB, 럊뾭뭷긽긾깏: 12.53 GB, 뗴궖긽긾깏: 3.29 GB
INFO:root:after_valid:  epoch(batch)5:  GPU긽긾깏럊뾭쀊: 19.18 MB / 둴뺎띙귒: 64.00 MB
INFO:root:train epoch: 6, Train loss: 2.1083, lr: 0.00100
INFO:root:train epoch: 7, Train loss: 2.0722, lr: 0.00100
INFO:root:train epoch: 8, Train loss: 2.0287, lr: 0.00100
INFO:root:train epoch: 9, Train loss: 1.9891, lr: 0.00100
INFO:root:train epoch: 10, Train loss: 1.9534, lr: 0.00100
INFO:root:epoch:10
INFO:root:before_valid:  epoch(batch)10:  CPU긽긾깏럊뾭쀊: 79.30%, 멣긽긾깏: 15.82 GB, 럊뾭뭷긽긾깏: 12.54 GB, 뗴궖긽긾깏: 3.28 GB
INFO:root:before_valid:  epoch(batch)10:  GPU긽긾깏럊뾭쀊: 19.18 MB / 둴뺎띙귒: 64.00 MB
INFO:root:Batch:0
INFO:root:test:  epoch(batch)0:  CPU긽긾깏럊뾭쀊: 79.30%, 멣긽긾깏: 15.82 GB, 럊뾭뭷긽긾깏: 12.55 GB, 뗴궖긽긾깏: 3.27 GB
INFO:root:test:  epoch(batch)0:  GPU긽긾깏럊뾭쀊: 20.18 MB / 둴뺎띙귒: 64.00 MB
INFO:root:Valid loss: 2.0386, Valid Accuracy: 0.3537
INFO:root:Validation loss improved to 2.0386.
INFO:root:after_valid:  epoch(batch)10:  CPU긽긾깏럊뾭쀊: 79.40%, 멣긽긾깏: 15.82 GB, 럊뾭뭷긽긾깏: 12.55 GB, 뗴궖긽긾깏: 3.27 GB
INFO:root:after_valid:  epoch(batch)10:  GPU긽긾깏럊뾭쀊: 19.18 MB / 둴뺎띙귒: 64.00 MB
INFO:root:train epoch: 11, Train loss: 1.9380, lr: 0.00100
INFO:root:train epoch: 12, Train loss: 1.8909, lr: 0.00100
INFO:root:train epoch: 13, Train loss: 1.8710, lr: 0.00100
INFO:root:train epoch: 14, Train loss: 1.8455, lr: 0.00100
INFO:root:train epoch: 15, Train loss: 1.8178, lr: 0.00100
INFO:root:epoch:15
INFO:root:before_valid:  epoch(batch)15:  CPU긽긾깏럊뾭쀊: 79.50%, 멣긽긾깏: 15.82 GB, 럊뾭뭷긽긾깏: 12.57 GB, 뗴궖긽긾깏: 3.25 GB
INFO:root:before_valid:  epoch(batch)15:  GPU긽긾깏럊뾭쀊: 19.18 MB / 둴뺎띙귒: 64.00 MB
INFO:root:Batch:0
INFO:root:test:  epoch(batch)0:  CPU긽긾깏럊뾭쀊: 79.50%, 멣긽긾깏: 15.82 GB, 럊뾭뭷긽긾깏: 12.57 GB, 뗴궖긽긾깏: 3.25 GB
INFO:root:test:  epoch(batch)0:  GPU긽긾깏럊뾭쀊: 20.18 MB / 둴뺎띙귒: 64.00 MB
INFO:root:Valid loss: 2.0082, Valid Accuracy: 0.3863
INFO:root:Validation loss improved to 2.0082.
INFO:root:after_valid:  epoch(batch)15:  CPU긽긾깏럊뾭쀊: 79.50%, 멣긽긾깏: 15.82 GB, 럊뾭뭷긽긾깏: 12.58 GB, 뗴궖긽긾깏: 3.24 GB
INFO:root:after_valid:  epoch(batch)15:  GPU긽긾깏럊뾭쀊: 19.18 MB / 둴뺎띙귒: 64.00 MB
INFO:root:train epoch: 16, Train loss: 1.7984, lr: 0.00100
INFO:root:train epoch: 17, Train loss: 1.7714, lr: 0.00100
INFO:root:train epoch: 18, Train loss: 1.7576, lr: 0.00100
INFO:root:train epoch: 19, Train loss: 1.7250, lr: 0.00100
INFO:root:train epoch: 20, Train loss: 1.7007, lr: 0.00100
INFO:root:epoch:20
INFO:root:before_valid:  epoch(batch)20:  CPU긽긾깏럊뾭쀊: 79.30%, 멣긽긾깏: 15.82 GB, 럊뾭뭷긽긾깏: 12.55 GB, 뗴궖긽긾깏: 3.27 GB
INFO:root:before_valid:  epoch(batch)20:  GPU긽긾깏럊뾭쀊: 19.18 MB / 둴뺎띙귒: 64.00 MB
INFO:root:Batch:0
INFO:root:test:  epoch(batch)0:  CPU긽긾깏럊뾭쀊: 79.40%, 멣긽긾깏: 15.82 GB, 럊뾭뭷긽긾깏: 12.55 GB, 뗴궖긽긾깏: 3.26 GB
INFO:root:test:  epoch(batch)0:  GPU긽긾깏럊뾭쀊: 20.18 MB / 둴뺎띙귒: 64.00 MB
INFO:root:Valid loss: 1.9924, Valid Accuracy: 0.3979
INFO:root:Validation loss improved to 1.9924.
INFO:root:after_valid:  epoch(batch)20:  CPU긽긾깏럊뾭쀊: 79.40%, 멣긽긾깏: 15.82 GB, 럊뾭뭷긽긾깏: 12.56 GB, 뗴궖긽긾깏: 3.25 GB
INFO:root:after_valid:  epoch(batch)20:  GPU긽긾깏럊뾭쀊: 19.18 MB / 둴뺎띙귒: 64.00 MB
INFO:root:train epoch: 21, Train loss: 1.6821, lr: 0.00100
INFO:root:train epoch: 22, Train loss: 1.6699, lr: 0.00100
INFO:root:train epoch: 23, Train loss: 1.6332, lr: 0.00100
INFO:root:train epoch: 24, Train loss: 1.6203, lr: 0.00100
INFO:root:train epoch: 25, Train loss: 1.6189, lr: 0.00100
INFO:root:epoch:25
INFO:root:before_valid:  epoch(batch)25:  CPU긽긾깏럊뾭쀊: 79.70%, 멣긽긾깏: 15.82 GB, 럊뾭뭷긽긾깏: 12.61 GB, 뗴궖긽긾깏: 3.21 GB
INFO:root:before_valid:  epoch(batch)25:  GPU긽긾깏럊뾭쀊: 19.18 MB / 둴뺎띙귒: 64.00 MB
INFO:root:Batch:0
INFO:root:test:  epoch(batch)0:  CPU긽긾깏럊뾭쀊: 79.70%, 멣긽긾깏: 15.82 GB, 럊뾭뭷긽긾깏: 12.60 GB, 뗴궖긽긾깏: 3.22 GB
INFO:root:test:  epoch(batch)0:  GPU긽긾깏럊뾭쀊: 20.18 MB / 둴뺎띙귒: 64.00 MB
INFO:root:Valid loss: 1.9716, Valid Accuracy: 0.4211
INFO:root:Validation loss improved to 1.9716.
INFO:root:after_valid:  epoch(batch)25:  CPU긽긾깏럊뾭쀊: 79.60%, 멣긽긾깏: 15.82 GB, 럊뾭뭷긽긾깏: 12.60 GB, 뗴궖긽긾깏: 3.22 GB
INFO:root:after_valid:  epoch(batch)25:  GPU긽긾깏럊뾭쀊: 19.18 MB / 둴뺎띙귒: 64.00 MB
INFO:root:train epoch: 26, Train loss: 1.5934, lr: 0.00100
INFO:root:train epoch: 27, Train loss: 1.5660, lr: 0.00100
INFO:root:train epoch: 28, Train loss: 1.5668, lr: 0.00100
INFO:root:train epoch: 29, Train loss: 1.5395, lr: 0.00100
INFO:root:train epoch: 30, Train loss: 1.5172, lr: 0.00100
INFO:root:epoch:30
INFO:root:before_valid:  epoch(batch)30:  CPU긽긾깏럊뾭쀊: 79.50%, 멣긽긾깏: 15.82 GB, 럊뾭뭷긽긾깏: 12.57 GB, 뗴궖긽긾깏: 3.25 GB
INFO:root:before_valid:  epoch(batch)30:  GPU긽긾깏럊뾭쀊: 19.18 MB / 둴뺎띙귒: 64.00 MB
INFO:root:Batch:0
INFO:root:test:  epoch(batch)0:  CPU긽긾깏럊뾭쀊: 79.50%, 멣긽긾깏: 15.82 GB, 럊뾭뭷긽긾깏: 12.57 GB, 뗴궖긽긾깏: 3.25 GB
INFO:root:test:  epoch(batch)0:  GPU긽긾깏럊뾭쀊: 20.18 MB / 둴뺎띙귒: 64.00 MB
INFO:root:Valid loss: 1.9425, Valid Accuracy: 0.4147
INFO:root:Validation loss improved to 1.9425.
INFO:root:after_valid:  epoch(batch)30:  CPU긽긾깏럊뾭쀊: 79.50%, 멣긽긾깏: 15.82 GB, 럊뾭뭷긽긾깏: 12.58 GB, 뗴궖긽긾깏: 3.24 GB
INFO:root:after_valid:  epoch(batch)30:  GPU긽긾깏럊뾭쀊: 19.18 MB / 둴뺎띙귒: 64.00 MB
INFO:root:train epoch: 31, Train loss: 1.5186, lr: 0.00100
INFO:root:train epoch: 32, Train loss: 1.4951, lr: 0.00100
INFO:root:train epoch: 33, Train loss: 1.4749, lr: 0.00100
INFO:root:train epoch: 34, Train loss: 1.4892, lr: 0.00100
INFO:root:train epoch: 35, Train loss: 1.4530, lr: 0.00100
INFO:root:epoch:35
INFO:root:before_valid:  epoch(batch)35:  CPU긽긾깏럊뾭쀊: 78.60%, 멣긽긾깏: 15.82 GB, 럊뾭뭷긽긾깏: 12.43 GB, 뗴궖긽긾깏: 3.39 GB
INFO:root:before_valid:  epoch(batch)35:  GPU긽긾깏럊뾭쀊: 19.18 MB / 둴뺎띙귒: 64.00 MB
INFO:root:Batch:0
INFO:root:test:  epoch(batch)0:  CPU긽긾깏럊뾭쀊: 78.60%, 멣긽긾깏: 15.82 GB, 럊뾭뭷긽긾깏: 12.43 GB, 뗴궖긽긾깏: 3.39 GB
INFO:root:test:  epoch(batch)0:  GPU긽긾깏럊뾭쀊: 20.18 MB / 둴뺎띙귒: 64.00 MB
INFO:root:Valid loss: 1.9749, Valid Accuracy: 0.4347
INFO:root:No improvement in validation loss for 1 epochs.
INFO:root:after_valid:  epoch(batch)35:  CPU긽긾깏럊뾭쀊: 78.50%, 멣긽긾깏: 15.82 GB, 럊뾭뭷긽긾깏: 12.42 GB, 뗴궖긽긾깏: 3.40 GB
INFO:root:after_valid:  epoch(batch)35:  GPU긽긾깏럊뾭쀊: 19.18 MB / 둴뺎띙귒: 64.00 MB
INFO:root:train epoch: 36, Train loss: 1.4295, lr: 0.00100
INFO:root:train epoch: 37, Train loss: 1.4369, lr: 0.00100
INFO:root:train epoch: 38, Train loss: 1.4124, lr: 0.00100
INFO:root:train epoch: 39, Train loss: 1.4001, lr: 0.00100
INFO:root:train epoch: 40, Train loss: 1.3963, lr: 0.00100
INFO:root:epoch:40
INFO:root:before_valid:  epoch(batch)40:  CPU긽긾깏럊뾭쀊: 78.20%, 멣긽긾깏: 15.82 GB, 럊뾭뭷긽긾깏: 12.37 GB, 뗴궖긽긾깏: 3.45 GB
INFO:root:before_valid:  epoch(batch)40:  GPU긽긾깏럊뾭쀊: 19.18 MB / 둴뺎띙귒: 64.00 MB
INFO:root:Batch:0
INFO:root:test:  epoch(batch)0:  CPU긽긾깏럊뾭쀊: 78.20%, 멣긽긾깏: 15.82 GB, 럊뾭뭷긽긾깏: 12.37 GB, 뗴궖긽긾깏: 3.44 GB
INFO:root:test:  epoch(batch)0:  GPU긽긾깏럊뾭쀊: 20.18 MB / 둴뺎띙귒: 64.00 MB
INFO:root:Valid loss: 1.9548, Valid Accuracy: 0.4305
INFO:root:No improvement in validation loss for 2 epochs.
INFO:root:after_valid:  epoch(batch)40:  CPU긽긾깏럊뾭쀊: 78.30%, 멣긽긾깏: 15.82 GB, 럊뾭뭷긽긾깏: 12.38 GB, 뗴궖긽긾깏: 3.44 GB
INFO:root:after_valid:  epoch(batch)40:  GPU긽긾깏럊뾭쀊: 19.18 MB / 둴뺎띙귒: 64.00 MB
INFO:root:train epoch: 41, Train loss: 1.3773, lr: 0.00100
INFO:root:train epoch: 42, Train loss: 1.3599, lr: 0.00100
INFO:root:train epoch: 43, Train loss: 1.3392, lr: 0.00100
INFO:root:train epoch: 44, Train loss: 1.3593, lr: 0.00100
INFO:root:train epoch: 45, Train loss: 1.3259, lr: 0.00100
INFO:root:epoch:45
INFO:root:before_valid:  epoch(batch)45:  CPU긽긾깏럊뾭쀊: 77.80%, 멣긽긾깏: 15.82 GB, 럊뾭뭷긽긾깏: 12.31 GB, 뗴궖긽긾깏: 3.51 GB
INFO:root:before_valid:  epoch(batch)45:  GPU긽긾깏럊뾭쀊: 19.18 MB / 둴뺎띙귒: 64.00 MB
INFO:root:Batch:0
INFO:root:test:  epoch(batch)0:  CPU긽긾깏럊뾭쀊: 77.80%, 멣긽긾깏: 15.82 GB, 럊뾭뭷긽긾깏: 12.31 GB, 뗴궖긽긾깏: 3.51 GB
INFO:root:test:  epoch(batch)0:  GPU긽긾깏럊뾭쀊: 20.18 MB / 둴뺎띙귒: 64.00 MB
INFO:root:Valid loss: 1.9018, Valid Accuracy: 0.4474
INFO:root:Validation loss improved to 1.9018.
INFO:root:after_valid:  epoch(batch)45:  CPU긽긾깏럊뾭쀊: 77.70%, 멣긽긾깏: 15.82 GB, 럊뾭뭷긽긾깏: 12.29 GB, 뗴궖긽긾깏: 3.53 GB
INFO:root:after_valid:  epoch(batch)45:  GPU긽긾깏럊뾭쀊: 19.18 MB / 둴뺎띙귒: 64.00 MB
INFO:root:train epoch: 46, Train loss: 1.3178, lr: 0.00100
INFO:root:train epoch: 47, Train loss: 1.3201, lr: 0.00100
INFO:root:train epoch: 48, Train loss: 1.2999, lr: 0.00100
INFO:root:train epoch: 49, Train loss: 1.2886, lr: 0.00100
INFO:root:train epoch: 50, Train loss: 1.2865, lr: 0.00100
INFO:root:epoch:50
INFO:root:before_valid:  epoch(batch)50:  CPU긽긾깏럊뾭쀊: 77.70%, 멣긽긾깏: 15.82 GB, 럊뾭뭷긽긾깏: 12.29 GB, 뗴궖긽긾깏: 3.53 GB
INFO:root:before_valid:  epoch(batch)50:  GPU긽긾깏럊뾭쀊: 19.18 MB / 둴뺎띙귒: 64.00 MB
INFO:root:Batch:0
INFO:root:test:  epoch(batch)0:  CPU긽긾깏럊뾭쀊: 77.70%, 멣긽긾깏: 15.82 GB, 럊뾭뭷긽긾깏: 12.29 GB, 뗴궖긽긾깏: 3.52 GB
INFO:root:test:  epoch(batch)0:  GPU긽긾깏럊뾭쀊: 20.18 MB / 둴뺎띙귒: 64.00 MB
INFO:root:Valid loss: 1.9521, Valid Accuracy: 0.4463
INFO:root:No improvement in validation loss for 1 epochs.
INFO:root:after_valid:  epoch(batch)50:  CPU긽긾깏럊뾭쀊: 77.70%, 멣긽긾깏: 15.82 GB, 럊뾭뭷긽긾깏: 12.29 GB, 뗴궖긽긾깏: 3.53 GB
INFO:root:after_valid:  epoch(batch)50:  GPU긽긾깏럊뾭쀊: 19.18 MB / 둴뺎띙귒: 64.00 MB
INFO:root:train epoch: 51, Train loss: 1.2663, lr: 0.00100
INFO:root:train epoch: 52, Train loss: 1.2627, lr: 0.00100
INFO:root:train epoch: 53, Train loss: 1.2647, lr: 0.00100
INFO:root:train epoch: 54, Train loss: 1.2481, lr: 0.00100
INFO:root:train epoch: 55, Train loss: 1.2392, lr: 0.00100
INFO:root:epoch:55
INFO:root:before_valid:  epoch(batch)55:  CPU긽긾깏럊뾭쀊: 77.70%, 멣긽긾깏: 15.82 GB, 럊뾭뭷긽긾깏: 12.30 GB, 뗴궖긽긾깏: 3.52 GB
INFO:root:before_valid:  epoch(batch)55:  GPU긽긾깏럊뾭쀊: 19.18 MB / 둴뺎띙귒: 64.00 MB
INFO:root:Batch:0
INFO:root:test:  epoch(batch)0:  CPU긽긾깏럊뾭쀊: 77.70%, 멣긽긾깏: 15.82 GB, 럊뾭뭷긽긾깏: 12.30 GB, 뗴궖긽긾깏: 3.52 GB
INFO:root:test:  epoch(batch)0:  GPU긽긾깏럊뾭쀊: 20.18 MB / 둴뺎띙귒: 64.00 MB
INFO:root:Valid loss: 2.0764, Valid Accuracy: 0.4368
INFO:root:No improvement in validation loss for 2 epochs.
INFO:root:after_valid:  epoch(batch)55:  CPU긽긾깏럊뾭쀊: 77.80%, 멣긽긾깏: 15.82 GB, 럊뾭뭷긽긾깏: 12.30 GB, 뗴궖긽긾깏: 3.52 GB
INFO:root:after_valid:  epoch(batch)55:  GPU긽긾깏럊뾭쀊: 19.18 MB / 둴뺎띙귒: 64.00 MB
INFO:root:train epoch: 56, Train loss: 1.2358, lr: 0.00100
INFO:root:train epoch: 57, Train loss: 1.2188, lr: 0.00100
INFO:root:train epoch: 58, Train loss: 1.2030, lr: 0.00100
INFO:root:train epoch: 59, Train loss: 1.2085, lr: 0.00100
INFO:root:Batch:0
INFO:root:test:  epoch(batch)0:  CPU긽긾깏럊뾭쀊: 77.90%, 멣긽긾깏: 15.82 GB, 럊뾭뭷긽긾깏: 12.32 GB, 뗴궖긽긾깏: 3.49 GB
INFO:root:test:  epoch(batch)0:  GPU긽긾깏럊뾭쀊: 20.18 MB / 둴뺎띙귒: 64.00 MB
INFO:root:Test loss: 1.9913, Accuracy: 0.4332, Spearman score: 0.1166, Precision top Attn80% score: 0.1875
INFO:root:amount of pair:243456
INFO:root:Time: 7052.8569 seconds
