INFO:root:Block 0: alpha=0.5000, beta=0.5000
INFO:root:Block 1: alpha=0.5000, beta=0.5000
INFO:root:Block 2: alpha=0.5000, beta=0.5000
INFO:root:Block 3: alpha=0.5000, beta=0.5000
INFO:root:train epoch: 0, Train loss: 3.1396, lr: 0.00100
INFO:root:epoch:0
INFO:root:before_valid:  epoch(batch)0:  CPU긽긾깏럊뾭쀊: 92.70%, 멣긽긾깏: 15.82 GB, 럊뾭뭷긽긾깏: 14.66 GB, 뗴궖긽긾깏: 1.15 GB
INFO:root:before_valid:  epoch(batch)0:  GPU긽긾깏럊뾭쀊: 19.07 MB / 둴뺎띙귒: 56.00 MB
INFO:root:Batch:0
INFO:root:test:  epoch(batch)0:  CPU긽긾깏럊뾭쀊: 92.70%, 멣긽긾깏: 15.82 GB, 럊뾭뭷긽긾깏: 14.67 GB, 뗴궖긽긾깏: 1.15 GB
INFO:root:test:  epoch(batch)0:  GPU긽긾깏럊뾭쀊: 19.32 MB / 둴뺎띙귒: 56.00 MB
INFO:root:Valid loss: 3.2601, Valid Accuracy: 0.0500
INFO:root:Validation loss improved to 3.2601.
INFO:root:after_valid:  epoch(batch)0:  CPU긽긾깏럊뾭쀊: 92.90%, 멣긽긾깏: 15.82 GB, 럊뾭뭷긽긾깏: 14.69 GB, 뗴궖긽긾깏: 1.12 GB
INFO:root:after_valid:  epoch(batch)0:  GPU긽긾깏럊뾭쀊: 19.07 MB / 둴뺎띙귒: 56.00 MB
INFO:root:Block 0: alpha=0.4994, beta=0.4999
INFO:root:Block 1: alpha=0.4991, beta=0.4993
INFO:root:Block 2: alpha=0.4983, beta=0.4992
INFO:root:Block 3: alpha=0.5004, beta=0.4991
INFO:root:train epoch: 1, Train loss: 2.9060, lr: 0.00100
INFO:root:Block 0: alpha=0.4997, beta=0.4986
INFO:root:Block 1: alpha=0.4987, beta=0.4991
INFO:root:Block 2: alpha=0.4979, beta=0.4978
INFO:root:Block 3: alpha=0.4998, beta=0.4989
INFO:root:train epoch: 2, Train loss: 2.8193, lr: 0.00100
INFO:root:Block 0: alpha=0.4999, beta=0.4985
INFO:root:Block 1: alpha=0.4993, beta=0.4998
INFO:root:Block 2: alpha=0.4987, beta=0.4979
INFO:root:Block 3: alpha=0.5006, beta=0.4986
INFO:root:train epoch: 3, Train loss: 2.8075, lr: 0.00100
INFO:root:Block 0: alpha=0.4992, beta=0.4972
INFO:root:Block 1: alpha=0.4996, beta=0.5001
INFO:root:Block 2: alpha=0.4991, beta=0.4976
INFO:root:Block 3: alpha=0.5010, beta=0.4985
INFO:root:train epoch: 4, Train loss: 2.8345, lr: 0.00100
INFO:root:Block 0: alpha=0.4983, beta=0.4976
INFO:root:Block 1: alpha=0.4998, beta=0.5003
INFO:root:Block 2: alpha=0.4993, beta=0.4971
INFO:root:Block 3: alpha=0.5014, beta=0.4982
INFO:root:train epoch: 5, Train loss: 2.8166, lr: 0.00100
INFO:root:epoch:5
INFO:root:before_valid:  epoch(batch)5:  CPU긽긾깏럊뾭쀊: 92.90%, 멣긽긾깏: 15.82 GB, 럊뾭뭷긽긾깏: 14.70 GB, 뗴궖긽긾깏: 1.12 GB
INFO:root:before_valid:  epoch(batch)5:  GPU긽긾깏럊뾭쀊: 19.07 MB / 둴뺎띙귒: 58.00 MB
INFO:root:Batch:0
INFO:root:test:  epoch(batch)0:  CPU긽긾깏럊뾭쀊: 92.90%, 멣긽긾깏: 15.82 GB, 럊뾭뭷긽긾깏: 14.69 GB, 뗴궖긽긾깏: 1.13 GB
INFO:root:test:  epoch(batch)0:  GPU긽긾깏럊뾭쀊: 19.32 MB / 둴뺎띙귒: 58.00 MB
INFO:root:Valid loss: 3.6438, Valid Accuracy: 0.0000
INFO:root:No improvement in validation loss for 1 epochs.
INFO:root:after_valid:  epoch(batch)5:  CPU긽긾깏럊뾭쀊: 92.90%, 멣긽긾깏: 15.82 GB, 럊뾭뭷긽긾깏: 14.69 GB, 뗴궖긽긾깏: 1.13 GB
INFO:root:after_valid:  epoch(batch)5:  GPU긽긾깏럊뾭쀊: 19.07 MB / 둴뺎띙귒: 58.00 MB
INFO:root:Block 0: alpha=0.4969, beta=0.4991
INFO:root:Block 1: alpha=0.4997, beta=0.5010
INFO:root:Block 2: alpha=0.4995, beta=0.4973
INFO:root:Block 3: alpha=0.5015, beta=0.4989
INFO:root:train epoch: 6, Train loss: 2.7976, lr: 0.00100
INFO:root:Block 0: alpha=0.4951, beta=0.4998
INFO:root:Block 1: alpha=0.4998, beta=0.5020
INFO:root:Block 2: alpha=0.4991, beta=0.4977
INFO:root:Block 3: alpha=0.5015, beta=0.4997
INFO:root:train epoch: 7, Train loss: 2.7834, lr: 0.00100
INFO:root:Block 0: alpha=0.4935, beta=0.4996
INFO:root:Block 1: alpha=0.4999, beta=0.5023
INFO:root:Block 2: alpha=0.4985, beta=0.4978
INFO:root:Block 3: alpha=0.5014, beta=0.5002
INFO:root:train epoch: 8, Train loss: 2.7359, lr: 0.00100
INFO:root:Block 0: alpha=0.4913, beta=0.4997
INFO:root:Block 1: alpha=0.4994, beta=0.5015
INFO:root:Block 2: alpha=0.4974, beta=0.4973
INFO:root:Block 3: alpha=0.5011, beta=0.4995
INFO:root:train epoch: 9, Train loss: 2.6846, lr: 0.00100
INFO:root:Block 0: alpha=0.4889, beta=0.5014
INFO:root:Block 1: alpha=0.4975, beta=0.5018
INFO:root:Block 2: alpha=0.4953, beta=0.4967
INFO:root:Block 3: alpha=0.5005, beta=0.4980
INFO:root:train epoch: 10, Train loss: 2.6701, lr: 0.00010
INFO:root:epoch:10
INFO:root:before_valid:  epoch(batch)10:  CPU긽긾깏럊뾭쀊: 92.90%, 멣긽긾깏: 15.82 GB, 럊뾭뭷긽긾깏: 14.69 GB, 뗴궖긽긾깏: 1.13 GB
INFO:root:before_valid:  epoch(batch)10:  GPU긽긾깏럊뾭쀊: 19.07 MB / 둴뺎띙귒: 56.00 MB
INFO:root:Batch:0
INFO:root:test:  epoch(batch)0:  CPU긽긾깏럊뾭쀊: 92.90%, 멣긽긾깏: 15.82 GB, 럊뾭뭷긽긾깏: 14.69 GB, 뗴궖긽긾깏: 1.13 GB
INFO:root:test:  epoch(batch)0:  GPU긽긾깏럊뾭쀊: 19.32 MB / 둴뺎띙귒: 56.00 MB
INFO:root:Valid loss: 3.7729, Valid Accuracy: 0.0500
INFO:root:No improvement in validation loss for 2 epochs.
INFO:root:after_valid:  epoch(batch)10:  CPU긽긾깏럊뾭쀊: 92.90%, 멣긽긾깏: 15.82 GB, 럊뾭뭷긽긾깏: 14.69 GB, 뗴궖긽긾깏: 1.13 GB
INFO:root:after_valid:  epoch(batch)10:  GPU긽긾깏럊뾭쀊: 19.07 MB / 둴뺎띙귒: 56.00 MB
INFO:root:Block 0: alpha=0.4887, beta=0.5015
INFO:root:Block 1: alpha=0.4975, beta=0.5021
INFO:root:Block 2: alpha=0.4953, beta=0.4969
INFO:root:Block 3: alpha=0.5004, beta=0.4982
INFO:root:train epoch: 11, Train loss: 2.6076, lr: 0.00010
INFO:root:Block 0: alpha=0.4886, beta=0.5018
INFO:root:Block 1: alpha=0.4975, beta=0.5023
INFO:root:Block 2: alpha=0.4952, beta=0.4970
INFO:root:Block 3: alpha=0.5003, beta=0.4983
INFO:root:train epoch: 12, Train loss: 2.5905, lr: 0.00010
INFO:root:Block 0: alpha=0.4885, beta=0.5021
INFO:root:Block 1: alpha=0.4976, beta=0.5023
INFO:root:Block 2: alpha=0.4951, beta=0.4969
INFO:root:Block 3: alpha=0.5002, beta=0.4982
INFO:root:train epoch: 13, Train loss: 2.5810, lr: 0.00010
INFO:root:Block 0: alpha=0.4883, beta=0.5023
INFO:root:Block 1: alpha=0.4976, beta=0.5022
INFO:root:Block 2: alpha=0.4950, beta=0.4968
INFO:root:Block 3: alpha=0.5001, beta=0.4981
INFO:root:train epoch: 14, Train loss: 2.5703, lr: 0.00010
INFO:root:Block 0: alpha=0.4882, beta=0.5025
INFO:root:Block 1: alpha=0.4976, beta=0.5021
INFO:root:Block 2: alpha=0.4949, beta=0.4968
INFO:root:Block 3: alpha=0.5000, beta=0.4979
INFO:root:train epoch: 15, Train loss: 2.5661, lr: 0.00010
INFO:root:epoch:15
INFO:root:before_valid:  epoch(batch)15:  CPU긽긾깏럊뾭쀊: 92.70%, 멣긽긾깏: 15.82 GB, 럊뾭뭷긽긾깏: 14.66 GB, 뗴궖긽긾깏: 1.16 GB
INFO:root:before_valid:  epoch(batch)15:  GPU긽긾깏럊뾭쀊: 19.07 MB / 둴뺎띙귒: 58.00 MB
INFO:root:Batch:0
INFO:root:test:  epoch(batch)0:  CPU긽긾깏럊뾭쀊: 92.70%, 멣긽긾깏: 15.82 GB, 럊뾭뭷긽긾깏: 14.66 GB, 뗴궖긽긾깏: 1.15 GB
INFO:root:test:  epoch(batch)0:  GPU긽긾깏럊뾭쀊: 19.32 MB / 둴뺎띙귒: 58.00 MB
INFO:root:Valid loss: 3.8051, Valid Accuracy: 0.0500
INFO:root:No improvement in validation loss for 3 epochs.
INFO:root:Early stopping triggered.
INFO:root:Batch:0
INFO:root:test:  epoch(batch)0:  CPU긽긾깏럊뾭쀊: 92.60%, 멣긽긾깏: 15.82 GB, 럊뾭뭷긽긾깏: 14.65 GB, 뗴궖긽긾깏: 1.17 GB
INFO:root:test:  epoch(batch)0:  GPU긽긾깏럊뾭쀊: 19.32 MB / 둴뺎띙귒: 58.00 MB
INFO:root:Test loss: 3.8482, Accuracy: 0.0000, Spearman score: 0.9999, Precision top Attn80% score: 0.9990
INFO:root:amount of pair:1280
INFO:root:Block 0: alpha=0.5000, beta=0.5000
INFO:root:Block 1: alpha=0.5000, beta=0.5000
INFO:root:Block 2: alpha=0.5000, beta=0.5000
INFO:root:Block 3: alpha=0.5000, beta=0.5000
INFO:root:train epoch: 0, Train loss: 3.1251, lr: 0.00100
INFO:root:epoch:0
INFO:root:before_valid:  epoch(batch)0:  CPU긽긾깏럊뾭쀊: 93.00%, 멣긽긾깏: 15.82 GB, 럊뾭뭷긽긾깏: 14.72 GB, 뗴궖긽긾깏: 1.10 GB
INFO:root:before_valid:  epoch(batch)0:  GPU긽긾깏럊뾭쀊: 19.07 MB / 둴뺎띙귒: 56.00 MB
INFO:root:Batch:0
INFO:root:test:  epoch(batch)0:  CPU긽긾깏럊뾭쀊: 93.10%, 멣긽긾깏: 15.82 GB, 럊뾭뭷긽긾깏: 14.72 GB, 뗴궖긽긾깏: 1.10 GB
INFO:root:test:  epoch(batch)0:  GPU긽긾깏럊뾭쀊: 19.32 MB / 둴뺎띙귒: 56.00 MB
INFO:root:Valid loss: 3.2737, Valid Accuracy: 0.0500
INFO:root:Validation loss improved to 3.2737.
INFO:root:after_valid:  epoch(batch)0:  CPU긽긾깏럊뾭쀊: 93.20%, 멣긽긾깏: 15.82 GB, 럊뾭뭷긽긾깏: 14.74 GB, 뗴궖긽긾깏: 1.08 GB
INFO:root:after_valid:  epoch(batch)0:  GPU긽긾깏럊뾭쀊: 19.07 MB / 둴뺎띙귒: 56.00 MB
INFO:root:Block 0: alpha=0.4979, beta=0.5002
INFO:root:Block 1: alpha=0.4991, beta=0.4988
INFO:root:Block 2: alpha=0.4990, beta=0.5019
INFO:root:Block 3: alpha=0.5003, beta=0.5009
INFO:root:train epoch: 1, Train loss: 2.8808, lr: 0.00100
INFO:root:Block 0: alpha=0.4965, beta=0.5004
INFO:root:Block 1: alpha=0.4986, beta=0.4991
INFO:root:Block 2: alpha=0.4984, beta=0.5017
INFO:root:Block 3: alpha=0.4998, beta=0.5006
INFO:root:train epoch: 2, Train loss: 2.8384, lr: 0.00100
INFO:root:Block 0: alpha=0.4958, beta=0.4994
INFO:root:Block 1: alpha=0.4999, beta=0.4992
INFO:root:Block 2: alpha=0.4996, beta=0.5013
INFO:root:Block 3: alpha=0.4995, beta=0.5002
INFO:root:train epoch: 3, Train loss: 2.7945, lr: 0.00100
INFO:root:Block 0: alpha=0.4961, beta=0.4993
INFO:root:Block 1: alpha=0.4984, beta=0.4993
INFO:root:Block 2: alpha=0.5002, beta=0.5010
INFO:root:Block 3: alpha=0.5004, beta=0.5004
INFO:root:train epoch: 4, Train loss: 2.8107, lr: 0.00100
INFO:root:Block 0: alpha=0.4965, beta=0.4990
INFO:root:Block 1: alpha=0.4973, beta=0.5010
INFO:root:Block 2: alpha=0.4993, beta=0.5016
INFO:root:Block 3: alpha=0.5003, beta=0.5011
INFO:root:train epoch: 5, Train loss: 2.7805, lr: 0.00100
INFO:root:epoch:5
INFO:root:before_valid:  epoch(batch)5:  CPU긽긾깏럊뾭쀊: 93.30%, 멣긽긾깏: 15.82 GB, 럊뾭뭷긽긾깏: 14.76 GB, 뗴궖긽긾깏: 1.06 GB
INFO:root:before_valid:  epoch(batch)5:  GPU긽긾깏럊뾭쀊: 19.07 MB / 둴뺎띙귒: 58.00 MB
INFO:root:Batch:0
INFO:root:test:  epoch(batch)0:  CPU긽긾깏럊뾭쀊: 93.30%, 멣긽긾깏: 15.82 GB, 럊뾭뭷긽긾깏: 14.76 GB, 뗴궖긽긾깏: 1.06 GB
INFO:root:test:  epoch(batch)0:  GPU긽긾깏럊뾭쀊: 19.32 MB / 둴뺎띙귒: 58.00 MB
INFO:root:Valid loss: 3.5358, Valid Accuracy: 0.0000
INFO:root:No improvement in validation loss for 1 epochs.
INFO:root:after_valid:  epoch(batch)5:  CPU긽긾깏럊뾭쀊: 93.20%, 멣긽긾깏: 15.82 GB, 럊뾭뭷긽긾깏: 14.74 GB, 뗴궖긽긾깏: 1.08 GB
INFO:root:after_valid:  epoch(batch)5:  GPU긽긾깏럊뾭쀊: 19.07 MB / 둴뺎띙귒: 58.00 MB
INFO:root:Block 0: alpha=0.4966, beta=0.4987
INFO:root:Block 1: alpha=0.4965, beta=0.5019
INFO:root:Block 2: alpha=0.4971, beta=0.5024
INFO:root:Block 3: alpha=0.4978, beta=0.5017
INFO:root:train epoch: 6, Train loss: 2.7806, lr: 0.00100
INFO:root:Block 0: alpha=0.4963, beta=0.4987
INFO:root:Block 1: alpha=0.4948, beta=0.5025
INFO:root:Block 2: alpha=0.4949, beta=0.5025
INFO:root:Block 3: alpha=0.4955, beta=0.5019
INFO:root:train epoch: 7, Train loss: 2.7503, lr: 0.00100
INFO:root:Block 0: alpha=0.4948, beta=0.4986
INFO:root:Block 1: alpha=0.4946, beta=0.5040
INFO:root:Block 2: alpha=0.4939, beta=0.5042
INFO:root:Block 3: alpha=0.4945, beta=0.5037
INFO:root:train epoch: 8, Train loss: 2.7222, lr: 0.00100
INFO:root:Block 0: alpha=0.4919, beta=0.4988
INFO:root:Block 1: alpha=0.4945, beta=0.5056
INFO:root:Block 2: alpha=0.4929, beta=0.5058
INFO:root:Block 3: alpha=0.4930, beta=0.5055
INFO:root:train epoch: 9, Train loss: 2.6671, lr: 0.00100
INFO:root:Batch:0
INFO:root:test:  epoch(batch)0:  CPU긽긾깏럊뾭쀊: 93.30%, 멣긽긾깏: 15.82 GB, 럊뾭뭷긽긾깏: 14.76 GB, 뗴궖긽긾깏: 1.06 GB
INFO:root:test:  epoch(batch)0:  GPU긽긾깏럊뾭쀊: 19.32 MB / 둴뺎띙귒: 56.00 MB
INFO:root:Test loss: 3.6618, Accuracy: 0.0500, Spearman score: 1.0000, Precision top Attn80% score: 0.9984
INFO:root:amount of pair:1280
INFO:root:Time: 30.5343 seconds
INFO:root:Block 0: alpha=0.5000, beta=0.5000
INFO:root:Block 1: alpha=0.5000, beta=0.5000
INFO:root:Block 2: alpha=0.5000, beta=0.5000
INFO:root:Block 3: alpha=0.5000, beta=0.5000
INFO:root:train epoch: 0, Train loss: 2.9661, lr: 0.00100
INFO:root:epoch:0
INFO:root:before_valid:  epoch(batch)0:  CPU긽긾깏럊뾭쀊: 89.60%, 멣긽긾깏: 15.82 GB, 럊뾭뭷긽긾깏: 14.17 GB, 뗴궖긽긾깏: 1.64 GB
INFO:root:before_valid:  epoch(batch)0:  GPU긽긾깏럊뾭쀊: 19.10 MB / 둴뺎띙귒: 64.00 MB
INFO:root:Batch:0
INFO:root:test:  epoch(batch)0:  CPU긽긾깏럊뾭쀊: 89.60%, 멣긽긾깏: 15.82 GB, 럊뾭뭷긽긾깏: 14.18 GB, 뗴궖긽긾깏: 1.64 GB
INFO:root:test:  epoch(batch)0:  GPU긽긾깏럊뾭쀊: 19.35 MB / 둴뺎띙귒: 64.00 MB
INFO:root:Valid loss: 4.5656, Valid Accuracy: 0.0939
INFO:root:Validation loss improved to 4.5656.
INFO:root:after_valid:  epoch(batch)0:  CPU긽긾깏럊뾭쀊: 89.90%, 멣긽긾깏: 15.82 GB, 럊뾭뭷긽긾깏: 14.21 GB, 뗴궖긽긾깏: 1.60 GB
INFO:root:after_valid:  epoch(batch)0:  GPU긽긾깏럊뾭쀊: 19.10 MB / 둴뺎띙귒: 64.00 MB
INFO:root:Block 0: alpha=0.4688, beta=0.5133
INFO:root:Block 1: alpha=0.5007, beta=0.5105
INFO:root:Block 2: alpha=0.5119, beta=0.5052
INFO:root:Block 3: alpha=0.5171, beta=0.5100
INFO:root:train epoch: 1, Train loss: 2.8145, lr: 0.00100
INFO:root:Block 0: alpha=0.4657, beta=0.5133
INFO:root:Block 1: alpha=0.5114, beta=0.5599
INFO:root:Block 2: alpha=0.5272, beta=0.5118
INFO:root:Block 3: alpha=0.5394, beta=0.5197
INFO:root:train epoch: 2, Train loss: 2.7304, lr: 0.00100
INFO:root:Block 0: alpha=0.4576, beta=0.5068
INFO:root:Block 1: alpha=0.5203, beta=0.5752
INFO:root:Block 2: alpha=0.5318, beta=0.5139
INFO:root:Block 3: alpha=0.5636, beta=0.5285
INFO:root:train epoch: 3, Train loss: 2.6310, lr: 0.00100
INFO:root:Block 0: alpha=0.4423, beta=0.4965
INFO:root:Block 1: alpha=0.5261, beta=0.5918
INFO:root:Block 2: alpha=0.5330, beta=0.5192
INFO:root:Block 3: alpha=0.5720, beta=0.5398
INFO:root:train epoch: 4, Train loss: 2.5552, lr: 0.00100
INFO:root:Block 0: alpha=0.4303, beta=0.4827
INFO:root:Block 1: alpha=0.5357, beta=0.6020
INFO:root:Block 2: alpha=0.5331, beta=0.5246
INFO:root:Block 3: alpha=0.5806, beta=0.5657
INFO:root:train epoch: 5, Train loss: 2.4834, lr: 0.00100
INFO:root:epoch:5
INFO:root:before_valid:  epoch(batch)5:  CPU긽긾깏럊뾭쀊: 89.60%, 멣긽긾깏: 15.82 GB, 럊뾭뭷긽긾깏: 14.18 GB, 뗴궖긽긾깏: 1.64 GB
INFO:root:before_valid:  epoch(batch)5:  GPU긽긾깏럊뾭쀊: 19.10 MB / 둴뺎띙귒: 68.00 MB
INFO:root:Batch:0
INFO:root:test:  epoch(batch)0:  CPU긽긾깏럊뾭쀊: 89.70%, 멣긽긾깏: 15.82 GB, 럊뾭뭷긽긾깏: 14.19 GB, 뗴궖긽긾깏: 1.63 GB
INFO:root:test:  epoch(batch)0:  GPU긽긾깏럊뾭쀊: 19.35 MB / 둴뺎띙귒: 68.00 MB
INFO:root:Valid loss: 4.6837, Valid Accuracy: 0.1772
INFO:root:No improvement in validation loss for 1 epochs.
INFO:root:after_valid:  epoch(batch)5:  CPU긽긾깏럊뾭쀊: 89.70%, 멣긽긾깏: 15.82 GB, 럊뾭뭷긽긾깏: 14.18 GB, 뗴궖긽긾깏: 1.64 GB
INFO:root:after_valid:  epoch(batch)5:  GPU긽긾깏럊뾭쀊: 19.10 MB / 둴뺎띙귒: 68.00 MB
INFO:root:Block 0: alpha=0.4197, beta=0.4697
INFO:root:Block 1: alpha=0.5399, beta=0.6076
INFO:root:Block 2: alpha=0.5283, beta=0.5189
INFO:root:Block 3: alpha=0.5854, beta=0.5778
INFO:root:train epoch: 6, Train loss: 2.4271, lr: 0.00100
INFO:root:Block 0: alpha=0.4090, beta=0.4599
INFO:root:Block 1: alpha=0.5434, beta=0.6199
INFO:root:Block 2: alpha=0.5277, beta=0.5202
INFO:root:Block 3: alpha=0.5936, beta=0.5839
INFO:root:train epoch: 7, Train loss: 2.3598, lr: 0.00100
INFO:root:Block 0: alpha=0.4018, beta=0.4498
INFO:root:Block 1: alpha=0.5460, beta=0.6312
INFO:root:Block 2: alpha=0.5257, beta=0.5203
INFO:root:Block 3: alpha=0.5964, beta=0.5968
INFO:root:train epoch: 8, Train loss: 2.2961, lr: 0.00100
INFO:root:Block 0: alpha=0.3943, beta=0.4379
INFO:root:Block 1: alpha=0.5456, beta=0.6364
INFO:root:Block 2: alpha=0.5231, beta=0.5158
INFO:root:Block 3: alpha=0.5985, beta=0.6053
INFO:root:train epoch: 9, Train loss: 2.2528, lr: 0.00100
INFO:root:Block 0: alpha=0.3892, beta=0.4318
INFO:root:Block 1: alpha=0.5472, beta=0.6389
INFO:root:Block 2: alpha=0.5151, beta=0.5195
INFO:root:Block 3: alpha=0.6010, beta=0.6115
INFO:root:train epoch: 10, Train loss: 2.0798, lr: 0.00010
INFO:root:epoch:10
INFO:root:before_valid:  epoch(batch)10:  CPU긽긾깏럊뾭쀊: 89.60%, 멣긽긾깏: 15.82 GB, 럊뾭뭷긽긾깏: 14.17 GB, 뗴궖긽긾깏: 1.64 GB
INFO:root:before_valid:  epoch(batch)10:  GPU긽긾깏럊뾭쀊: 19.10 MB / 둴뺎띙귒: 68.00 MB
INFO:root:Batch:0
INFO:root:test:  epoch(batch)0:  CPU긽긾깏럊뾭쀊: 89.60%, 멣긽긾깏: 15.82 GB, 럊뾭뭷긽긾깏: 14.17 GB, 뗴궖긽긾깏: 1.64 GB
INFO:root:test:  epoch(batch)0:  GPU긽긾깏럊뾭쀊: 19.35 MB / 둴뺎띙귒: 68.00 MB
INFO:root:Valid loss: 4.9842, Valid Accuracy: 0.1820
INFO:root:No improvement in validation loss for 2 epochs.
INFO:root:after_valid:  epoch(batch)10:  CPU긽긾깏럊뾭쀊: 89.50%, 멣긽긾깏: 15.82 GB, 럊뾭뭷긽긾깏: 14.16 GB, 뗴궖긽긾깏: 1.66 GB
INFO:root:after_valid:  epoch(batch)10:  GPU긽긾깏럊뾭쀊: 19.10 MB / 둴뺎띙귒: 68.00 MB
INFO:root:Block 0: alpha=0.3888, beta=0.4314
INFO:root:Block 1: alpha=0.5467, beta=0.6391
INFO:root:Block 2: alpha=0.5147, beta=0.5199
INFO:root:Block 3: alpha=0.6014, beta=0.6124
INFO:root:train epoch: 11, Train loss: 2.0329, lr: 0.00010
INFO:root:Block 0: alpha=0.3886, beta=0.4310
INFO:root:Block 1: alpha=0.5465, beta=0.6390
INFO:root:Block 2: alpha=0.5140, beta=0.5196
INFO:root:Block 3: alpha=0.6011, beta=0.6131
INFO:root:train epoch: 12, Train loss: 2.0089, lr: 0.00010
INFO:root:Block 0: alpha=0.3882, beta=0.4304
INFO:root:Block 1: alpha=0.5463, beta=0.6386
INFO:root:Block 2: alpha=0.5139, beta=0.5196
INFO:root:Block 3: alpha=0.6008, beta=0.6142
INFO:root:train epoch: 13, Train loss: 1.9897, lr: 0.00010
INFO:root:Block 0: alpha=0.3880, beta=0.4300
INFO:root:Block 1: alpha=0.5458, beta=0.6381
INFO:root:Block 2: alpha=0.5134, beta=0.5192
INFO:root:Block 3: alpha=0.6009, beta=0.6148
INFO:root:train epoch: 14, Train loss: 1.9704, lr: 0.00010
INFO:root:Block 0: alpha=0.3874, beta=0.4296
INFO:root:Block 1: alpha=0.5454, beta=0.6374
INFO:root:Block 2: alpha=0.5131, beta=0.5190
INFO:root:Block 3: alpha=0.6006, beta=0.6155
INFO:root:train epoch: 15, Train loss: 1.9545, lr: 0.00010
INFO:root:epoch:15
INFO:root:before_valid:  epoch(batch)15:  CPU긽긾깏럊뾭쀊: 89.80%, 멣긽긾깏: 15.82 GB, 럊뾭뭷긽긾깏: 14.20 GB, 뗴궖긽긾깏: 1.62 GB
INFO:root:before_valid:  epoch(batch)15:  GPU긽긾깏럊뾭쀊: 19.10 MB / 둴뺎띙귒: 66.00 MB
INFO:root:Batch:0
INFO:root:test:  epoch(batch)0:  CPU긽긾깏럊뾭쀊: 89.80%, 멣긽긾깏: 15.82 GB, 럊뾭뭷긽긾깏: 14.20 GB, 뗴궖긽긾깏: 1.61 GB
INFO:root:test:  epoch(batch)0:  GPU긽긾깏럊뾭쀊: 19.35 MB / 둴뺎띙귒: 66.00 MB
INFO:root:Valid loss: 5.1757, Valid Accuracy: 0.1704
INFO:root:No improvement in validation loss for 3 epochs.
INFO:root:Early stopping triggered.
INFO:root:Batch:0
INFO:root:test:  epoch(batch)0:  CPU긽긾깏럊뾭쀊: 89.90%, 멣긽긾깏: 15.82 GB, 럊뾭뭷긽긾깏: 14.23 GB, 뗴궖긽긾깏: 1.59 GB
INFO:root:test:  epoch(batch)0:  GPU긽긾깏럊뾭쀊: 19.35 MB / 둴뺎띙귒: 66.00 MB
INFO:root:Test loss: 5.1514, Accuracy: 0.1228, Spearman score: 0.9462, Precision top Attn80% score: 0.7768
INFO:root:amount of pair:66176
INFO:root:Time: 1818.6568 seconds
INFO:root:train epoch: 0, Train loss: 2.9729, lr: 0.00100
INFO:root:epoch:0
INFO:root:before_valid:  epoch(batch)0:  CPU긽긾깏럊뾭쀊: 79.50%, 멣긽긾깏: 15.82 GB, 럊뾭뭷긽긾깏: 12.58 GB, 뗴궖긽긾깏: 3.24 GB
INFO:root:before_valid:  epoch(batch)0:  GPU긽긾깏럊뾭쀊: 19.08 MB / 둴뺎띙귒: 66.00 MB
INFO:root:Batch:0
INFO:root:test:  epoch(batch)0:  CPU긽긾깏럊뾭쀊: 79.60%, 멣긽긾깏: 15.82 GB, 럊뾭뭷긽긾깏: 12.59 GB, 뗴궖긽긾깏: 3.23 GB
INFO:root:test:  epoch(batch)0:  GPU긽긾깏럊뾭쀊: 19.33 MB / 둴뺎띙귒: 66.00 MB
INFO:root:Valid loss: 4.5468, Valid Accuracy: 0.1171
INFO:root:Validation loss improved to 4.5468.
INFO:root:after_valid:  epoch(batch)0:  CPU긽긾깏럊뾭쀊: 79.20%, 멣긽긾깏: 15.82 GB, 럊뾭뭷긽긾깏: 12.53 GB, 뗴궖긽긾깏: 3.29 GB
INFO:root:after_valid:  epoch(batch)0:  GPU긽긾깏럊뾭쀊: 19.08 MB / 둴뺎띙귒: 66.00 MB
INFO:root:train epoch: 1, Train loss: 2.7949, lr: 0.00100
INFO:root:train epoch: 2, Train loss: 2.6850, lr: 0.00100
INFO:root:train epoch: 3, Train loss: 2.6153, lr: 0.00100
INFO:root:train epoch: 4, Train loss: 2.5409, lr: 0.00100
INFO:root:train epoch: 5, Train loss: 2.4750, lr: 0.00100
INFO:root:epoch:5
INFO:root:before_valid:  epoch(batch)5:  CPU긽긾깏럊뾭쀊: 79.40%, 멣긽긾깏: 15.82 GB, 럊뾭뭷긽긾깏: 12.56 GB, 뗴궖긽긾깏: 3.26 GB
INFO:root:before_valid:  epoch(batch)5:  GPU긽긾깏럊뾭쀊: 19.08 MB / 둴뺎띙귒: 62.00 MB
INFO:root:Batch:0
INFO:root:test:  epoch(batch)0:  CPU긽긾깏럊뾭쀊: 79.50%, 멣긽긾깏: 15.82 GB, 럊뾭뭷긽긾깏: 12.57 GB, 뗴궖긽긾깏: 3.25 GB
INFO:root:test:  epoch(batch)0:  GPU긽긾깏럊뾭쀊: 19.33 MB / 둴뺎띙귒: 62.00 MB
INFO:root:Valid loss: 4.6776, Valid Accuracy: 0.1520
INFO:root:No improvement in validation loss for 1 epochs.
INFO:root:after_valid:  epoch(batch)5:  CPU긽긾깏럊뾭쀊: 79.60%, 멣긽긾깏: 15.82 GB, 럊뾭뭷긽긾깏: 12.59 GB, 뗴궖긽긾깏: 3.23 GB
INFO:root:after_valid:  epoch(batch)5:  GPU긽긾깏럊뾭쀊: 19.08 MB / 둴뺎띙귒: 62.00 MB
INFO:root:train epoch: 6, Train loss: 2.4205, lr: 0.00100
INFO:root:train epoch: 7, Train loss: 2.3741, lr: 0.00100
INFO:root:train epoch: 8, Train loss: 2.3272, lr: 0.00100
INFO:root:train epoch: 9, Train loss: 2.2749, lr: 0.00100
INFO:root:train epoch: 10, Train loss: 2.1315, lr: 0.00010
INFO:root:epoch:10
INFO:root:before_valid:  epoch(batch)10:  CPU긽긾깏럊뾭쀊: 79.50%, 멣긽긾깏: 15.82 GB, 럊뾭뭷긽긾깏: 12.57 GB, 뗴궖긽긾깏: 3.25 GB
INFO:root:before_valid:  epoch(batch)10:  GPU긽긾깏럊뾭쀊: 19.08 MB / 둴뺎띙귒: 64.00 MB
INFO:root:Batch:0
INFO:root:test:  epoch(batch)0:  CPU긽긾깏럊뾭쀊: 79.50%, 멣긽긾깏: 15.82 GB, 럊뾭뭷긽긾깏: 12.57 GB, 뗴궖긽긾깏: 3.25 GB
INFO:root:test:  epoch(batch)0:  GPU긽긾깏럊뾭쀊: 19.33 MB / 둴뺎띙귒: 64.00 MB
INFO:root:Valid loss: 5.0035, Valid Accuracy: 0.1781
INFO:root:No improvement in validation loss for 2 epochs.
INFO:root:after_valid:  epoch(batch)10:  CPU긽긾깏럊뾭쀊: 79.40%, 멣긽긾깏: 15.82 GB, 럊뾭뭷긽긾깏: 12.56 GB, 뗴궖긽긾깏: 3.26 GB
INFO:root:after_valid:  epoch(batch)10:  GPU긽긾깏럊뾭쀊: 19.08 MB / 둴뺎띙귒: 64.00 MB
INFO:root:train epoch: 11, Train loss: 2.0901, lr: 0.00010
INFO:root:train epoch: 12, Train loss: 2.0675, lr: 0.00010
INFO:root:train epoch: 13, Train loss: 2.0511, lr: 0.00010
INFO:root:train epoch: 14, Train loss: 2.0364, lr: 0.00010
INFO:root:train epoch: 15, Train loss: 2.0242, lr: 0.00010
INFO:root:epoch:15
INFO:root:before_valid:  epoch(batch)15:  CPU긽긾깏럊뾭쀊: 79.30%, 멣긽긾깏: 15.82 GB, 럊뾭뭷긽긾깏: 12.54 GB, 뗴궖긽긾깏: 3.28 GB
INFO:root:before_valid:  epoch(batch)15:  GPU긽긾깏럊뾭쀊: 19.08 MB / 둴뺎띙귒: 66.00 MB
INFO:root:Batch:0
INFO:root:test:  epoch(batch)0:  CPU긽긾깏럊뾭쀊: 79.40%, 멣긽긾깏: 15.82 GB, 럊뾭뭷긽긾깏: 12.55 GB, 뗴궖긽긾깏: 3.26 GB
INFO:root:test:  epoch(batch)0:  GPU긽긾깏럊뾭쀊: 19.33 MB / 둴뺎띙귒: 66.00 MB
INFO:root:Valid loss: 5.2649, Valid Accuracy: 0.1801
INFO:root:No improvement in validation loss for 3 epochs.
INFO:root:Early stopping triggered.
INFO:root:Batch:0
INFO:root:test:  epoch(batch)0:  CPU긽긾깏럊뾭쀊: 79.40%, 멣긽긾깏: 15.82 GB, 럊뾭뭷긽긾깏: 12.57 GB, 뗴궖긽긾깏: 3.25 GB
INFO:root:test:  epoch(batch)0:  GPU긽긾깏럊뾭쀊: 19.33 MB / 둴뺎띙귒: 66.00 MB
INFO:root:Test loss: 5.1871, Accuracy: 0.1412, Spearman score: 0.1425, Precision top Attn80% score: 0.1728
INFO:root:amount of pair:66176
INFO:root:Time: 1866.6185 seconds
INFO:root:train epoch: 0, Train loss: 3.1069, lr: 0.00010
INFO:root:epoch:0
INFO:root:before_valid:  epoch(batch)0:  CPU긽긾깏럊뾭쀊: 78.80%, 멣긽긾깏: 15.82 GB, 럊뾭뭷긽긾깏: 12.46 GB, 뗴궖긽긾깏: 3.36 GB
INFO:root:before_valid:  epoch(batch)0:  GPU긽긾깏럊뾭쀊: 19.08 MB / 둴뺎띙귒: 66.00 MB
INFO:root:Batch:0
INFO:root:test:  epoch(batch)0:  CPU긽긾깏럊뾭쀊: 78.80%, 멣긽긾깏: 15.82 GB, 럊뾭뭷긽긾깏: 12.46 GB, 뗴궖긽긾깏: 3.36 GB
INFO:root:test:  epoch(batch)0:  GPU긽긾깏럊뾭쀊: 19.33 MB / 둴뺎띙귒: 66.00 MB
INFO:root:Valid loss: 4.3685, Valid Accuracy: 0.1413
INFO:root:Validation loss improved to 4.3685.
INFO:root:after_valid:  epoch(batch)0:  CPU긽긾깏럊뾭쀊: 78.80%, 멣긽긾깏: 15.82 GB, 럊뾭뭷긽긾깏: 12.47 GB, 뗴궖긽긾깏: 3.35 GB
INFO:root:after_valid:  epoch(batch)0:  GPU긽긾깏럊뾭쀊: 19.08 MB / 둴뺎띙귒: 66.00 MB
INFO:root:train epoch: 1, Train loss: 2.9117, lr: 0.00010
INFO:root:train epoch: 2, Train loss: 2.8759, lr: 0.00010
INFO:root:train epoch: 3, Train loss: 2.8453, lr: 0.00010
INFO:root:train epoch: 4, Train loss: 2.7946, lr: 0.00010
INFO:root:train epoch: 5, Train loss: 2.7380, lr: 0.00010
INFO:root:epoch:5
INFO:root:before_valid:  epoch(batch)5:  CPU긽긾깏럊뾭쀊: 77.90%, 멣긽긾깏: 15.82 GB, 럊뾭뭷긽긾깏: 12.32 GB, 뗴궖긽긾깏: 3.50 GB
INFO:root:before_valid:  epoch(batch)5:  GPU긽긾깏럊뾭쀊: 19.08 MB / 둴뺎띙귒: 62.00 MB
INFO:root:Batch:0
INFO:root:test:  epoch(batch)0:  CPU긽긾깏럊뾭쀊: 77.80%, 멣긽긾깏: 15.82 GB, 럊뾭뭷긽긾깏: 12.30 GB, 뗴궖긽긾깏: 3.52 GB
INFO:root:test:  epoch(batch)0:  GPU긽긾깏럊뾭쀊: 19.33 MB / 둴뺎띙귒: 62.00 MB
INFO:root:Valid loss: 4.5659, Valid Accuracy: 0.0978
INFO:root:No improvement in validation loss for 1 epochs.
INFO:root:after_valid:  epoch(batch)5:  CPU긽긾깏럊뾭쀊: 77.80%, 멣긽긾깏: 15.82 GB, 럊뾭뭷긽긾깏: 12.31 GB, 뗴궖긽긾깏: 3.51 GB
INFO:root:after_valid:  epoch(batch)5:  GPU긽긾깏럊뾭쀊: 19.08 MB / 둴뺎띙귒: 62.00 MB
INFO:root:train epoch: 6, Train loss: 2.7062, lr: 0.00010
INFO:root:train epoch: 7, Train loss: 2.6822, lr: 0.00010
INFO:root:train epoch: 8, Train loss: 2.6650, lr: 0.00010
INFO:root:train epoch: 9, Train loss: 2.6491, lr: 0.00010
INFO:root:train epoch: 10, Train loss: 2.6104, lr: 0.00001
INFO:root:epoch:10
INFO:root:before_valid:  epoch(batch)10:  CPU긽긾깏럊뾭쀊: 78.00%, 멣긽긾깏: 15.82 GB, 럊뾭뭷긽긾깏: 12.34 GB, 뗴궖긽긾깏: 3.47 GB
INFO:root:before_valid:  epoch(batch)10:  GPU긽긾깏럊뾭쀊: 19.08 MB / 둴뺎띙귒: 64.00 MB
INFO:root:Batch:0
INFO:root:test:  epoch(batch)0:  CPU긽긾깏럊뾭쀊: 78.00%, 멣긽긾깏: 15.82 GB, 럊뾭뭷긽긾깏: 12.35 GB, 뗴궖긽긾깏: 3.47 GB
INFO:root:test:  epoch(batch)0:  GPU긽긾깏럊뾭쀊: 19.33 MB / 둴뺎띙귒: 64.00 MB
INFO:root:Valid loss: 4.6113, Valid Accuracy: 0.1133
INFO:root:No improvement in validation loss for 2 epochs.
INFO:root:after_valid:  epoch(batch)10:  CPU긽긾깏럊뾭쀊: 78.10%, 멣긽긾깏: 15.82 GB, 럊뾭뭷긽긾깏: 12.35 GB, 뗴궖긽긾깏: 3.47 GB
INFO:root:after_valid:  epoch(batch)10:  GPU긽긾깏럊뾭쀊: 19.08 MB / 둴뺎띙귒: 64.00 MB
INFO:root:train epoch: 11, Train loss: 2.6031, lr: 0.00001
INFO:root:train epoch: 12, Train loss: 2.6007, lr: 0.00001
INFO:root:train epoch: 13, Train loss: 2.5974, lr: 0.00001
INFO:root:train epoch: 14, Train loss: 2.5940, lr: 0.00001
INFO:root:train epoch: 15, Train loss: 2.5920, lr: 0.00001
INFO:root:epoch:15
INFO:root:before_valid:  epoch(batch)15:  CPU긽긾깏럊뾭쀊: 78.50%, 멣긽긾깏: 15.82 GB, 럊뾭뭷긽긾깏: 12.42 GB, 뗴궖긽긾깏: 3.40 GB
INFO:root:before_valid:  epoch(batch)15:  GPU긽긾깏럊뾭쀊: 19.08 MB / 둴뺎띙귒: 66.00 MB
INFO:root:Batch:0
INFO:root:test:  epoch(batch)0:  CPU긽긾깏럊뾭쀊: 78.50%, 멣긽긾깏: 15.82 GB, 럊뾭뭷긽긾깏: 12.41 GB, 뗴궖긽긾깏: 3.40 GB
INFO:root:test:  epoch(batch)0:  GPU긽긾깏럊뾭쀊: 19.33 MB / 둴뺎띙귒: 66.00 MB
INFO:root:Valid loss: 4.6488, Valid Accuracy: 0.1094
INFO:root:No improvement in validation loss for 3 epochs.
INFO:root:Early stopping triggered.
INFO:root:Batch:0
INFO:root:test:  epoch(batch)0:  CPU긽긾깏럊뾭쀊: 78.70%, 멣긽긾깏: 15.82 GB, 럊뾭뭷긽긾깏: 12.45 GB, 뗴궖긽긾깏: 3.37 GB
INFO:root:test:  epoch(batch)0:  GPU긽긾깏럊뾭쀊: 19.33 MB / 둴뺎띙귒: 66.00 MB
INFO:root:Test loss: 4.7234, Accuracy: 0.0928, Spearman score: -0.1586, Precision top Attn80% score: 0.0672
INFO:root:amount of pair:66176
INFO:root:Time: 1850.3747 seconds
INFO:root:train epoch: 0, Train loss: 2.9476, lr: 0.00100
INFO:root:epoch:0
INFO:root:before_valid:  epoch(batch)0:  CPU긽긾깏럊뾭쀊: 78.80%, 멣긽긾깏: 15.82 GB, 럊뾭뭷긽긾깏: 12.47 GB, 뗴궖긽긾깏: 3.35 GB
INFO:root:before_valid:  epoch(batch)0:  GPU긽긾깏럊뾭쀊: 19.08 MB / 둴뺎띙귒: 66.00 MB
INFO:root:Batch:0
INFO:root:test:  epoch(batch)0:  CPU긽긾깏럊뾭쀊: 78.80%, 멣긽긾깏: 15.82 GB, 럊뾭뭷긽긾깏: 12.47 GB, 뗴궖긽긾깏: 3.35 GB
INFO:root:test:  epoch(batch)0:  GPU긽긾깏럊뾭쀊: 19.33 MB / 둴뺎띙귒: 66.00 MB
INFO:root:Valid loss: 4.5417, Valid Accuracy: 0.1152
INFO:root:Validation loss improved to 4.5417.
INFO:root:after_valid:  epoch(batch)0:  CPU긽긾깏럊뾭쀊: 78.80%, 멣긽긾깏: 15.82 GB, 럊뾭뭷긽긾깏: 12.46 GB, 뗴궖긽긾깏: 3.36 GB
INFO:root:after_valid:  epoch(batch)0:  GPU긽긾깏럊뾭쀊: 19.08 MB / 둴뺎띙귒: 66.00 MB
INFO:root:train epoch: 1, Train loss: 2.7798, lr: 0.00100
INFO:root:train epoch: 2, Train loss: 2.6619, lr: 0.00100
INFO:root:train epoch: 3, Train loss: 2.5853, lr: 0.00100
INFO:root:train epoch: 4, Train loss: 2.5288, lr: 0.00100
INFO:root:train epoch: 5, Train loss: 2.4733, lr: 0.00100
INFO:root:epoch:5
INFO:root:before_valid:  epoch(batch)5:  CPU긽긾깏럊뾭쀊: 78.20%, 멣긽긾깏: 15.82 GB, 럊뾭뭷긽긾깏: 12.37 GB, 뗴궖긽긾깏: 3.45 GB
INFO:root:before_valid:  epoch(batch)5:  GPU긽긾깏럊뾭쀊: 19.08 MB / 둴뺎띙귒: 62.00 MB
INFO:root:Batch:0
INFO:root:test:  epoch(batch)0:  CPU긽긾깏럊뾭쀊: 78.20%, 멣긽긾깏: 15.82 GB, 럊뾭뭷긽긾깏: 12.36 GB, 뗴궖긽긾깏: 3.45 GB
INFO:root:test:  epoch(batch)0:  GPU긽긾깏럊뾭쀊: 19.33 MB / 둴뺎띙귒: 62.00 MB
INFO:root:Valid loss: 4.7415, Valid Accuracy: 0.1268
INFO:root:No improvement in validation loss for 1 epochs.
INFO:root:after_valid:  epoch(batch)5:  CPU긽긾깏럊뾭쀊: 78.10%, 멣긽긾깏: 15.82 GB, 럊뾭뭷긽긾깏: 12.36 GB, 뗴궖긽긾깏: 3.46 GB
INFO:root:after_valid:  epoch(batch)5:  GPU긽긾깏럊뾭쀊: 19.08 MB / 둴뺎띙귒: 62.00 MB
INFO:root:train epoch: 6, Train loss: 2.4243, lr: 0.00100
INFO:root:train epoch: 7, Train loss: 2.3610, lr: 0.00100
INFO:root:train epoch: 8, Train loss: 2.2944, lr: 0.00100
INFO:root:train epoch: 9, Train loss: 2.2402, lr: 0.00100
INFO:root:train epoch: 10, Train loss: 2.0724, lr: 0.00010
INFO:root:epoch:10
INFO:root:before_valid:  epoch(batch)10:  CPU긽긾깏럊뾭쀊: 79.00%, 멣긽긾깏: 15.82 GB, 럊뾭뭷긽긾깏: 12.49 GB, 뗴궖긽긾깏: 3.33 GB
INFO:root:before_valid:  epoch(batch)10:  GPU긽긾깏럊뾭쀊: 19.08 MB / 둴뺎띙귒: 64.00 MB
INFO:root:Batch:0
INFO:root:test:  epoch(batch)0:  CPU긽긾깏럊뾭쀊: 79.00%, 멣긽긾깏: 15.82 GB, 럊뾭뭷긽긾깏: 12.49 GB, 뗴궖긽긾깏: 3.33 GB
INFO:root:test:  epoch(batch)0:  GPU긽긾깏럊뾭쀊: 19.33 MB / 둴뺎띙귒: 64.00 MB
INFO:root:Valid loss: 4.9939, Valid Accuracy: 0.1917
INFO:root:No improvement in validation loss for 2 epochs.
INFO:root:after_valid:  epoch(batch)10:  CPU긽긾깏럊뾭쀊: 79.00%, 멣긽긾깏: 15.82 GB, 럊뾭뭷긽긾깏: 12.49 GB, 뗴궖긽긾깏: 3.33 GB
INFO:root:after_valid:  epoch(batch)10:  GPU긽긾깏럊뾭쀊: 19.08 MB / 둴뺎띙귒: 64.00 MB
INFO:root:train epoch: 11, Train loss: 2.0341, lr: 0.00010
INFO:root:train epoch: 12, Train loss: 2.0148, lr: 0.00010
INFO:root:train epoch: 13, Train loss: 1.9985, lr: 0.00010
INFO:root:train epoch: 14, Train loss: 1.9835, lr: 0.00010
INFO:root:train epoch: 15, Train loss: 1.9711, lr: 0.00010
INFO:root:epoch:15
INFO:root:before_valid:  epoch(batch)15:  CPU긽긾깏럊뾭쀊: 78.20%, 멣긽긾깏: 15.82 GB, 럊뾭뭷긽긾깏: 12.38 GB, 뗴궖긽긾깏: 3.44 GB
INFO:root:before_valid:  epoch(batch)15:  GPU긽긾깏럊뾭쀊: 19.08 MB / 둴뺎띙귒: 66.00 MB
INFO:root:Batch:0
INFO:root:test:  epoch(batch)0:  CPU긽긾깏럊뾭쀊: 78.30%, 멣긽긾깏: 15.82 GB, 럊뾭뭷긽긾깏: 12.38 GB, 뗴궖긽긾깏: 3.44 GB
INFO:root:test:  epoch(batch)0:  GPU긽긾깏럊뾭쀊: 19.33 MB / 둴뺎띙귒: 66.00 MB
INFO:root:Valid loss: 5.2346, Valid Accuracy: 0.2004
INFO:root:No improvement in validation loss for 3 epochs.
INFO:root:Early stopping triggered.
INFO:root:Batch:0
INFO:root:test:  epoch(batch)0:  CPU긽긾깏럊뾭쀊: 78.30%, 멣긽긾깏: 15.82 GB, 럊뾭뭷긽긾깏: 12.38 GB, 뗴궖긽긾깏: 3.44 GB
INFO:root:test:  epoch(batch)0:  GPU긽긾깏럊뾭쀊: 19.33 MB / 둴뺎띙귒: 66.00 MB
INFO:root:Test loss: 5.3151, Accuracy: 0.1499, Spearman score: 0.1130, Precision top Attn80% score: 0.1564
INFO:root:amount of pair:66176
INFO:root:Time: 1778.8112 seconds
INFO:root:train epoch: 0, Train loss: 2.9598, lr: 0.00100
INFO:root:epoch:0
INFO:root:before_valid:  epoch(batch)0:  CPU긽긾깏럊뾭쀊: 81.40%, 멣긽긾깏: 15.82 GB, 럊뾭뭷긽긾깏: 12.88 GB, 뗴궖긽긾깏: 2.94 GB
INFO:root:before_valid:  epoch(batch)0:  GPU긽긾깏럊뾭쀊: 19.08 MB / 둴뺎띙귒: 66.00 MB
INFO:root:Batch:0
INFO:root:test:  epoch(batch)0:  CPU긽긾깏럊뾭쀊: 81.40%, 멣긽긾깏: 15.82 GB, 럊뾭뭷긽긾깏: 12.88 GB, 뗴궖긽긾깏: 2.94 GB
INFO:root:test:  epoch(batch)0:  GPU긽긾깏럊뾭쀊: 19.33 MB / 둴뺎띙귒: 66.00 MB
INFO:root:Valid loss: 2.7848, Valid Accuracy: 0.1839
INFO:root:Validation loss improved to 2.7848.
INFO:root:after_valid:  epoch(batch)0:  CPU긽긾깏럊뾭쀊: 81.70%, 멣긽긾깏: 15.82 GB, 럊뾭뭷긽긾깏: 12.92 GB, 뗴궖긽긾깏: 2.90 GB
INFO:root:after_valid:  epoch(batch)0:  GPU긽긾깏럊뾭쀊: 19.08 MB / 둴뺎띙귒: 66.00 MB
INFO:root:train epoch: 1, Train loss: 2.7721, lr: 0.00100
INFO:root:train epoch: 2, Train loss: 2.6795, lr: 0.00100
INFO:root:train epoch: 3, Train loss: 2.5730, lr: 0.00100
INFO:root:train epoch: 4, Train loss: 2.4978, lr: 0.00100
INFO:root:train epoch: 5, Train loss: 2.4441, lr: 0.00100
INFO:root:epoch:5
INFO:root:before_valid:  epoch(batch)5:  CPU긽긾깏럊뾭쀊: 81.10%, 멣긽긾깏: 15.82 GB, 럊뾭뭷긽긾깏: 12.83 GB, 뗴궖긽긾깏: 2.98 GB
INFO:root:before_valid:  epoch(batch)5:  GPU긽긾깏럊뾭쀊: 19.08 MB / 둴뺎띙귒: 62.00 MB
INFO:root:Batch:0
INFO:root:test:  epoch(batch)0:  CPU긽긾깏럊뾭쀊: 81.20%, 멣긽긾깏: 15.82 GB, 럊뾭뭷긽긾깏: 12.84 GB, 뗴궖긽긾깏: 2.98 GB
INFO:root:test:  epoch(batch)0:  GPU긽긾깏럊뾭쀊: 19.33 MB / 둴뺎띙귒: 62.00 MB
INFO:root:Valid loss: 2.3773, Valid Accuracy: 0.2827
INFO:root:Validation loss improved to 2.3773.
INFO:root:after_valid:  epoch(batch)5:  CPU긽긾깏럊뾭쀊: 81.10%, 멣긽긾깏: 15.82 GB, 럊뾭뭷긽긾깏: 12.83 GB, 뗴궖긽긾깏: 2.98 GB
INFO:root:after_valid:  epoch(batch)5:  GPU긽긾깏럊뾭쀊: 19.08 MB / 둴뺎띙귒: 62.00 MB
INFO:root:train epoch: 6, Train loss: 2.3833, lr: 0.00100
INFO:root:train epoch: 7, Train loss: 2.3346, lr: 0.00100
INFO:root:train epoch: 8, Train loss: 2.2831, lr: 0.00100
INFO:root:train epoch: 9, Train loss: 2.2214, lr: 0.00100
INFO:root:train epoch: 10, Train loss: 2.0549, lr: 0.00010
INFO:root:epoch:10
INFO:root:before_valid:  epoch(batch)10:  CPU긽긾깏럊뾭쀊: 81.20%, 멣긽긾깏: 15.82 GB, 럊뾭뭷긽긾깏: 12.84 GB, 뗴궖긽긾깏: 2.98 GB
INFO:root:before_valid:  epoch(batch)10:  GPU긽긾깏럊뾭쀊: 19.08 MB / 둴뺎띙귒: 64.00 MB
INFO:root:Batch:0
INFO:root:test:  epoch(batch)0:  CPU긽긾깏럊뾭쀊: 81.20%, 멣긽긾깏: 15.82 GB, 럊뾭뭷긽긾깏: 12.85 GB, 뗴궖긽긾깏: 2.97 GB
INFO:root:test:  epoch(batch)0:  GPU긽긾깏럊뾭쀊: 19.33 MB / 둴뺎띙귒: 64.00 MB
INFO:root:Valid loss: 2.2175, Valid Accuracy: 0.3417
INFO:root:Validation loss improved to 2.2175.
INFO:root:after_valid:  epoch(batch)10:  CPU긽긾깏럊뾭쀊: 81.20%, 멣긽긾깏: 15.82 GB, 럊뾭뭷긽긾깏: 12.85 GB, 뗴궖긽긾깏: 2.97 GB
INFO:root:after_valid:  epoch(batch)10:  GPU긽긾깏럊뾭쀊: 19.08 MB / 둴뺎띙귒: 64.00 MB
INFO:root:train epoch: 11, Train loss: 2.0056, lr: 0.00010
INFO:root:train epoch: 12, Train loss: 1.9812, lr: 0.00010
INFO:root:train epoch: 13, Train loss: 1.9596, lr: 0.00010
INFO:root:train epoch: 14, Train loss: 1.9455, lr: 0.00010
INFO:root:train epoch: 15, Train loss: 1.9287, lr: 0.00010
INFO:root:epoch:15
INFO:root:before_valid:  epoch(batch)15:  CPU긽긾깏럊뾭쀊: 81.60%, 멣긽긾깏: 15.82 GB, 럊뾭뭷긽긾깏: 12.91 GB, 뗴궖긽긾깏: 2.91 GB
INFO:root:before_valid:  epoch(batch)15:  GPU긽긾깏럊뾭쀊: 19.08 MB / 둴뺎띙귒: 66.00 MB
INFO:root:Batch:0
INFO:root:test:  epoch(batch)0:  CPU긽긾깏럊뾭쀊: 81.60%, 멣긽긾깏: 15.82 GB, 럊뾭뭷긽긾깏: 12.91 GB, 뗴궖긽긾깏: 2.91 GB
INFO:root:test:  epoch(batch)0:  GPU긽긾깏럊뾭쀊: 19.33 MB / 둴뺎띙귒: 66.00 MB
INFO:root:Valid loss: 2.1600, Valid Accuracy: 0.3621
INFO:root:Validation loss improved to 2.1600.
INFO:root:after_valid:  epoch(batch)15:  CPU긽긾깏럊뾭쀊: 81.30%, 멣긽긾깏: 15.82 GB, 럊뾭뭷긽긾깏: 12.87 GB, 뗴궖긽긾깏: 2.95 GB
INFO:root:after_valid:  epoch(batch)15:  GPU긽긾깏럊뾭쀊: 19.08 MB / 둴뺎띙귒: 66.00 MB
INFO:root:train epoch: 16, Train loss: 1.9162, lr: 0.00010
INFO:root:train epoch: 17, Train loss: 1.9024, lr: 0.00010
INFO:root:train epoch: 18, Train loss: 1.8903, lr: 0.00010
INFO:root:train epoch: 19, Train loss: 1.8780, lr: 0.00010
INFO:root:train epoch: 20, Train loss: 1.8658, lr: 0.00010
INFO:root:epoch:20
INFO:root:before_valid:  epoch(batch)20:  CPU긽긾깏럊뾭쀊: 81.10%, 멣긽긾깏: 15.82 GB, 럊뾭뭷긽긾깏: 12.83 GB, 뗴궖긽긾깏: 2.98 GB
INFO:root:before_valid:  epoch(batch)20:  GPU긽긾깏럊뾭쀊: 19.08 MB / 둴뺎띙귒: 62.00 MB
INFO:root:Batch:0
INFO:root:test:  epoch(batch)0:  CPU긽긾깏럊뾭쀊: 81.10%, 멣긽긾깏: 15.82 GB, 럊뾭뭷긽긾깏: 12.83 GB, 뗴궖긽긾깏: 2.98 GB
INFO:root:test:  epoch(batch)0:  GPU긽긾깏럊뾭쀊: 19.33 MB / 둴뺎띙귒: 62.00 MB
INFO:root:Valid loss: 2.1681, Valid Accuracy: 0.3669
INFO:root:No improvement in validation loss for 1 epochs.
INFO:root:after_valid:  epoch(batch)20:  CPU긽긾깏럊뾭쀊: 81.30%, 멣긽긾깏: 15.82 GB, 럊뾭뭷긽긾깏: 12.85 GB, 뗴궖긽긾깏: 2.97 GB
INFO:root:after_valid:  epoch(batch)20:  GPU긽긾깏럊뾭쀊: 19.08 MB / 둴뺎띙귒: 62.00 MB
INFO:root:train epoch: 21, Train loss: 1.8550, lr: 0.00010
INFO:root:train epoch: 22, Train loss: 1.8455, lr: 0.00010
INFO:root:train epoch: 23, Train loss: 1.8373, lr: 0.00010
INFO:root:train epoch: 24, Train loss: 1.8263, lr: 0.00010
INFO:root:train epoch: 25, Train loss: 1.8143, lr: 0.00010
INFO:root:epoch:25
INFO:root:before_valid:  epoch(batch)25:  CPU긽긾깏럊뾭쀊: 81.70%, 멣긽긾깏: 15.82 GB, 럊뾭뭷긽긾깏: 12.93 GB, 뗴궖긽긾깏: 2.89 GB
INFO:root:before_valid:  epoch(batch)25:  GPU긽긾깏럊뾭쀊: 19.08 MB / 둴뺎띙귒: 64.00 MB
INFO:root:Batch:0
INFO:root:test:  epoch(batch)0:  CPU긽긾깏럊뾭쀊: 81.70%, 멣긽긾깏: 15.82 GB, 럊뾭뭷긽긾깏: 12.93 GB, 뗴궖긽긾깏: 2.89 GB
INFO:root:test:  epoch(batch)0:  GPU긽긾깏럊뾭쀊: 19.33 MB / 둴뺎띙귒: 64.00 MB
INFO:root:Valid loss: 2.1544, Valid Accuracy: 0.3727
INFO:root:Validation loss improved to 2.1544.
INFO:root:after_valid:  epoch(batch)25:  CPU긽긾깏럊뾭쀊: 81.50%, 멣긽긾깏: 15.82 GB, 럊뾭뭷긽긾깏: 12.89 GB, 뗴궖긽긾깏: 2.93 GB
INFO:root:after_valid:  epoch(batch)25:  GPU긽긾깏럊뾭쀊: 19.08 MB / 둴뺎띙귒: 64.00 MB
INFO:root:train epoch: 26, Train loss: 1.8064, lr: 0.00010
INFO:root:train epoch: 27, Train loss: 1.7961, lr: 0.00010
INFO:root:train epoch: 28, Train loss: 1.7872, lr: 0.00010
INFO:root:train epoch: 29, Train loss: 1.7787, lr: 0.00010
INFO:root:Batch:0
INFO:root:test:  epoch(batch)0:  CPU긽긾깏럊뾭쀊: 81.10%, 멣긽긾깏: 15.82 GB, 럊뾭뭷긽긾깏: 12.84 GB, 뗴궖긽긾깏: 2.98 GB
INFO:root:test:  epoch(batch)0:  GPU긽긾깏럊뾭쀊: 19.33 MB / 둴뺎띙귒: 62.00 MB
INFO:root:Test loss: 2.2820, Accuracy: 0.3675, Spearman score: 0.0561, Precision top Attn80% score: 0.1270
INFO:root:amount of pair:66176
INFO:root:Time: 3036.0567 seconds
