Experiment       : NYU_sharefusion_alearn_blearn
LR schedule      : adjusted (0.01→0.001)
Checkpoint       : model_final.pt
Learnable α/β    : True
Device           : cuda
Batch size       : 16
Seed             : 42
Test samples     : 5069
---
before_inference: CPU 94.4%  |  Used 14.93 GB / Total 15.82 GB  |  Avail 0.89 GB
before_inference: GPU allocated 12.13 MB  |  reserved 24.00 MB
batch 0/317: CPU 94.4%  |  Used 14.93 GB / Total 15.82 GB  |  Avail 0.88 GB
batch 0/317: GPU allocated 21.01 MB  |  reserved 48.00 MB
  elapsed 0.06s  |  this batch 8.5ms
batch 100/317: CPU 91.3%  |  Used 14.45 GB / Total 15.82 GB  |  Avail 1.37 GB
batch 100/317: GPU allocated 59.10 MB  |  reserved 88.00 MB
  elapsed 12.44s  |  this batch 17.5ms
batch 200/317: CPU 92.7%  |  Used 14.67 GB / Total 15.82 GB  |  Avail 1.15 GB
batch 200/317: GPU allocated 97.19 MB  |  reserved 128.00 MB
  elapsed 25.14s  |  this batch 18.4ms
batch 300/317: CPU 94.2%  |  Used 14.89 GB / Total 15.82 GB  |  Avail 0.92 GB
batch 300/317: GPU allocated 135.27 MB  |  reserved 168.00 MB
  elapsed 37.99s  |  this batch 17.3ms
after_inference: CPU 94.4%  |  Used 14.93 GB / Total 15.82 GB  |  Avail 0.89 GB
after_inference: GPU allocated 132.79 MB  |  reserved 154.00 MB
--- Results ---
Total time       : 40.1507 s
Per-sample time  : 7.9208 ms
Per-batch time   : 126.6585 ms
Throughput       : 126.25 samples/s
Accuracy         : 0.8976
Average loss     : 0.3323
CMI              : 110.4762
