INFO:root:Block 0: alpha=0.5000, beta=0.5000
INFO:root:Block 1: alpha=0.5000, beta=0.5000
INFO:root:Block 2: alpha=0.5000, beta=0.5000
INFO:root:Block 3: alpha=0.5000, beta=0.5000
INFO:root:Block 0: alpha=0.5000, beta=0.5000
INFO:root:Block 1: alpha=0.5000, beta=0.5000
INFO:root:Block 2: alpha=0.5000, beta=0.5000
INFO:root:Block 3: alpha=0.5000, beta=0.5000
INFO:root:train epoch: 0, Train loss: 2.7949, lr: 0.00010
INFO:root:epoch:0
INFO:root:before_valid:  epoch(batch)0:  CPUメモリ使用量: 69.50%, 全メモリ: 15.82 GB, 使用中メモリ: 11.00 GB, 空きメモリ: 4.82 GB
INFO:root:before_valid:  epoch(batch)0:  GPUメモリ使用量: 19.06 MB / 確保済み: 56.00 MB
INFO:root:Batch:0
INFO:root:test:  epoch(batch)0:  CPUメモリ使用量: 69.50%, 全メモリ: 15.82 GB, 使用中メモリ: 10.99 GB, 空きメモリ: 4.82 GB
INFO:root:test:  epoch(batch)0:  GPUメモリ使用量: 19.32 MB / 確保済み: 56.00 MB
INFO:root:Valid loss: 3.4080, Valid Accuracy: 0.2250
INFO:root:Validation loss improved to 3.4080.
INFO:root:after_valid:  epoch(batch)0:  CPUメモリ使用量: 69.90%, 全メモリ: 15.82 GB, 使用中メモリ: 11.05 GB, 空きメモリ: 4.77 GB
INFO:root:after_valid:  epoch(batch)0:  GPUメモリ使用量: 19.06 MB / 確保済み: 56.00 MB
INFO:root:Block 0: alpha=0.4983, beta=0.4978
INFO:root:Block 1: alpha=0.4976, beta=0.4995
INFO:root:Block 2: alpha=0.4982, beta=0.4993
INFO:root:Block 3: alpha=0.4984, beta=0.5008
INFO:root:train epoch: 1, Train loss: 2.4690, lr: 0.00010
INFO:root:Block 0: alpha=0.4980, beta=0.4973
INFO:root:Block 1: alpha=0.4977, beta=0.4980
INFO:root:Block 2: alpha=0.4980, beta=0.4998
INFO:root:Block 3: alpha=0.4982, beta=0.5013
INFO:root:train epoch: 2, Train loss: 2.4561, lr: 0.00010
INFO:root:Block 0: alpha=0.4982, beta=0.4982
INFO:root:Block 1: alpha=0.4991, beta=0.4956
INFO:root:Block 2: alpha=0.4981, beta=0.4987
INFO:root:Block 3: alpha=0.4980, beta=0.5010
INFO:root:train epoch: 3, Train loss: 2.4277, lr: 0.00010
INFO:root:Block 0: alpha=0.4979, beta=0.4984
INFO:root:Block 1: alpha=0.4986, beta=0.4952
INFO:root:Block 2: alpha=0.4992, beta=0.4956
INFO:root:Block 3: alpha=0.4985, beta=0.4985
INFO:root:train epoch: 4, Train loss: 2.3866, lr: 0.00010
INFO:root:Block 0: alpha=0.4976, beta=0.4984
INFO:root:Block 1: alpha=0.4985, beta=0.4941
INFO:root:Block 2: alpha=0.5002, beta=0.4933
INFO:root:Block 3: alpha=0.4995, beta=0.4966
INFO:root:train epoch: 5, Train loss: 2.3149, lr: 0.00010
INFO:root:epoch:5
INFO:root:before_valid:  epoch(batch)5:  CPUメモリ使用量: 72.90%, 全メモリ: 15.82 GB, 使用中メモリ: 11.52 GB, 空きメモリ: 4.29 GB
INFO:root:before_valid:  epoch(batch)5:  GPUメモリ使用量: 19.06 MB / 確保済み: 58.00 MB
INFO:root:Batch:0
INFO:root:test:  epoch(batch)0:  CPUメモリ使用量: 72.80%, 全メモリ: 15.82 GB, 使用中メモリ: 11.51 GB, 空きメモリ: 4.30 GB
INFO:root:test:  epoch(batch)0:  GPUメモリ使用量: 19.32 MB / 確保済み: 58.00 MB
INFO:root:Valid loss: 3.3583, Valid Accuracy: 0.2750
INFO:root:Validation loss improved to 3.3583.
INFO:root:after_valid:  epoch(batch)5:  CPUメモリ使用量: 72.70%, 全メモリ: 15.82 GB, 使用中メモリ: 11.50 GB, 空きメモリ: 4.32 GB
INFO:root:after_valid:  epoch(batch)5:  GPUメモリ使用量: 19.06 MB / 確保済み: 58.00 MB
INFO:root:Block 0: alpha=0.4967, beta=0.4984
INFO:root:Block 1: alpha=0.4985, beta=0.4926
INFO:root:Block 2: alpha=0.5010, beta=0.4906
INFO:root:Block 3: alpha=0.5002, beta=0.4946
INFO:root:train epoch: 6, Train loss: 2.2571, lr: 0.00010
INFO:root:Block 0: alpha=0.4959, beta=0.4984
INFO:root:Block 1: alpha=0.4983, beta=0.4907
INFO:root:Block 2: alpha=0.5005, beta=0.4888
INFO:root:Block 3: alpha=0.5006, beta=0.4929
INFO:root:train epoch: 7, Train loss: 2.2253, lr: 0.00010
INFO:root:Block 0: alpha=0.4952, beta=0.4984
INFO:root:Block 1: alpha=0.4982, beta=0.4893
INFO:root:Block 2: alpha=0.5006, beta=0.4878
INFO:root:Block 3: alpha=0.5011, beta=0.4919
INFO:root:train epoch: 8, Train loss: 2.1796, lr: 0.00010
INFO:root:Block 0: alpha=0.4945, beta=0.4985
INFO:root:Block 1: alpha=0.4979, beta=0.4885
INFO:root:Block 2: alpha=0.5003, beta=0.4869
INFO:root:Block 3: alpha=0.5014, beta=0.4911
INFO:root:Block 0: alpha=0.5000, beta=0.5000
INFO:root:Block 1: alpha=0.5000, beta=0.5000
INFO:root:Block 2: alpha=0.5000, beta=0.5000
INFO:root:Block 3: alpha=0.5000, beta=0.5000
INFO:root:train epoch: 0, Train loss: 2.1825, lr: 0.00010
INFO:root:epoch:0
INFO:root:before_valid:  epoch(batch)0:  CPUメモリ使用量: 80.20%, 全メモリ: 15.82 GB, 使用中メモリ: 12.68 GB, 空きメモリ: 3.14 GB
INFO:root:before_valid:  epoch(batch)0:  GPUメモリ使用量: 19.07 MB / 確保済み: 62.00 MB
INFO:root:Batch:0
INFO:root:test:  epoch(batch)0:  CPUメモリ使用量: 80.10%, 全メモリ: 15.82 GB, 使用中メモリ: 12.67 GB, 空きメモリ: 3.14 GB
INFO:root:test:  epoch(batch)0:  GPUメモリ使用量: 19.32 MB / 確保済み: 62.00 MB
INFO:root:Batch:100
INFO:root:test:  epoch(batch)100:  CPUメモリ使用量: 80.40%, 全メモリ: 15.82 GB, 使用中メモリ: 12.72 GB, 空きメモリ: 3.10 GB
INFO:root:test:  epoch(batch)100:  GPUメモリ使用量: 19.76 MB / 確保済み: 62.00 MB
INFO:root:Batch:200
INFO:root:test:  epoch(batch)200:  CPUメモリ使用量: 74.60%, 全メモリ: 15.82 GB, 使用中メモリ: 11.80 GB, 空きメモリ: 4.02 GB
INFO:root:test:  epoch(batch)200:  GPUメモリ使用量: 19.76 MB / 確保済み: 62.00 MB
INFO:root:Batch:300
INFO:root:test:  epoch(batch)300:  CPUメモリ使用量: 75.00%, 全メモリ: 15.82 GB, 使用中メモリ: 11.87 GB, 空きメモリ: 3.95 GB
INFO:root:test:  epoch(batch)300:  GPUメモリ使用量: 19.76 MB / 確保済み: 62.00 MB
INFO:root:Valid loss: 1.9510, Valid Accuracy: 0.3557
INFO:root:Validation loss improved to 1.9510.
INFO:root:after_valid:  epoch(batch)0:  CPUメモリ使用量: 75.00%, 全メモリ: 15.82 GB, 使用中メモリ: 11.86 GB, 空きメモリ: 3.96 GB
INFO:root:after_valid:  epoch(batch)0:  GPUメモリ使用量: 19.07 MB / 確保済み: 62.00 MB
INFO:root:Block 0: alpha=0.5105, beta=0.4869
INFO:root:Block 1: alpha=0.4924, beta=0.4895
INFO:root:Block 2: alpha=0.4946, beta=0.5099
INFO:root:Block 3: alpha=0.4961, beta=0.5086
INFO:root:train epoch: 1, Train loss: 1.8305, lr: 0.00010
INFO:root:Block 0: alpha=0.5319, beta=0.4862
INFO:root:Block 1: alpha=0.4897, beta=0.4868
INFO:root:Block 2: alpha=0.4900, beta=0.5090
INFO:root:Block 3: alpha=0.4912, beta=0.4970
INFO:root:train epoch: 2, Train loss: 1.6420, lr: 0.00010
INFO:root:Block 0: alpha=0.5387, beta=0.4835
INFO:root:Block 1: alpha=0.4873, beta=0.4890
INFO:root:Block 2: alpha=0.4898, beta=0.5107
INFO:root:Block 3: alpha=0.4902, beta=0.4946
INFO:root:train epoch: 3, Train loss: 1.5253, lr: 0.00010
INFO:root:Block 0: alpha=0.5434, beta=0.4832
INFO:root:Block 1: alpha=0.4864, beta=0.4892
INFO:root:Block 2: alpha=0.4887, beta=0.5164
INFO:root:Block 3: alpha=0.4904, beta=0.4976
INFO:root:train epoch: 4, Train loss: 1.4365, lr: 0.00010
INFO:root:Block 0: alpha=0.5451, beta=0.4835
INFO:root:Block 1: alpha=0.4858, beta=0.4887
INFO:root:Block 2: alpha=0.4857, beta=0.5247
INFO:root:Block 3: alpha=0.4918, beta=0.4985
INFO:root:train epoch: 5, Train loss: 1.3623, lr: 0.00010
INFO:root:epoch:5
INFO:root:before_valid:  epoch(batch)5:  CPUメモリ使用量: 73.90%, 全メモリ: 15.82 GB, 使用中メモリ: 11.69 GB, 空きメモリ: 4.13 GB
INFO:root:before_valid:  epoch(batch)5:  GPUメモリ使用量: 19.07 MB / 確保済み: 62.00 MB
INFO:root:Batch:0
INFO:root:test:  epoch(batch)0:  CPUメモリ使用量: 73.80%, 全メモリ: 15.82 GB, 使用中メモリ: 11.68 GB, 空きメモリ: 4.14 GB
INFO:root:test:  epoch(batch)0:  GPUメモリ使用量: 19.32 MB / 確保済み: 62.00 MB
INFO:root:Batch:100
INFO:root:test:  epoch(batch)100:  CPUメモリ使用量: 74.00%, 全メモリ: 15.82 GB, 使用中メモリ: 11.71 GB, 空きメモリ: 4.10 GB
INFO:root:test:  epoch(batch)100:  GPUメモリ使用量: 19.76 MB / 確保済み: 62.00 MB
INFO:root:Batch:200
INFO:root:test:  epoch(batch)200:  CPUメモリ使用量: 74.90%, 全メモリ: 15.82 GB, 使用中メモリ: 11.85 GB, 空きメモリ: 3.97 GB
INFO:root:test:  epoch(batch)200:  GPUメモリ使用量: 19.76 MB / 確保済み: 62.00 MB
INFO:root:Batch:300
INFO:root:test:  epoch(batch)300:  CPUメモリ使用量: 75.30%, 全メモリ: 15.82 GB, 使用中メモリ: 11.90 GB, 空きメモリ: 3.91 GB
INFO:root:test:  epoch(batch)300:  GPUメモリ使用量: 19.76 MB / 確保済み: 62.00 MB
INFO:root:Valid loss: 1.3207, Valid Accuracy: 0.5469
INFO:root:Validation loss improved to 1.3207.
INFO:root:after_valid:  epoch(batch)5:  CPUメモリ使用量: 75.40%, 全メモリ: 15.82 GB, 使用中メモリ: 11.93 GB, 空きメモリ: 3.89 GB
INFO:root:after_valid:  epoch(batch)5:  GPUメモリ使用量: 19.07 MB / 確保済み: 62.00 MB
INFO:root:Block 0: alpha=0.5451, beta=0.4836
INFO:root:Block 1: alpha=0.4841, beta=0.4883
INFO:root:Block 2: alpha=0.4820, beta=0.5317
INFO:root:Block 3: alpha=0.4937, beta=0.4969
INFO:root:train epoch: 6, Train loss: 1.2987, lr: 0.00010
INFO:root:Block 0: alpha=0.5443, beta=0.4835
INFO:root:Block 1: alpha=0.4817, beta=0.4878
INFO:root:Block 2: alpha=0.4781, beta=0.5369
INFO:root:Block 3: alpha=0.4979, beta=0.4963
INFO:root:train epoch: 7, Train loss: 1.2295, lr: 0.00010
INFO:root:Block 0: alpha=0.5430, beta=0.4836
INFO:root:Block 1: alpha=0.4801, beta=0.4883
INFO:root:Block 2: alpha=0.4755, beta=0.5414
INFO:root:Block 3: alpha=0.5017, beta=0.4939
INFO:root:train epoch: 8, Train loss: 1.1675, lr: 0.00010
INFO:root:Block 0: alpha=0.5418, beta=0.4834
INFO:root:Block 1: alpha=0.4796, beta=0.4895
INFO:root:Block 2: alpha=0.4749, beta=0.5435
INFO:root:Block 3: alpha=0.5068, beta=0.4920
INFO:root:train epoch: 9, Train loss: 1.1029, lr: 0.00010
INFO:root:Block 0: alpha=0.5404, beta=0.4841
INFO:root:Block 1: alpha=0.4794, beta=0.4900
INFO:root:Block 2: alpha=0.4746, beta=0.5445
INFO:root:Block 3: alpha=0.5103, beta=0.4906
INFO:root:train epoch: 10, Train loss: 1.0387, lr: 0.00010
INFO:root:epoch:10
INFO:root:before_valid:  epoch(batch)10:  CPUメモリ使用量: 64.00%, 全メモリ: 15.82 GB, 使用中メモリ: 10.12 GB, 空きメモリ: 5.70 GB
INFO:root:before_valid:  epoch(batch)10:  GPUメモリ使用量: 19.07 MB / 確保済み: 60.00 MB
INFO:root:Batch:0
INFO:root:test:  epoch(batch)0:  CPUメモリ使用量: 63.90%, 全メモリ: 15.82 GB, 使用中メモリ: 10.11 GB, 空きメモリ: 5.71 GB
INFO:root:test:  epoch(batch)0:  GPUメモリ使用量: 19.32 MB / 確保済み: 60.00 MB
INFO:root:Batch:100
INFO:root:test:  epoch(batch)100:  CPUメモリ使用量: 63.90%, 全メモリ: 15.82 GB, 使用中メモリ: 10.11 GB, 空きメモリ: 5.70 GB
INFO:root:test:  epoch(batch)100:  GPUメモリ使用量: 19.76 MB / 確保済み: 60.00 MB
INFO:root:Batch:200
INFO:root:test:  epoch(batch)200:  CPUメモリ使用量: 64.00%, 全メモリ: 15.82 GB, 使用中メモリ: 10.12 GB, 空きメモリ: 5.70 GB
INFO:root:test:  epoch(batch)200:  GPUメモリ使用量: 19.76 MB / 確保済み: 60.00 MB
INFO:root:Batch:300
INFO:root:test:  epoch(batch)300:  CPUメモリ使用量: 63.90%, 全メモリ: 15.82 GB, 使用中メモリ: 10.11 GB, 空きメモリ: 5.70 GB
INFO:root:test:  epoch(batch)300:  GPUメモリ使用量: 19.76 MB / 確保済み: 60.00 MB
INFO:root:Valid loss: 1.0211, Valid Accuracy: 0.6500
INFO:root:Validation loss improved to 1.0211.
INFO:root:after_valid:  epoch(batch)10:  CPUメモリ使用量: 64.00%, 全メモリ: 15.82 GB, 使用中メモリ: 10.12 GB, 空きメモリ: 5.69 GB
INFO:root:after_valid:  epoch(batch)10:  GPUメモリ使用量: 19.07 MB / 確保済み: 60.00 MB
INFO:root:Block 0: alpha=0.5393, beta=0.4851
INFO:root:Block 1: alpha=0.4796, beta=0.4910
INFO:root:Block 2: alpha=0.4745, beta=0.5451
INFO:root:Block 3: alpha=0.5124, beta=0.4899
INFO:root:train epoch: 11, Train loss: 0.9813, lr: 0.00010
INFO:root:Block 0: alpha=0.5376, beta=0.4859
INFO:root:Block 1: alpha=0.4801, beta=0.4924
INFO:root:Block 2: alpha=0.4747, beta=0.5449
INFO:root:Block 3: alpha=0.5149, beta=0.4887
INFO:root:train epoch: 12, Train loss: 0.9274, lr: 0.00010
INFO:root:Block 0: alpha=0.5372, beta=0.4863
INFO:root:Block 1: alpha=0.4797, beta=0.4937
INFO:root:Block 2: alpha=0.4746, beta=0.5449
INFO:root:Block 3: alpha=0.5150, beta=0.4884
INFO:root:train epoch: 13, Train loss: 0.8740, lr: 0.00010
INFO:root:Block 0: alpha=0.5356, beta=0.4871
INFO:root:Block 1: alpha=0.4798, beta=0.4953
INFO:root:Block 2: alpha=0.4749, beta=0.5451
INFO:root:Block 3: alpha=0.5169, beta=0.4890
INFO:root:train epoch: 14, Train loss: 0.8252, lr: 0.00010
INFO:root:Block 0: alpha=0.5346, beta=0.4878
INFO:root:Block 1: alpha=0.4790, beta=0.4963
INFO:root:Block 2: alpha=0.4748, beta=0.5455
INFO:root:Block 3: alpha=0.5176, beta=0.4911
INFO:root:train epoch: 15, Train loss: 0.7826, lr: 0.00010
INFO:root:epoch:15
INFO:root:before_valid:  epoch(batch)15:  CPUメモリ使用量: 65.20%, 全メモリ: 15.82 GB, 使用中メモリ: 10.31 GB, 空きメモリ: 5.51 GB
INFO:root:before_valid:  epoch(batch)15:  GPUメモリ使用量: 19.07 MB / 確保済み: 60.00 MB
INFO:root:Batch:0
INFO:root:test:  epoch(batch)0:  CPUメモリ使用量: 65.20%, 全メモリ: 15.82 GB, 使用中メモリ: 10.31 GB, 空きメモリ: 5.51 GB
INFO:root:test:  epoch(batch)0:  GPUメモリ使用量: 19.32 MB / 確保済み: 60.00 MB
INFO:root:Batch:100
INFO:root:test:  epoch(batch)100:  CPUメモリ使用量: 65.20%, 全メモリ: 15.82 GB, 使用中メモリ: 10.31 GB, 空きメモリ: 5.51 GB
INFO:root:test:  epoch(batch)100:  GPUメモリ使用量: 19.76 MB / 確保済み: 60.00 MB
INFO:root:Batch:200
INFO:root:test:  epoch(batch)200:  CPUメモリ使用量: 65.40%, 全メモリ: 15.82 GB, 使用中メモリ: 10.34 GB, 空きメモリ: 5.48 GB
INFO:root:test:  epoch(batch)200:  GPUメモリ使用量: 19.76 MB / 確保済み: 60.00 MB
INFO:root:Batch:300
INFO:root:test:  epoch(batch)300:  CPUメモリ使用量: 65.40%, 全メモリ: 15.82 GB, 使用中メモリ: 10.34 GB, 空きメモリ: 5.48 GB
INFO:root:test:  epoch(batch)300:  GPUメモリ使用量: 19.76 MB / 確保済み: 60.00 MB
INFO:root:Valid loss: 0.7977, Valid Accuracy: 0.7293
INFO:root:Validation loss improved to 0.7977.
INFO:root:after_valid:  epoch(batch)15:  CPUメモリ使用量: 65.20%, 全メモリ: 15.82 GB, 使用中メモリ: 10.32 GB, 空きメモリ: 5.50 GB
INFO:root:after_valid:  epoch(batch)15:  GPUメモリ使用量: 19.07 MB / 確保済み: 60.00 MB
INFO:root:Block 0: alpha=0.5339, beta=0.4885
INFO:root:Block 1: alpha=0.4791, beta=0.4973
INFO:root:Block 2: alpha=0.4749, beta=0.5459
INFO:root:Block 3: alpha=0.5188, beta=0.4928
INFO:root:train epoch: 16, Train loss: 0.7352, lr: 0.00010
INFO:root:Block 0: alpha=0.5332, beta=0.4890
INFO:root:Block 1: alpha=0.4789, beta=0.4981
INFO:root:Block 2: alpha=0.4752, beta=0.5466
INFO:root:Block 3: alpha=0.5200, beta=0.4942
INFO:root:train epoch: 17, Train loss: 0.6983, lr: 0.00010
INFO:root:Block 0: alpha=0.5330, beta=0.4899
INFO:root:Block 1: alpha=0.4784, beta=0.4977
INFO:root:Block 2: alpha=0.4751, beta=0.5473
INFO:root:Block 3: alpha=0.5198, beta=0.4959
INFO:root:train epoch: 18, Train loss: 0.6570, lr: 0.00010
INFO:root:Block 0: alpha=0.5319, beta=0.4907
INFO:root:Block 1: alpha=0.4780, beta=0.4979
INFO:root:Block 2: alpha=0.4755, beta=0.5478
INFO:root:Block 3: alpha=0.5199, beta=0.4969
INFO:root:train epoch: 19, Train loss: 0.6184, lr: 0.00010
INFO:root:Block 0: alpha=0.5318, beta=0.4914
INFO:root:Block 1: alpha=0.4774, beta=0.4983
INFO:root:Block 2: alpha=0.4763, beta=0.5474
INFO:root:Block 3: alpha=0.5211, beta=0.4979
INFO:root:train epoch: 20, Train loss: 0.5800, lr: 0.00010
INFO:root:epoch:20
INFO:root:before_valid:  epoch(batch)20:  CPUメモリ使用量: 65.40%, 全メモリ: 15.82 GB, 使用中メモリ: 10.34 GB, 空きメモリ: 5.47 GB
INFO:root:before_valid:  epoch(batch)20:  GPUメモリ使用量: 19.07 MB / 確保済み: 64.00 MB
INFO:root:Batch:0
INFO:root:test:  epoch(batch)0:  CPUメモリ使用量: 65.40%, 全メモリ: 15.82 GB, 使用中メモリ: 10.34 GB, 空きメモリ: 5.48 GB
INFO:root:test:  epoch(batch)0:  GPUメモリ使用量: 19.32 MB / 確保済み: 64.00 MB
INFO:root:Batch:100
INFO:root:test:  epoch(batch)100:  CPUメモリ使用量: 65.30%, 全メモリ: 15.82 GB, 使用中メモリ: 10.33 GB, 空きメモリ: 5.49 GB
INFO:root:test:  epoch(batch)100:  GPUメモリ使用量: 19.76 MB / 確保済み: 64.00 MB
INFO:root:Batch:200
INFO:root:test:  epoch(batch)200:  CPUメモリ使用量: 65.40%, 全メモリ: 15.82 GB, 使用中メモリ: 10.35 GB, 空きメモリ: 5.47 GB
INFO:root:test:  epoch(batch)200:  GPUメモリ使用量: 19.76 MB / 確保済み: 64.00 MB
INFO:root:Batch:300
INFO:root:test:  epoch(batch)300:  CPUメモリ使用量: 65.40%, 全メモリ: 15.82 GB, 使用中メモリ: 10.34 GB, 空きメモリ: 5.48 GB
INFO:root:test:  epoch(batch)300:  GPUメモリ使用量: 19.76 MB / 確保済み: 64.00 MB
INFO:root:Valid loss: 0.6030, Valid Accuracy: 0.7968
INFO:root:Validation loss improved to 0.6030.
INFO:root:after_valid:  epoch(batch)20:  CPUメモリ使用量: 65.30%, 全メモリ: 15.82 GB, 使用中メモリ: 10.33 GB, 空きメモリ: 5.48 GB
INFO:root:after_valid:  epoch(batch)20:  GPUメモリ使用量: 19.07 MB / 確保済み: 64.00 MB
INFO:root:Block 0: alpha=0.5308, beta=0.4920
INFO:root:Block 1: alpha=0.4767, beta=0.4987
INFO:root:Block 2: alpha=0.4765, beta=0.5481
INFO:root:Block 3: alpha=0.5215, beta=0.4982
INFO:root:train epoch: 21, Train loss: 0.5485, lr: 0.00010
INFO:root:Block 0: alpha=0.5305, beta=0.4929
INFO:root:Block 1: alpha=0.4762, beta=0.4993
INFO:root:Block 2: alpha=0.4767, beta=0.5483
INFO:root:Block 3: alpha=0.5218, beta=0.4982
INFO:root:train epoch: 22, Train loss: 0.5163, lr: 0.00010
INFO:root:Block 0: alpha=0.5305, beta=0.4937
INFO:root:Block 1: alpha=0.4747, beta=0.4993
INFO:root:Block 2: alpha=0.4769, beta=0.5488
INFO:root:Block 3: alpha=0.5226, beta=0.4986
INFO:root:train epoch: 23, Train loss: 0.4828, lr: 0.00010
INFO:root:Block 0: alpha=0.5297, beta=0.4941
INFO:root:Block 1: alpha=0.4748, beta=0.4991
INFO:root:Block 2: alpha=0.4773, beta=0.5492
INFO:root:Block 3: alpha=0.5235, beta=0.4987
INFO:root:train epoch: 24, Train loss: 0.4521, lr: 0.00010
INFO:root:Block 0: alpha=0.5304, beta=0.4950
INFO:root:Block 1: alpha=0.4741, beta=0.4998
INFO:root:Block 2: alpha=0.4769, beta=0.5503
INFO:root:Block 3: alpha=0.5234, beta=0.4991
INFO:root:train epoch: 25, Train loss: 0.4200, lr: 0.00010
INFO:root:epoch:25
INFO:root:before_valid:  epoch(batch)25:  CPUメモリ使用量: 65.40%, 全メモリ: 15.82 GB, 使用中メモリ: 10.34 GB, 空きメモリ: 5.48 GB
INFO:root:before_valid:  epoch(batch)25:  GPUメモリ使用量: 19.07 MB / 確保済み: 64.00 MB
INFO:root:Batch:0
INFO:root:test:  epoch(batch)0:  CPUメモリ使用量: 65.40%, 全メモリ: 15.82 GB, 使用中メモリ: 10.34 GB, 空きメモリ: 5.48 GB
INFO:root:test:  epoch(batch)0:  GPUメモリ使用量: 19.32 MB / 確保済み: 64.00 MB
INFO:root:Batch:100
INFO:root:test:  epoch(batch)100:  CPUメモリ使用量: 65.40%, 全メモリ: 15.82 GB, 使用中メモリ: 10.35 GB, 空きメモリ: 5.47 GB
INFO:root:test:  epoch(batch)100:  GPUメモリ使用量: 19.76 MB / 確保済み: 64.00 MB
INFO:root:Batch:200
INFO:root:test:  epoch(batch)200:  CPUメモリ使用量: 65.50%, 全メモリ: 15.82 GB, 使用中メモリ: 10.36 GB, 空きメモリ: 5.46 GB
INFO:root:test:  epoch(batch)200:  GPUメモリ使用量: 19.76 MB / 確保済み: 64.00 MB
INFO:root:Batch:300
INFO:root:test:  epoch(batch)300:  CPUメモリ使用量: 65.40%, 全メモリ: 15.82 GB, 使用中メモリ: 10.35 GB, 空きメモリ: 5.47 GB
INFO:root:test:  epoch(batch)300:  GPUメモリ使用量: 19.76 MB / 確保済み: 64.00 MB
INFO:root:Valid loss: 0.4455, Valid Accuracy: 0.8534
INFO:root:Validation loss improved to 0.4455.
INFO:root:after_valid:  epoch(batch)25:  CPUメモリ使用量: 65.40%, 全メモリ: 15.82 GB, 使用中メモリ: 10.35 GB, 空きメモリ: 5.47 GB
INFO:root:after_valid:  epoch(batch)25:  GPUメモリ使用量: 19.07 MB / 確保済み: 64.00 MB
INFO:root:Block 0: alpha=0.5307, beta=0.4955
INFO:root:Block 1: alpha=0.4731, beta=0.4997
INFO:root:Block 2: alpha=0.4771, beta=0.5502
INFO:root:Block 3: alpha=0.5251, beta=0.4995
INFO:root:train epoch: 26, Train loss: 0.3954, lr: 0.00010
INFO:root:Block 0: alpha=0.5300, beta=0.4952
INFO:root:Block 1: alpha=0.4716, beta=0.4988
INFO:root:Block 2: alpha=0.4768, beta=0.5506
INFO:root:Block 3: alpha=0.5258, beta=0.5000
INFO:root:train epoch: 27, Train loss: 0.3657, lr: 0.00010
INFO:root:Block 0: alpha=0.5300, beta=0.4953
INFO:root:Block 1: alpha=0.4712, beta=0.4998
INFO:root:Block 2: alpha=0.4768, beta=0.5502
INFO:root:Block 3: alpha=0.5260, beta=0.4998
INFO:root:train epoch: 28, Train loss: 0.3425, lr: 0.00010
INFO:root:Block 0: alpha=0.5295, beta=0.4958
INFO:root:Block 1: alpha=0.4703, beta=0.5000
INFO:root:Block 2: alpha=0.4766, beta=0.5513
INFO:root:Block 3: alpha=0.5267, beta=0.4996
INFO:root:train epoch: 29, Train loss: 0.3169, lr: 0.00010
INFO:root:Batch:0
INFO:root:test:  epoch(batch)0:  CPUメモリ使用量: 65.10%, 全メモリ: 15.82 GB, 使用中メモリ: 10.30 GB, 空きメモリ: 5.52 GB
INFO:root:test:  epoch(batch)0:  GPUメモリ使用量: 19.32 MB / 確保済み: 60.00 MB
INFO:root:Batch:100
INFO:root:test:  epoch(batch)100:  CPUメモリ使用量: 66.80%, 全メモリ: 15.82 GB, 使用中メモリ: 10.56 GB, 空きメモリ: 5.26 GB
INFO:root:test:  epoch(batch)100:  GPUメモリ使用量: 19.76 MB / 確保済み: 60.00 MB
INFO:root:Batch:200
INFO:root:test:  epoch(batch)200:  CPUメモリ使用量: 67.80%, 全メモリ: 15.82 GB, 使用中メモリ: 10.73 GB, 空きメモリ: 5.09 GB
INFO:root:test:  epoch(batch)200:  GPUメモリ使用量: 19.76 MB / 確保済み: 60.00 MB
INFO:root:Batch:300
INFO:root:test:  epoch(batch)300:  CPUメモリ使用量: 69.70%, 全メモリ: 15.82 GB, 使用中メモリ: 11.02 GB, 空きメモリ: 4.80 GB
INFO:root:test:  epoch(batch)300:  GPUメモリ使用量: 19.76 MB / 確保済み: 60.00 MB
INFO:root:Test loss: 0.3323, Accuracy: 0.8976, Spearman score: 0.9981, Precision top Attn80% score: 0.9681
INFO:root:amount of pair:324416
INFO:root:Time: 16970.8310 seconds
