INFO:root:train epoch: 0, Train loss: 2.6577, lr: 0.00100
INFO:root:epoch:0
INFO:root:before_valid:  epoch(batch)0:  CPU긽긾깏럊뾭쀊: 75.70%, 멣긽긾깏: 15.82 GB, 럊뾭뭷긽긾깏: 11.98 GB, 뗴궖긽긾깏: 3.84 GB
INFO:root:before_valid:  epoch(batch)0:  GPU긽긾깏럊뾭쀊: 19.18 MB / 둴뺎띙귒: 64.00 MB
INFO:root:Batch:0
INFO:root:test:  epoch(batch)0:  CPU긽긾깏럊뾭쀊: 75.70%, 멣긽긾깏: 15.82 GB, 럊뾭뭷긽긾깏: 11.98 GB, 뗴궖긽긾깏: 3.84 GB
INFO:root:test:  epoch(batch)0:  GPU긽긾깏럊뾭쀊: 20.18 MB / 둴뺎띙귒: 64.00 MB
INFO:root:Valid loss: 2.5719, Valid Accuracy: 0.2084
INFO:root:Validation loss improved to 2.5719.
INFO:root:after_valid:  epoch(batch)0:  CPU긽긾깏럊뾭쀊: 75.90%, 멣긽긾깏: 15.82 GB, 럊뾭뭷긽긾깏: 12.01 GB, 뗴궖긽긾깏: 3.81 GB
INFO:root:after_valid:  epoch(batch)0:  GPU긽긾깏럊뾭쀊: 19.18 MB / 둴뺎띙귒: 64.00 MB
INFO:root:train epoch: 1, Train loss: 2.5059, lr: 0.00100
INFO:root:train epoch: 2, Train loss: 2.4403, lr: 0.00100
INFO:root:train epoch: 3, Train loss: 2.3835, lr: 0.00100
INFO:root:train epoch: 4, Train loss: 2.3454, lr: 0.00100
INFO:root:train epoch: 5, Train loss: 2.2946, lr: 0.00100
INFO:root:epoch:5
INFO:root:before_valid:  epoch(batch)5:  CPU긽긾깏럊뾭쀊: 76.20%, 멣긽긾깏: 15.82 GB, 럊뾭뭷긽긾깏: 12.06 GB, 뗴궖긽긾깏: 3.76 GB
INFO:root:before_valid:  epoch(batch)5:  GPU긽긾깏럊뾭쀊: 19.18 MB / 둴뺎띙귒: 64.00 MB
INFO:root:Batch:0
INFO:root:test:  epoch(batch)0:  CPU긽긾깏럊뾭쀊: 76.30%, 멣긽긾깏: 15.82 GB, 럊뾭뭷긽긾깏: 12.06 GB, 뗴궖긽긾깏: 3.76 GB
INFO:root:test:  epoch(batch)0:  GPU긽긾깏럊뾭쀊: 20.18 MB / 둴뺎띙귒: 64.00 MB
INFO:root:Valid loss: 2.2881, Valid Accuracy: 0.2863
INFO:root:Validation loss improved to 2.2881.
INFO:root:after_valid:  epoch(batch)5:  CPU긽긾깏럊뾭쀊: 76.00%, 멣긽긾깏: 15.82 GB, 럊뾭뭷긽긾깏: 12.03 GB, 뗴궖긽긾깏: 3.79 GB
INFO:root:after_valid:  epoch(batch)5:  GPU긽긾깏럊뾭쀊: 19.18 MB / 둴뺎띙귒: 64.00 MB
INFO:root:train epoch: 6, Train loss: 2.2385, lr: 0.00100
INFO:root:train epoch: 7, Train loss: 2.1683, lr: 0.00100
INFO:root:train epoch: 8, Train loss: 2.1289, lr: 0.00100
INFO:root:train epoch: 9, Train loss: 2.0840, lr: 0.00100
INFO:root:train epoch: 10, Train loss: 2.0509, lr: 0.00100
INFO:root:epoch:10
INFO:root:before_valid:  epoch(batch)10:  CPU긽긾깏럊뾭쀊: 76.20%, 멣긽긾깏: 15.82 GB, 럊뾭뭷긽긾깏: 12.06 GB, 뗴궖긽긾깏: 3.76 GB
INFO:root:before_valid:  epoch(batch)10:  GPU긽긾깏럊뾭쀊: 19.18 MB / 둴뺎띙귒: 64.00 MB
INFO:root:Batch:0
INFO:root:test:  epoch(batch)0:  CPU긽긾깏럊뾭쀊: 76.20%, 멣긽긾깏: 15.82 GB, 럊뾭뭷긽긾깏: 12.06 GB, 뗴궖긽긾깏: 3.76 GB
INFO:root:test:  epoch(batch)0:  GPU긽긾깏럊뾭쀊: 20.18 MB / 둴뺎띙귒: 64.00 MB
INFO:root:Valid loss: 2.1210, Valid Accuracy: 0.3263
INFO:root:Validation loss improved to 2.1210.
INFO:root:after_valid:  epoch(batch)10:  CPU긽긾깏럊뾭쀊: 76.30%, 멣긽긾깏: 15.82 GB, 럊뾭뭷긽긾깏: 12.07 GB, 뗴궖긽긾깏: 3.75 GB
INFO:root:after_valid:  epoch(batch)10:  GPU긽긾깏럊뾭쀊: 19.18 MB / 둴뺎띙귒: 64.00 MB
INFO:root:train epoch: 11, Train loss: 2.0126, lr: 0.00100
INFO:root:train epoch: 12, Train loss: 1.9763, lr: 0.00100
INFO:root:train epoch: 13, Train loss: 1.9591, lr: 0.00100
INFO:root:train epoch: 14, Train loss: 1.9243, lr: 0.00100
INFO:root:train epoch: 15, Train loss: 1.9039, lr: 0.00100
INFO:root:epoch:15
INFO:root:before_valid:  epoch(batch)15:  CPU긽긾깏럊뾭쀊: 78.20%, 멣긽긾깏: 15.82 GB, 럊뾭뭷긽긾깏: 12.36 GB, 뗴궖긽긾깏: 3.46 GB
INFO:root:before_valid:  epoch(batch)15:  GPU긽긾깏럊뾭쀊: 19.18 MB / 둴뺎띙귒: 64.00 MB
INFO:root:Batch:0
INFO:root:test:  epoch(batch)0:  CPU긽긾깏럊뾭쀊: 78.20%, 멣긽긾깏: 15.82 GB, 럊뾭뭷긽긾깏: 12.36 GB, 뗴궖긽긾깏: 3.45 GB
INFO:root:test:  epoch(batch)0:  GPU긽긾깏럊뾭쀊: 20.18 MB / 둴뺎띙귒: 64.00 MB
INFO:root:Valid loss: 2.0480, Valid Accuracy: 0.3663
INFO:root:Validation loss improved to 2.0480.
INFO:root:after_valid:  epoch(batch)15:  CPU긽긾깏럊뾭쀊: 78.10%, 멣긽긾깏: 15.82 GB, 럊뾭뭷긽긾깏: 12.36 GB, 뗴궖긽긾깏: 3.46 GB
INFO:root:after_valid:  epoch(batch)15:  GPU긽긾깏럊뾭쀊: 19.18 MB / 둴뺎띙귒: 64.00 MB
INFO:root:train epoch: 16, Train loss: 1.8660, lr: 0.00100
INFO:root:train epoch: 17, Train loss: 1.8407, lr: 0.00100
INFO:root:train epoch: 18, Train loss: 1.8167, lr: 0.00100
INFO:root:train epoch: 19, Train loss: 1.8010, lr: 0.00100
INFO:root:train epoch: 20, Train loss: 1.7728, lr: 0.00100
INFO:root:epoch:20
INFO:root:before_valid:  epoch(batch)20:  CPU긽긾깏럊뾭쀊: 77.40%, 멣긽긾깏: 15.82 GB, 럊뾭뭷긽긾깏: 12.24 GB, 뗴궖긽긾깏: 3.58 GB
INFO:root:before_valid:  epoch(batch)20:  GPU긽긾깏럊뾭쀊: 19.18 MB / 둴뺎띙귒: 64.00 MB
INFO:root:Batch:0
INFO:root:test:  epoch(batch)0:  CPU긽긾깏럊뾭쀊: 77.40%, 멣긽긾깏: 15.82 GB, 럊뾭뭷긽긾깏: 12.24 GB, 뗴궖긽긾깏: 3.57 GB
INFO:root:test:  epoch(batch)0:  GPU긽긾깏럊뾭쀊: 20.18 MB / 둴뺎띙귒: 64.00 MB
INFO:root:Valid loss: 1.9595, Valid Accuracy: 0.4105
INFO:root:Validation loss improved to 1.9595.
INFO:root:after_valid:  epoch(batch)20:  CPU긽긾깏럊뾭쀊: 77.40%, 멣긽긾깏: 15.82 GB, 럊뾭뭷긽긾깏: 12.24 GB, 뗴궖긽긾깏: 3.57 GB
INFO:root:after_valid:  epoch(batch)20:  GPU긽긾깏럊뾭쀊: 19.18 MB / 둴뺎띙귒: 64.00 MB
INFO:root:train epoch: 21, Train loss: 1.7276, lr: 0.00100
INFO:root:train epoch: 22, Train loss: 1.7097, lr: 0.00100
INFO:root:train epoch: 23, Train loss: 1.6857, lr: 0.00100
INFO:root:train epoch: 24, Train loss: 1.6688, lr: 0.00100
INFO:root:train epoch: 25, Train loss: 1.6454, lr: 0.00100
INFO:root:epoch:25
INFO:root:before_valid:  epoch(batch)25:  CPU긽긾깏럊뾭쀊: 76.30%, 멣긽긾깏: 15.82 GB, 럊뾭뭷긽긾깏: 12.07 GB, 뗴궖긽긾깏: 3.75 GB
INFO:root:before_valid:  epoch(batch)25:  GPU긽긾깏럊뾭쀊: 19.18 MB / 둴뺎띙귒: 64.00 MB
INFO:root:Batch:0
INFO:root:test:  epoch(batch)0:  CPU긽긾깏럊뾭쀊: 76.30%, 멣긽긾깏: 15.82 GB, 럊뾭뭷긽긾깏: 12.06 GB, 뗴궖긽긾깏: 3.76 GB
INFO:root:test:  epoch(batch)0:  GPU긽긾깏럊뾭쀊: 20.18 MB / 둴뺎띙귒: 64.00 MB
INFO:root:Valid loss: 1.8643, Valid Accuracy: 0.4358
INFO:root:Validation loss improved to 1.8643.
INFO:root:after_valid:  epoch(batch)25:  CPU긽긾깏럊뾭쀊: 76.20%, 멣긽긾깏: 15.82 GB, 럊뾭뭷긽긾깏: 12.05 GB, 뗴궖긽긾깏: 3.77 GB
INFO:root:after_valid:  epoch(batch)25:  GPU긽긾깏럊뾭쀊: 19.18 MB / 둴뺎띙귒: 64.00 MB
INFO:root:train epoch: 26, Train loss: 1.6088, lr: 0.00100
INFO:root:train epoch: 27, Train loss: 1.5997, lr: 0.00100
INFO:root:train epoch: 28, Train loss: 1.5750, lr: 0.00100
INFO:root:train epoch: 29, Train loss: 1.5359, lr: 0.00100
INFO:root:train epoch: 30, Train loss: 1.5335, lr: 0.00100
INFO:root:epoch:30
INFO:root:before_valid:  epoch(batch)30:  CPU긽긾깏럊뾭쀊: 76.50%, 멣긽긾깏: 15.82 GB, 럊뾭뭷긽긾깏: 12.09 GB, 뗴궖긽긾깏: 3.72 GB
INFO:root:before_valid:  epoch(batch)30:  GPU긽긾깏럊뾭쀊: 19.18 MB / 둴뺎띙귒: 64.00 MB
INFO:root:Batch:0
INFO:root:test:  epoch(batch)0:  CPU긽긾깏럊뾭쀊: 76.40%, 멣긽긾깏: 15.82 GB, 럊뾭뭷긽긾깏: 12.09 GB, 뗴궖긽긾깏: 3.73 GB
INFO:root:test:  epoch(batch)0:  GPU긽긾깏럊뾭쀊: 20.18 MB / 둴뺎띙귒: 64.00 MB
INFO:root:Valid loss: 1.8945, Valid Accuracy: 0.4232
INFO:root:No improvement in validation loss for 1 epochs.
INFO:root:after_valid:  epoch(batch)30:  CPU긽긾깏럊뾭쀊: 76.40%, 멣긽긾깏: 15.82 GB, 럊뾭뭷긽긾깏: 12.09 GB, 뗴궖긽긾깏: 3.73 GB
INFO:root:after_valid:  epoch(batch)30:  GPU긽긾깏럊뾭쀊: 19.18 MB / 둴뺎띙귒: 64.00 MB
INFO:root:train epoch: 31, Train loss: 1.5248, lr: 0.00100
INFO:root:train epoch: 32, Train loss: 1.5005, lr: 0.00100
INFO:root:train epoch: 33, Train loss: 1.4780, lr: 0.00100
INFO:root:train epoch: 34, Train loss: 1.4599, lr: 0.00100
INFO:root:train epoch: 35, Train loss: 1.4497, lr: 0.00100
INFO:root:epoch:35
INFO:root:before_valid:  epoch(batch)35:  CPU긽긾깏럊뾭쀊: 77.70%, 멣긽긾깏: 15.82 GB, 럊뾭뭷긽긾깏: 12.30 GB, 뗴궖긽긾깏: 3.52 GB
INFO:root:before_valid:  epoch(batch)35:  GPU긽긾깏럊뾭쀊: 19.18 MB / 둴뺎띙귒: 64.00 MB
INFO:root:Batch:0
INFO:root:test:  epoch(batch)0:  CPU긽긾깏럊뾭쀊: 77.80%, 멣긽긾깏: 15.82 GB, 럊뾭뭷긽긾깏: 12.30 GB, 뗴궖긽긾깏: 3.52 GB
INFO:root:test:  epoch(batch)0:  GPU긽긾깏럊뾭쀊: 20.18 MB / 둴뺎띙귒: 64.00 MB
INFO:root:Valid loss: 1.8870, Valid Accuracy: 0.4358
INFO:root:No improvement in validation loss for 2 epochs.
INFO:root:after_valid:  epoch(batch)35:  CPU긽긾깏럊뾭쀊: 77.70%, 멣긽긾깏: 15.82 GB, 럊뾭뭷긽긾깏: 12.29 GB, 뗴궖긽긾깏: 3.53 GB
INFO:root:after_valid:  epoch(batch)35:  GPU긽긾깏럊뾭쀊: 19.18 MB / 둴뺎띙귒: 64.00 MB
INFO:root:train epoch: 36, Train loss: 1.4408, lr: 0.00100
INFO:root:train epoch: 37, Train loss: 1.4243, lr: 0.00100
INFO:root:train epoch: 38, Train loss: 1.3848, lr: 0.00100
INFO:root:train epoch: 39, Train loss: 1.3855, lr: 0.00100
INFO:root:train epoch: 40, Train loss: 1.3766, lr: 0.00100
INFO:root:epoch:40
INFO:root:before_valid:  epoch(batch)40:  CPU긽긾깏럊뾭쀊: 77.40%, 멣긽긾깏: 15.82 GB, 럊뾭뭷긽긾깏: 12.25 GB, 뗴궖긽긾깏: 3.57 GB
INFO:root:before_valid:  epoch(batch)40:  GPU긽긾깏럊뾭쀊: 19.18 MB / 둴뺎띙귒: 64.00 MB
INFO:root:Batch:0
INFO:root:test:  epoch(batch)0:  CPU긽긾깏럊뾭쀊: 77.40%, 멣긽긾깏: 15.82 GB, 럊뾭뭷긽긾깏: 12.25 GB, 뗴궖긽긾깏: 3.57 GB
INFO:root:test:  epoch(batch)0:  GPU긽긾깏럊뾭쀊: 20.18 MB / 둴뺎띙귒: 64.00 MB
INFO:root:Valid loss: 1.8563, Valid Accuracy: 0.4379
INFO:root:Validation loss improved to 1.8563.
INFO:root:after_valid:  epoch(batch)40:  CPU긽긾깏럊뾭쀊: 77.50%, 멣긽긾깏: 15.82 GB, 럊뾭뭷긽긾깏: 12.25 GB, 뗴궖긽긾깏: 3.57 GB
INFO:root:after_valid:  epoch(batch)40:  GPU긽긾깏럊뾭쀊: 19.18 MB / 둴뺎띙귒: 64.00 MB
INFO:root:train epoch: 41, Train loss: 1.3591, lr: 0.00100
INFO:root:train epoch: 42, Train loss: 1.3462, lr: 0.00100
INFO:root:train epoch: 43, Train loss: 1.3410, lr: 0.00100
INFO:root:train epoch: 44, Train loss: 1.3185, lr: 0.00100
INFO:root:train epoch: 45, Train loss: 1.3067, lr: 0.00100
INFO:root:epoch:45
INFO:root:before_valid:  epoch(batch)45:  CPU긽긾깏럊뾭쀊: 77.60%, 멣긽긾깏: 15.82 GB, 럊뾭뭷긽긾깏: 12.28 GB, 뗴궖긽긾깏: 3.54 GB
INFO:root:before_valid:  epoch(batch)45:  GPU긽긾깏럊뾭쀊: 19.18 MB / 둴뺎띙귒: 64.00 MB
INFO:root:Batch:0
INFO:root:test:  epoch(batch)0:  CPU긽긾깏럊뾭쀊: 77.70%, 멣긽긾깏: 15.82 GB, 럊뾭뭷긽긾깏: 12.29 GB, 뗴궖긽긾깏: 3.53 GB
INFO:root:test:  epoch(batch)0:  GPU긽긾깏럊뾭쀊: 20.18 MB / 둴뺎띙귒: 64.00 MB
INFO:root:Valid loss: 1.8150, Valid Accuracy: 0.4579
INFO:root:Validation loss improved to 1.8150.
INFO:root:after_valid:  epoch(batch)45:  CPU긽긾깏럊뾭쀊: 77.60%, 멣긽긾깏: 15.82 GB, 럊뾭뭷긽긾깏: 12.28 GB, 뗴궖긽긾깏: 3.54 GB
INFO:root:after_valid:  epoch(batch)45:  GPU긽긾깏럊뾭쀊: 19.18 MB / 둴뺎띙귒: 64.00 MB
INFO:root:train epoch: 46, Train loss: 1.2881, lr: 0.00100
INFO:root:train epoch: 47, Train loss: 1.2802, lr: 0.00100
INFO:root:train epoch: 48, Train loss: 1.2642, lr: 0.00100
INFO:root:train epoch: 49, Train loss: 1.2523, lr: 0.00100
INFO:root:train epoch: 50, Train loss: 1.2524, lr: 0.00100
INFO:root:epoch:50
INFO:root:before_valid:  epoch(batch)50:  CPU긽긾깏럊뾭쀊: 77.60%, 멣긽긾깏: 15.82 GB, 럊뾭뭷긽긾깏: 12.28 GB, 뗴궖긽긾깏: 3.54 GB
INFO:root:before_valid:  epoch(batch)50:  GPU긽긾깏럊뾭쀊: 19.18 MB / 둴뺎띙귒: 64.00 MB
INFO:root:Batch:0
INFO:root:test:  epoch(batch)0:  CPU긽긾깏럊뾭쀊: 77.70%, 멣긽긾깏: 15.82 GB, 럊뾭뭷긽긾깏: 12.28 GB, 뗴궖긽긾깏: 3.53 GB
INFO:root:test:  epoch(batch)0:  GPU긽긾깏럊뾭쀊: 20.18 MB / 둴뺎띙귒: 64.00 MB
INFO:root:Valid loss: 1.9080, Valid Accuracy: 0.4526
INFO:root:No improvement in validation loss for 1 epochs.
INFO:root:after_valid:  epoch(batch)50:  CPU긽긾깏럊뾭쀊: 77.70%, 멣긽긾깏: 15.82 GB, 럊뾭뭷긽긾깏: 12.29 GB, 뗴궖긽긾깏: 3.53 GB
INFO:root:after_valid:  epoch(batch)50:  GPU긽긾깏럊뾭쀊: 19.18 MB / 둴뺎띙귒: 64.00 MB
INFO:root:train epoch: 51, Train loss: 1.2234, lr: 0.00100
INFO:root:train epoch: 52, Train loss: 1.2128, lr: 0.00100
INFO:root:train epoch: 53, Train loss: 1.2118, lr: 0.00100
INFO:root:train epoch: 54, Train loss: 1.1946, lr: 0.00100
INFO:root:train epoch: 55, Train loss: 1.2010, lr: 0.00100
INFO:root:epoch:55
INFO:root:before_valid:  epoch(batch)55:  CPU긽긾깏럊뾭쀊: 77.80%, 멣긽긾깏: 15.82 GB, 럊뾭뭷긽긾깏: 12.31 GB, 뗴궖긽긾깏: 3.50 GB
INFO:root:before_valid:  epoch(batch)55:  GPU긽긾깏럊뾭쀊: 19.18 MB / 둴뺎띙귒: 64.00 MB
INFO:root:Batch:0
INFO:root:test:  epoch(batch)0:  CPU긽긾깏럊뾭쀊: 77.80%, 멣긽긾깏: 15.82 GB, 럊뾭뭷긽긾깏: 12.30 GB, 뗴궖긽긾깏: 3.52 GB
INFO:root:test:  epoch(batch)0:  GPU긽긾깏럊뾭쀊: 20.18 MB / 둴뺎띙귒: 64.00 MB
INFO:root:Valid loss: 1.8583, Valid Accuracy: 0.4642
INFO:root:No improvement in validation loss for 2 epochs.
INFO:root:after_valid:  epoch(batch)55:  CPU긽긾깏럊뾭쀊: 77.70%, 멣긽긾깏: 15.82 GB, 럊뾭뭷긽긾깏: 12.30 GB, 뗴궖긽긾깏: 3.52 GB
INFO:root:after_valid:  epoch(batch)55:  GPU긽긾깏럊뾭쀊: 19.18 MB / 둴뺎띙귒: 64.00 MB
INFO:root:train epoch: 56, Train loss: 1.1741, lr: 0.00100
INFO:root:train epoch: 57, Train loss: 1.1659, lr: 0.00100
INFO:root:train epoch: 58, Train loss: 1.1550, lr: 0.00100
INFO:root:train epoch: 59, Train loss: 1.1548, lr: 0.00100
INFO:root:Batch:0
INFO:root:test:  epoch(batch)0:  CPU긽긾깏럊뾭쀊: 77.50%, 멣긽긾깏: 15.82 GB, 럊뾭뭷긽긾깏: 12.26 GB, 뗴궖긽긾깏: 3.55 GB
INFO:root:test:  epoch(batch)0:  GPU긽긾깏럊뾭쀊: 20.18 MB / 둴뺎띙귒: 64.00 MB
INFO:root:Test loss: 1.8166, Accuracy: 0.4963, Spearman score: 1.0000, Precision top Attn80% score: 1.0000
INFO:root:amount of pair:243456
INFO:root:Time: 6808.2892 seconds
