INFO:root:train epoch: 0, Train loss: 3.6324, lr: 0.00010
INFO:root:epoch:0
INFO:root:before_valid:  epoch(batch)0:  CPUメモリ使用量: 60.70%, 全メモリ: 15.82 GB, 使用中メモリ: 9.60 GB, 空きメモリ: 6.22 GB
INFO:root:before_valid:  epoch(batch)0:  GPUメモリ使用量: 18.16 MB / 確保済み: 52.00 MB
INFO:root:Batch:0
INFO:root:test:  epoch(batch)0:  CPUメモリ使用量: 60.70%, 全メモリ: 15.82 GB, 使用中メモリ: 9.60 GB, 空きメモリ: 6.22 GB
INFO:root:test:  epoch(batch)0:  GPUメモリ使用量: 18.41 MB / 確保済み: 52.00 MB
INFO:root:Valid loss: 3.4904, Valid Accuracy: 0.0602
INFO:root:Validation loss improved to 3.4904.
INFO:root:after_valid:  epoch(batch)0:  CPUメモリ使用量: 62.90%, 全メモリ: 15.82 GB, 使用中メモリ: 9.96 GB, 空きメモリ: 5.86 GB
INFO:root:after_valid:  epoch(batch)0:  GPUメモリ使用量: 18.16 MB / 確保済み: 52.00 MB
INFO:root:train epoch: 1, Train loss: 3.3500, lr: 0.00010
INFO:root:train epoch: 2, Train loss: 3.1707, lr: 0.00010
INFO:root:train epoch: 3, Train loss: 2.9336, lr: 0.00010
INFO:root:train epoch: 4, Train loss: 2.7244, lr: 0.00010
INFO:root:train epoch: 5, Train loss: 2.5451, lr: 0.00010
INFO:root:epoch:5
INFO:root:before_valid:  epoch(batch)5:  CPUメモリ使用量: 62.90%, 全メモリ: 15.82 GB, 使用中メモリ: 9.95 GB, 空きメモリ: 5.87 GB
INFO:root:before_valid:  epoch(batch)5:  GPUメモリ使用量: 18.16 MB / 確保済み: 50.00 MB
INFO:root:Batch:0
INFO:root:test:  epoch(batch)0:  CPUメモリ使用量: 62.90%, 全メモリ: 15.82 GB, 使用中メモリ: 9.95 GB, 空きメモリ: 5.87 GB
INFO:root:test:  epoch(batch)0:  GPUメモリ使用量: 18.41 MB / 確保済み: 50.00 MB
INFO:root:Valid loss: 2.5254, Valid Accuracy: 0.2590
INFO:root:Validation loss improved to 2.5254.
INFO:root:after_valid:  epoch(batch)5:  CPUメモリ使用量: 62.80%, 全メモリ: 15.82 GB, 使用中メモリ: 9.94 GB, 空きメモリ: 5.88 GB
INFO:root:after_valid:  epoch(batch)5:  GPUメモリ使用量: 18.16 MB / 確保済み: 50.00 MB
INFO:root:train epoch: 6, Train loss: 2.3905, lr: 0.00010
INFO:root:train epoch: 7, Train loss: 2.2204, lr: 0.00010
INFO:root:train epoch: 8, Train loss: 2.1077, lr: 0.00010
INFO:root:train epoch: 9, Train loss: 1.9964, lr: 0.00010
INFO:root:train epoch: 10, Train loss: 1.8505, lr: 0.00001
INFO:root:epoch:10
INFO:root:before_valid:  epoch(batch)10:  CPUメモリ使用量: 61.30%, 全メモリ: 15.82 GB, 使用中メモリ: 9.69 GB, 空きメモリ: 6.13 GB
INFO:root:before_valid:  epoch(batch)10:  GPUメモリ使用量: 18.16 MB / 確保済み: 52.00 MB
INFO:root:Batch:0
INFO:root:test:  epoch(batch)0:  CPUメモリ使用量: 61.30%, 全メモリ: 15.82 GB, 使用中メモリ: 9.69 GB, 空きメモリ: 6.13 GB
INFO:root:test:  epoch(batch)0:  GPUメモリ使用量: 18.41 MB / 確保済み: 52.00 MB
INFO:root:Valid loss: 1.9195, Valid Accuracy: 0.3845
INFO:root:Validation loss improved to 1.9195.
INFO:root:after_valid:  epoch(batch)10:  CPUメモリ使用量: 61.40%, 全メモリ: 15.82 GB, 使用中メモリ: 9.72 GB, 空きメモリ: 6.10 GB
INFO:root:after_valid:  epoch(batch)10:  GPUメモリ使用量: 18.16 MB / 確保済み: 52.00 MB
INFO:root:train epoch: 11, Train loss: 1.8251, lr: 0.00001
INFO:root:train epoch: 12, Train loss: 1.8086, lr: 0.00001
INFO:root:train epoch: 13, Train loss: 1.7949, lr: 0.00001
INFO:root:train epoch: 14, Train loss: 1.7829, lr: 0.00001
INFO:root:train epoch: 15, Train loss: 1.7713, lr: 0.00001
INFO:root:epoch:15
INFO:root:before_valid:  epoch(batch)15:  CPUメモリ使用量: 61.10%, 全メモリ: 15.82 GB, 使用中メモリ: 9.67 GB, 空きメモリ: 6.15 GB
INFO:root:before_valid:  epoch(batch)15:  GPUメモリ使用量: 18.16 MB / 確保済み: 50.00 MB
INFO:root:Batch:0
INFO:root:test:  epoch(batch)0:  CPUメモリ使用量: 61.10%, 全メモリ: 15.82 GB, 使用中メモリ: 9.67 GB, 空きメモリ: 6.15 GB
INFO:root:test:  epoch(batch)0:  GPUメモリ使用量: 18.41 MB / 確保済み: 50.00 MB
INFO:root:Valid loss: 1.8682, Valid Accuracy: 0.4086
INFO:root:Validation loss improved to 1.8682.
INFO:root:after_valid:  epoch(batch)15:  CPUメモリ使用量: 61.10%, 全メモリ: 15.82 GB, 使用中メモリ: 9.67 GB, 空きメモリ: 6.15 GB
INFO:root:after_valid:  epoch(batch)15:  GPUメモリ使用量: 18.16 MB / 確保済み: 50.00 MB
INFO:root:train epoch: 16, Train loss: 1.7571, lr: 0.00001
INFO:root:train epoch: 17, Train loss: 1.7482, lr: 0.00001
INFO:root:train epoch: 18, Train loss: 1.7343, lr: 0.00001
INFO:root:train epoch: 19, Train loss: 1.7260, lr: 0.00001
INFO:root:train epoch: 20, Train loss: 1.7144, lr: 0.00001
INFO:root:epoch:20
INFO:root:before_valid:  epoch(batch)20:  CPUメモリ使用量: 61.20%, 全メモリ: 15.82 GB, 使用中メモリ: 9.68 GB, 空きメモリ: 6.14 GB
INFO:root:before_valid:  epoch(batch)20:  GPUメモリ使用量: 18.16 MB / 確保済み: 52.00 MB
INFO:root:Batch:0
INFO:root:test:  epoch(batch)0:  CPUメモリ使用量: 61.20%, 全メモリ: 15.82 GB, 使用中メモリ: 9.68 GB, 空きメモリ: 6.14 GB
INFO:root:test:  epoch(batch)0:  GPUメモリ使用量: 18.41 MB / 確保済み: 52.00 MB
INFO:root:Valid loss: 1.8287, Valid Accuracy: 0.4137
INFO:root:Validation loss improved to 1.8287.
INFO:root:after_valid:  epoch(batch)20:  CPUメモリ使用量: 61.20%, 全メモリ: 15.82 GB, 使用中メモリ: 9.68 GB, 空きメモリ: 6.14 GB
INFO:root:after_valid:  epoch(batch)20:  GPUメモリ使用量: 18.16 MB / 確保済み: 52.00 MB
INFO:root:train epoch: 21, Train loss: 1.7028, lr: 0.00001
INFO:root:train epoch: 22, Train loss: 1.6950, lr: 0.00001
INFO:root:train epoch: 23, Train loss: 1.6850, lr: 0.00001
INFO:root:train epoch: 24, Train loss: 1.6739, lr: 0.00001
INFO:root:train epoch: 25, Train loss: 1.6634, lr: 0.00001
INFO:root:epoch:25
INFO:root:before_valid:  epoch(batch)25:  CPUメモリ使用量: 61.20%, 全メモリ: 15.82 GB, 使用中メモリ: 9.68 GB, 空きメモリ: 6.14 GB
INFO:root:before_valid:  epoch(batch)25:  GPUメモリ使用量: 18.16 MB / 確保済み: 50.00 MB
INFO:root:Batch:0
INFO:root:test:  epoch(batch)0:  CPUメモリ使用量: 61.20%, 全メモリ: 15.82 GB, 使用中メモリ: 9.68 GB, 空きメモリ: 6.13 GB
INFO:root:test:  epoch(batch)0:  GPUメモリ使用量: 18.41 MB / 確保済み: 50.00 MB
INFO:root:Valid loss: 1.8030, Valid Accuracy: 0.4157
INFO:root:Validation loss improved to 1.8030.
INFO:root:after_valid:  epoch(batch)25:  CPUメモリ使用量: 61.20%, 全メモリ: 15.82 GB, 使用中メモリ: 9.68 GB, 空きメモリ: 6.14 GB
INFO:root:after_valid:  epoch(batch)25:  GPUメモリ使用量: 18.16 MB / 確保済み: 50.00 MB
INFO:root:train epoch: 26, Train loss: 1.6544, lr: 0.00001
INFO:root:train epoch: 27, Train loss: 1.6472, lr: 0.00001
INFO:root:train epoch: 28, Train loss: 1.6352, lr: 0.00001
INFO:root:train epoch: 29, Train loss: 1.6277, lr: 0.00001
INFO:root:Batch:0
INFO:root:test:  epoch(batch)0:  CPUメモリ使用量: 61.00%, 全メモリ: 15.82 GB, 使用中メモリ: 9.64 GB, 空きメモリ: 6.17 GB
INFO:root:test:  epoch(batch)0:  GPUメモリ使用量: 18.41 MB / 確保済み: 50.00 MB
INFO:root:Test loss: 1.7133, Accuracy: 0.4674
INFO:root:Time: 2006.9768 seconds
