Experiment       : NYU_ARfusion_alearn_blearn_lr1e-3
LR schedule      : default (lr=0.001)
Checkpoint       : model_16.pt
Learnable α/β    : True
Device           : cuda
Batch size       : 16
Seed             : 42
Test samples     : 5069
---
before_inference: CPU 94.4%  |  Used 14.93 GB / Total 15.82 GB  |  Avail 0.89 GB
before_inference: GPU allocated 12.13 MB  |  reserved 24.00 MB
batch 0/317: CPU 94.5%  |  Used 14.94 GB / Total 15.82 GB  |  Avail 0.88 GB
batch 0/317: GPU allocated 21.01 MB  |  reserved 48.00 MB
  elapsed 0.06s  |  this batch 10.8ms
batch 100/317: CPU 91.2%  |  Used 14.43 GB / Total 15.82 GB  |  Avail 1.39 GB
batch 100/317: GPU allocated 59.10 MB  |  reserved 88.00 MB
  elapsed 12.27s  |  this batch 18.4ms
batch 200/317: CPU 92.7%  |  Used 14.66 GB / Total 15.82 GB  |  Avail 1.16 GB
batch 200/317: GPU allocated 97.19 MB  |  reserved 128.00 MB
  elapsed 24.83s  |  this batch 17.4ms
batch 300/317: CPU 94.2%  |  Used 14.90 GB / Total 15.82 GB  |  Avail 0.91 GB
batch 300/317: GPU allocated 135.27 MB  |  reserved 168.00 MB
  elapsed 37.56s  |  this batch 17.6ms
after_inference: CPU 94.5%  |  Used 14.95 GB / Total 15.82 GB  |  Avail 0.87 GB
after_inference: GPU allocated 132.79 MB  |  reserved 156.00 MB
--- Results ---
Total time       : 39.6682 s
Per-sample time  : 7.8257 ms
Per-batch time   : 125.1364 ms
Throughput       : 127.78 samples/s
Accuracy         : 0.9933
Average loss     : 0.0275
CMI              : 0.0491
